<?xml version="1.0" encoding="UTF-8"?>
<coverage generated="1501358451063" clover="3.2.0">
  <project timestamp="1501358451063" name="All files">
    <metrics statements="118" coveredstatements="107" conditionals="54" coveredconditionals="38" methods="33" coveredmethods="28" elements="205" coveredelements="173" complexity="0" loc="118" ncloc="118" packages="9" files="12" classes="12">
      <package name="src">
        <metrics statements="5" coveredstatements="5" conditionals="2" coveredconditionals="2" methods="3" coveredmethods="3"/>
        <file name="dataUtils.js" path="/Users/nick/develop/plasma/src/dataUtils.js">
          <metrics statements="5" coveredstatements="5" conditionals="2" coveredconditionals="2" methods="3" coveredmethods="3"/>
          <line num="4" count="5" type="stmt"/>
          <line num="5" count="27" type="cond" truecount="2" falsecount="0"/>
          <line num="6" count="1" type="stmt"/>
          <line num="9" count="5" type="stmt"/>
          <line num="10" count="8" type="stmt"/>
        </file>
      </package>
      <package name="src.components.Button">
        <metrics statements="15" coveredstatements="15" conditionals="10" coveredconditionals="10" methods="1" coveredmethods="1"/>
        <file name="Button.jsx" path="/Users/nick/develop/plasma/src/components/Button/Button.jsx">
          <metrics statements="15" coveredstatements="15" conditionals="10" coveredconditionals="10" methods="1" coveredmethods="1"/>
          <line num="11" count="1" type="stmt"/>
          <line num="12" count="1" type="stmt"/>
          <line num="17" count="12" type="stmt"/>
          <line num="27" count="12" type="cond" truecount="2" falsecount="0"/>
          <line num="31" count="2" type="stmt"/>
          <line num="35" count="12" type="cond" truecount="2" falsecount="0"/>
          <line num="36" count="1" type="stmt"/>
          <line num="38" count="11" type="cond" truecount="2" falsecount="0"/>
          <line num="41" count="12" type="stmt"/>
          <line num="42" count="12" type="cond" truecount="2" falsecount="0"/>
          <line num="43" count="1" type="stmt"/>
          <line num="46" count="12" type="stmt"/>
          <line num="61" count="1" type="stmt"/>
          <line num="67" count="1" type="stmt"/>
          <line num="83" count="1" type="stmt"/>
        </file>
      </package>
      <package name="src.components.Card">
        <metrics statements="29" coveredstatements="27" conditionals="15" coveredconditionals="13" methods="7" coveredmethods="7"/>
        <file name="Card.jsx" path="/Users/nick/develop/plasma/src/components/Card/Card.jsx">
          <metrics statements="29" coveredstatements="27" conditionals="15" coveredconditionals="13" methods="7" coveredmethods="7"/>
          <line num="13" count="1" type="stmt"/>
          <line num="17" count="1" type="stmt"/>
          <line num="22" count="7" type="stmt"/>
          <line num="23" count="7" type="stmt"/>
          <line num="30" count="2" type="cond" truecount="2" falsecount="0"/>
          <line num="31" count="1" type="stmt"/>
          <line num="32" count="1" type="stmt"/>
          <line num="33" count="1" type="stmt"/>
          <line num="34" count="1" type="stmt"/>
          <line num="35" count="1" type="stmt"/>
          <line num="37" count="2" type="stmt"/>
          <line num="53" count="9" type="stmt"/>
          <line num="55" count="9" type="stmt"/>
          <line num="61" count="9" type="stmt"/>
          <line num="62" count="9" type="stmt"/>
          <line num="64" count="9" type="cond" truecount="2" falsecount="0"/>
          <line num="65" count="2" type="cond" truecount="1" falsecount="1"/>
          <line num="66" count="0" type="stmt"/>
          <line num="67" count="0" type="stmt"/>
          <line num="69" count="2" type="stmt"/>
          <line num="70" count="2" type="stmt"/>
          <line num="74" count="9" type="stmt"/>
          <line num="76" count="6" type="stmt"/>
          <line num="92" count="2" type="stmt"/>
          <line num="98" count="6" type="stmt"/>
          <line num="106" count="3" type="stmt"/>
          <line num="119" count="1" type="stmt"/>
          <line num="121" count="1" type="stmt"/>
          <line num="134" count="1" type="stmt"/>
        </file>
      </package>
      <package name="src.components.Checkbox">
        <metrics statements="7" coveredstatements="7" conditionals="4" coveredconditionals="3" methods="1" coveredmethods="1"/>
        <file name="Checkbox.jsx" path="/Users/nick/develop/plasma/src/components/Checkbox/Checkbox.jsx">
          <metrics statements="7" coveredstatements="7" conditionals="4" coveredconditionals="3" methods="1" coveredmethods="1"/>
          <line num="22" count="1" type="stmt"/>
          <line num="23" count="1" type="stmt"/>
          <line num="24" count="1" type="cond" truecount="1" falsecount="1"/>
          <line num="26" count="1" type="stmt"/>
          <line num="50" count="1" type="stmt"/>
          <line num="58" count="1" type="stmt"/>
          <line num="73" count="1" type="stmt"/>
        </file>
      </package>
      <package name="src.components.Header">
        <metrics statements="5" coveredstatements="3" conditionals="4" coveredconditionals="0" methods="1" coveredmethods="0"/>
        <file name="Header.jsx" path="/Users/nick/develop/plasma/src/components/Header/Header.jsx">
          <metrics statements="5" coveredstatements="3" conditionals="4" coveredconditionals="0" methods="1" coveredmethods="0"/>
          <line num="12" count="0" type="stmt"/>
          <line num="23" count="0" type="stmt"/>
          <line num="39" count="1" type="stmt"/>
          <line num="55" count="1" type="stmt"/>
          <line num="57" count="1" type="stmt"/>
        </file>
      </package>
      <package name="src.components.Icon">
        <metrics statements="5" coveredstatements="5" conditionals="0" coveredconditionals="0" methods="1" coveredmethods="1"/>
        <file name="Icon.jsx" path="/Users/nick/develop/plasma/src/components/Icon/Icon.jsx">
          <metrics statements="5" coveredstatements="5" conditionals="0" coveredconditionals="0" methods="1" coveredmethods="1"/>
          <line num="9" count="1" type="stmt"/>
          <line num="10" count="2" type="stmt"/>
          <line num="20" count="1" type="stmt"/>
          <line num="26" count="1" type="stmt"/>
          <line num="31" count="1" type="stmt"/>
        </file>
      </package>
      <package name="src.components.Loader">
        <metrics statements="4" coveredstatements="4" conditionals="0" coveredconditionals="0" methods="1" coveredmethods="1"/>
        <file name="Loader.jsx" path="/Users/nick/develop/plasma/src/components/Loader/Loader.jsx">
          <metrics statements="4" coveredstatements="4" conditionals="0" coveredconditionals="0" methods="1" coveredmethods="1"/>
          <line num="11" count="1" type="stmt"/>
          <line num="38" count="2" type="stmt"/>
          <line num="40" count="2" type="stmt"/>
          <line num="46" count="2" type="stmt"/>
        </file>
      </package>
      <package name="src.components.SideNavBar">
        <metrics statements="37" coveredstatements="30" conditionals="19" coveredconditionals="10" methods="15" coveredmethods="11"/>
        <file name="SideNavBar.jsx" path="/Users/nick/develop/plasma/src/components/SideNavBar/SideNavBar.jsx">
          <metrics statements="6" coveredstatements="5" conditionals="4" coveredconditionals="2" methods="4" coveredmethods="3"/>
          <line num="14" count="0" type="cond" truecount="0" falsecount="2"/>
          <line num="18" count="2" type="cond" truecount="2" falsecount="0"/>
          <line num="19" count="6" type="stmt"/>
          <line num="32" count="2" type="stmt"/>
          <line num="50" count="1" type="stmt"/>
          <line num="65" count="1" type="stmt"/>
        </file>
        <file name="SideNavBarItem.jsx" path="/Users/nick/develop/plasma/src/components/SideNavBar/SideNavBarItem.jsx">
          <metrics statements="12" coveredstatements="10" conditionals="2" coveredconditionals="1" methods="3" coveredmethods="2"/>
          <line num="9" count="0" type="stmt"/>
          <line num="13" count="6" type="stmt"/>
          <line num="15" count="6" type="stmt"/>
          <line num="23" count="6" type="stmt"/>
          <line num="25" count="6" type="stmt"/>
          <line num="32" count="6" type="cond" truecount="1" falsecount="1"/>
          <line num="33" count="0" type="stmt"/>
          <line num="41" count="6" type="stmt"/>
          <line num="51" count="6" type="stmt"/>
          <line num="55" count="1" type="stmt"/>
          <line num="61" count="1" type="stmt"/>
          <line num="81" count="1" type="stmt"/>
        </file>
        <file name="SideNavBarItemGroup.jsx" path="/Users/nick/develop/plasma/src/components/SideNavBar/SideNavBarItemGroup.jsx">
          <metrics statements="16" coveredstatements="12" conditionals="13" coveredconditionals="7" methods="7" coveredmethods="5"/>
          <line num="10" count="0" type="cond" truecount="0" falsecount="4"/>
          <line num="11" count="0" type="stmt"/>
          <line num="13" count="0" type="stmt"/>
          <line num="18" count="0" type="stmt"/>
          <line num="22" count="6" type="stmt"/>
          <line num="23" count="6" type="cond" truecount="2" falsecount="0"/>
          <line num="24" count="2" type="stmt"/>
          <line num="27" count="4" type="cond" truecount="1" falsecount="2"/>
          <line num="40" count="4" type="stmt"/>
          <line num="56" count="6" type="cond" truecount="2" falsecount="0"/>
          <line num="57" count="6" type="cond" truecount="2" falsecount="0"/>
          <line num="68" count="6" type="stmt"/>
          <line num="72" count="6" type="stmt"/>
          <line num="85" count="1" type="stmt"/>
          <line num="90" count="1" type="stmt"/>
          <line num="109" count="1" type="stmt"/>
        </file>
        <file name="SideNavBarTop.jsx" path="/Users/nick/develop/plasma/src/components/SideNavBar/SideNavBarTop.jsx">
          <metrics statements="3" coveredstatements="3" conditionals="0" coveredconditionals="0" methods="1" coveredmethods="1"/>
          <line num="7" count="1" type="stmt"/>
          <line num="8" count="2" type="stmt"/>
          <line num="28" count="1" type="stmt"/>
        </file>
      </package>
      <package name="src.tests">
        <metrics statements="11" coveredstatements="11" conditionals="0" coveredconditionals="0" methods="3" coveredmethods="3"/>
        <file name="setup.js" path="/Users/nick/develop/plasma/src/tests/setup.js">
          <metrics statements="11" coveredstatements="11" conditionals="0" coveredconditionals="0" methods="3" coveredmethods="3"/>
          <line num="1" count="5" type="stmt"/>
          <line num="3" count="5" type="stmt"/>
          <line num="4" count="5" type="stmt"/>
          <line num="7" count="5" type="stmt"/>
          <line num="8" count="1070" type="stmt"/>
          <line num="9" count="15" type="stmt"/>
          <line num="10" count="5" type="stmt"/>
          <line num="13" count="5" type="stmt"/>
          <line num="14" count="5" type="stmt"/>
          <line num="15" count="5" type="stmt"/>
          <line num="18" count="5" type="stmt"/>
        </file>
      </package>
    </metrics>
  </project>
</coverage>
