<?xml version="1.0" encoding="UTF-8"?>
<coverage generated="1501369988337" clover="3.2.0">
  <project timestamp="1501369988337" name="All files">
    <metrics statements="357" coveredstatements="283" conditionals="163" coveredconditionals="90" methods="104" coveredmethods="78" elements="624" coveredelements="451" complexity="0" loc="357" ncloc="357" packages="22" files="27" classes="27">
      <package name="src">
        <metrics statements="5" coveredstatements="5" conditionals="2" coveredconditionals="2" methods="3" coveredmethods="3"/>
        <file name="dataUtils.js" path="/Users/nick/develop/plasma/src/dataUtils.js">
          <metrics statements="5" coveredstatements="5" conditionals="2" coveredconditionals="2" methods="3" coveredmethods="3"/>
          <line num="4" count="20" type="stmt"/>
          <line num="5" count="45" type="cond" truecount="2" falsecount="0"/>
          <line num="6" count="1" type="stmt"/>
          <line num="9" count="20" type="stmt"/>
          <line num="10" count="22" type="stmt"/>
        </file>
      </package>
      <package name="src.components.Header">
        <metrics statements="5" coveredstatements="5" conditionals="4" coveredconditionals="3" methods="1" coveredmethods="1"/>
        <file name="Header.jsx" path="/Users/nick/develop/plasma/src/components/Header/Header.jsx">
          <metrics statements="5" coveredstatements="5" conditionals="4" coveredconditionals="3" methods="1" coveredmethods="1"/>
          <line num="12" count="1" type="stmt"/>
          <line num="23" count="1" type="stmt"/>
          <line num="39" count="2" type="stmt"/>
          <line num="55" count="2" type="stmt"/>
          <line num="57" count="2" type="stmt"/>
        </file>
      </package>
      <package name="src.components.Icon">
        <metrics statements="5" coveredstatements="5" conditionals="0" coveredconditionals="0" methods="1" coveredmethods="1"/>
        <file name="Icon.jsx" path="/Users/nick/develop/plasma/src/components/Icon/Icon.jsx">
          <metrics statements="5" coveredstatements="5" conditionals="0" coveredconditionals="0" methods="1" coveredmethods="1"/>
          <line num="9" count="2" type="stmt"/>
          <line num="10" count="4" type="stmt"/>
          <line num="20" count="2" type="stmt"/>
          <line num="26" count="2" type="stmt"/>
          <line num="31" count="2" type="stmt"/>
        </file>
      </package>
      <package name="src.components.Image">
        <metrics statements="4" coveredstatements="4" conditionals="0" coveredconditionals="0" methods="1" coveredmethods="1"/>
        <file name="Image.jsx" path="/Users/nick/develop/plasma/src/components/Image/Image.jsx">
          <metrics statements="4" coveredstatements="4" conditionals="0" coveredconditionals="0" methods="1" coveredmethods="1"/>
          <line num="11" count="1" type="stmt"/>
          <line num="27" count="1" type="stmt"/>
          <line num="33" count="1" type="stmt"/>
          <line num="41" count="1" type="stmt"/>
        </file>
      </package>
      <package name="src.components.Label">
        <metrics statements="7" coveredstatements="7" conditionals="2" coveredconditionals="2" methods="1" coveredmethods="1"/>
        <file name="Label.jsx" path="/Users/nick/develop/plasma/src/components/Label/Label.jsx">
          <metrics statements="7" coveredstatements="7" conditionals="2" coveredconditionals="2" methods="1" coveredmethods="1"/>
          <line num="10" count="1" type="stmt"/>
          <line num="16" count="1" type="stmt"/>
          <line num="24" count="1" type="stmt"/>
          <line num="28" count="1" type="stmt"/>
          <line num="38" count="1" type="stmt"/>
          <line num="45" count="1" type="stmt"/>
          <line num="49" count="1" type="stmt"/>
        </file>
      </package>
      <package name="src.components.Modal">
        <metrics statements="8" coveredstatements="7" conditionals="6" coveredconditionals="1" methods="1" coveredmethods="1"/>
        <file name="Modal.jsx" path="/Users/nick/develop/plasma/src/components/Modal/Modal.jsx">
          <metrics statements="8" coveredstatements="7" conditionals="6" coveredconditionals="1" methods="1" coveredmethods="1"/>
          <line num="12" count="1" type="stmt"/>
          <line num="20" count="1" type="stmt"/>
          <line num="21" count="1" type="cond" truecount="1" falsecount="1"/>
          <line num="22" count="0" type="stmt"/>
          <line num="56" count="1" type="stmt"/>
          <line num="60" count="1" type="stmt"/>
          <line num="62" count="1" type="stmt"/>
          <line num="73" count="1" type="stmt"/>
        </file>
      </package>
      <package name="src.components.NumberInput">
        <metrics statements="15" coveredstatements="8" conditionals="14" coveredconditionals="0" methods="5" coveredmethods="2"/>
        <file name="NumberInput.jsx" path="/Users/nick/develop/plasma/src/components/NumberInput/NumberInput.jsx">
          <metrics statements="15" coveredstatements="8" conditionals="14" coveredconditionals="0" methods="5" coveredmethods="2"/>
          <line num="13" count="1" type="stmt"/>
          <line num="14" count="1" type="stmt"/>
          <line num="15" count="1" type="stmt"/>
          <line num="16" count="1" type="stmt"/>
          <line num="20" count="0" type="cond" truecount="0" falsecount="4"/>
          <line num="22" count="0" type="stmt"/>
          <line num="27" count="0" type="cond" truecount="0" falsecount="4"/>
          <line num="29" count="0" type="stmt"/>
          <line num="34" count="0" type="stmt"/>
          <line num="35" count="0" type="cond" truecount="0" falsecount="2"/>
          <line num="39" count="0" type="stmt"/>
          <line num="44" count="1" type="stmt"/>
          <line num="71" count="1" type="stmt"/>
          <line num="83" count="1" type="stmt"/>
          <line num="88" count="1" type="stmt"/>
        </file>
      </package>
      <package name="src.components.OverflowMenu">
        <metrics statements="21" coveredstatements="14" conditionals="2" coveredconditionals="2" methods="10" coveredmethods="4"/>
        <file name="OverflowMenu.jsx" path="/Users/nick/develop/plasma/src/components/OverflowMenu/OverflowMenu.jsx">
          <metrics statements="16" coveredstatements="11" conditionals="2" coveredconditionals="2" methods="8" coveredmethods="4"/>
          <line num="12" count="1" type="stmt"/>
          <line num="17" count="1" type="stmt"/>
          <line num="18" count="1" type="stmt"/>
          <line num="24" count="0" type="stmt"/>
          <line num="28" count="0" type="stmt"/>
          <line num="32" count="0" type="stmt"/>
          <line num="33" count="0" type="stmt"/>
          <line num="37" count="1" type="stmt"/>
          <line num="40" count="1" type="stmt"/>
          <line num="44" count="1" type="stmt"/>
          <line num="52" count="1" type="stmt"/>
          <line num="58" count="1" type="stmt"/>
          <line num="70" count="0" type="stmt"/>
          <line num="86" count="1" type="stmt"/>
          <line num="91" count="1" type="stmt"/>
          <line num="101" count="1" type="stmt"/>
        </file>
        <file name="OverflowMenuItem.jsx" path="/Users/nick/develop/plasma/src/components/OverflowMenu/OverflowMenuItem.jsx">
          <metrics statements="5" coveredstatements="3" conditionals="0" coveredconditionals="0" methods="2" coveredmethods="0"/>
          <line num="5" count="1" type="stmt"/>
          <line num="6" count="0" type="stmt"/>
          <line num="9" count="0" type="stmt"/>
          <line num="16" count="1" type="stmt"/>
          <line num="22" count="1" type="stmt"/>
        </file>
      </package>
      <package name="src.components.RadioButton">
        <metrics statements="6" coveredstatements="6" conditionals="2" coveredconditionals="2" methods="1" coveredmethods="1"/>
        <file name="RadioButton.jsx" path="/Users/nick/develop/plasma/src/components/RadioButton/RadioButton.jsx">
          <metrics statements="6" coveredstatements="6" conditionals="2" coveredconditionals="2" methods="1" coveredmethods="1"/>
          <line num="13" count="2" type="stmt"/>
          <line num="14" count="2" type="stmt"/>
          <line num="18" count="2" type="stmt"/>
          <line num="46" count="1" type="stmt"/>
          <line num="51" count="1" type="stmt"/>
          <line num="61" count="1" type="stmt"/>
        </file>
      </package>
      <package name="src.components.Rule">
        <metrics statements="6" coveredstatements="6" conditionals="0" coveredconditionals="0" methods="1" coveredmethods="1"/>
        <file name="Rule.jsx" path="/Users/nick/develop/plasma/src/components/Rule/Rule.jsx">
          <metrics statements="6" coveredstatements="6" conditionals="0" coveredconditionals="0" methods="1" coveredmethods="1"/>
          <line num="10" count="1" type="stmt"/>
          <line num="14" count="1" type="stmt"/>
          <line num="19" count="1" type="stmt"/>
          <line num="28" count="1" type="stmt"/>
          <line num="32" count="1" type="stmt"/>
          <line num="37" count="1" type="stmt"/>
        </file>
      </package>
      <package name="src.components.Search">
        <metrics statements="19" coveredstatements="16" conditionals="10" coveredconditionals="6" methods="5" coveredmethods="4"/>
        <file name="Search.jsx" path="/Users/nick/develop/plasma/src/components/Search/Search.jsx">
          <metrics statements="19" coveredstatements="16" conditionals="10" coveredconditionals="6" methods="5" coveredmethods="4"/>
          <line num="11" count="3" type="stmt"/>
          <line num="12" count="3" type="stmt"/>
          <line num="13" count="3" type="stmt"/>
          <line num="14" count="3" type="stmt"/>
          <line num="20" count="0" type="stmt"/>
          <line num="22" count="0" type="cond" truecount="0" falsecount="2"/>
          <line num="23" count="0" type="stmt"/>
          <line num="28" count="1" type="stmt"/>
          <line num="30" count="1" type="stmt"/>
          <line num="32" count="1" type="stmt"/>
          <line num="36" count="1" type="stmt"/>
          <line num="38" count="1" type="stmt"/>
          <line num="40" count="1" type="cond" truecount="1" falsecount="1"/>
          <line num="41" count="1" type="stmt"/>
          <line num="53" count="6" type="stmt"/>
          <line num="55" count="6" type="stmt"/>
          <line num="93" count="1" type="stmt"/>
          <line num="97" count="1" type="stmt"/>
          <line num="110" count="1" type="stmt"/>
        </file>
      </package>
      <package name="src.components.SegmentedCard">
        <metrics statements="5" coveredstatements="5" conditionals="0" coveredconditionals="0" methods="1" coveredmethods="1"/>
        <file name="SegmentedCard.jsx" path="/Users/nick/develop/plasma/src/components/SegmentedCard/SegmentedCard.jsx">
          <metrics statements="5" coveredstatements="5" conditionals="0" coveredconditionals="0" methods="1" coveredmethods="1"/>
          <line num="12" count="1" type="stmt"/>
          <line num="16" count="1" type="stmt"/>
          <line num="33" count="1" type="stmt"/>
          <line num="38" count="1" type="stmt"/>
          <line num="45" count="1" type="stmt"/>
        </file>
      </package>
      <package name="src.components.SideNavBar">
        <metrics statements="37" coveredstatements="30" conditionals="19" coveredconditionals="10" methods="15" coveredmethods="11"/>
        <file name="SideNavBar.jsx" path="/Users/nick/develop/plasma/src/components/SideNavBar/SideNavBar.jsx">
          <metrics statements="6" coveredstatements="5" conditionals="4" coveredconditionals="2" methods="4" coveredmethods="3"/>
          <line num="14" count="0" type="cond" truecount="0" falsecount="2"/>
          <line num="18" count="3" type="cond" truecount="2" falsecount="0"/>
          <line num="19" count="9" type="stmt"/>
          <line num="32" count="3" type="stmt"/>
          <line num="50" count="1" type="stmt"/>
          <line num="65" count="1" type="stmt"/>
        </file>
        <file name="SideNavBarItem.jsx" path="/Users/nick/develop/plasma/src/components/SideNavBar/SideNavBarItem.jsx">
          <metrics statements="12" coveredstatements="10" conditionals="2" coveredconditionals="1" methods="3" coveredmethods="2"/>
          <line num="9" count="0" type="stmt"/>
          <line num="13" count="6" type="stmt"/>
          <line num="15" count="6" type="stmt"/>
          <line num="23" count="6" type="stmt"/>
          <line num="25" count="6" type="stmt"/>
          <line num="32" count="6" type="cond" truecount="1" falsecount="1"/>
          <line num="33" count="0" type="stmt"/>
          <line num="41" count="6" type="stmt"/>
          <line num="51" count="6" type="stmt"/>
          <line num="55" count="1" type="stmt"/>
          <line num="61" count="1" type="stmt"/>
          <line num="81" count="1" type="stmt"/>
        </file>
        <file name="SideNavBarItemGroup.jsx" path="/Users/nick/develop/plasma/src/components/SideNavBar/SideNavBarItemGroup.jsx">
          <metrics statements="16" coveredstatements="12" conditionals="13" coveredconditionals="7" methods="7" coveredmethods="5"/>
          <line num="10" count="0" type="cond" truecount="0" falsecount="4"/>
          <line num="11" count="0" type="stmt"/>
          <line num="13" count="0" type="stmt"/>
          <line num="18" count="0" type="stmt"/>
          <line num="22" count="9" type="stmt"/>
          <line num="23" count="9" type="cond" truecount="2" falsecount="0"/>
          <line num="24" count="3" type="stmt"/>
          <line num="27" count="6" type="cond" truecount="1" falsecount="2"/>
          <line num="40" count="6" type="stmt"/>
          <line num="56" count="9" type="cond" truecount="2" falsecount="0"/>
          <line num="57" count="9" type="cond" truecount="2" falsecount="0"/>
          <line num="68" count="9" type="stmt"/>
          <line num="72" count="9" type="stmt"/>
          <line num="85" count="1" type="stmt"/>
          <line num="90" count="1" type="stmt"/>
          <line num="109" count="1" type="stmt"/>
        </file>
        <file name="SideNavBarTop.jsx" path="/Users/nick/develop/plasma/src/components/SideNavBar/SideNavBarTop.jsx">
          <metrics statements="3" coveredstatements="3" conditionals="0" coveredconditionals="0" methods="1" coveredmethods="1"/>
          <line num="7" count="1" type="stmt"/>
          <line num="8" count="3" type="stmt"/>
          <line num="28" count="1" type="stmt"/>
        </file>
      </package>
      <package name="src.components.Table">
        <metrics statements="104" coveredstatements="70" conditionals="48" coveredconditionals="22" methods="24" coveredmethods="15"/>
        <file name="Table.jsx" path="/Users/nick/develop/plasma/src/components/Table/Table.jsx">
          <metrics statements="104" coveredstatements="70" conditionals="48" coveredconditionals="22" methods="24" coveredmethods="15"/>
          <line num="25" count="2" type="stmt"/>
          <line num="26" count="2" type="stmt"/>
          <line num="34" count="2" type="stmt"/>
          <line num="35" count="2" type="stmt"/>
          <line num="36" count="2" type="stmt"/>
          <line num="37" count="2" type="stmt"/>
          <line num="38" count="2" type="stmt"/>
          <line num="39" count="2" type="stmt"/>
          <line num="40" count="2" type="stmt"/>
          <line num="41" count="2" type="stmt"/>
          <line num="45" count="2" type="cond" truecount="1" falsecount="1"/>
          <line num="46" count="0" type="stmt"/>
          <line num="47" count="0" type="stmt"/>
          <line num="48" count="0" type="stmt"/>
          <line num="49" count="0" type="stmt"/>
          <line num="50" count="0" type="stmt"/>
          <line num="52" count="0" type="stmt"/>
          <line num="54" count="2" type="stmt"/>
          <line num="59" count="2" type="cond" truecount="1" falsecount="1"/>
          <line num="60" count="0" type="stmt"/>
          <line num="65" count="0" type="stmt"/>
          <line num="66" count="0" type="stmt"/>
          <line num="67" count="0" type="stmt"/>
          <line num="68" count="0" type="stmt"/>
          <line num="69" count="0" type="stmt"/>
          <line num="70" count="0" type="stmt"/>
          <line num="83" count="0" type="stmt"/>
          <line num="84" count="0" type="stmt"/>
          <line num="85" count="0" type="stmt"/>
          <line num="89" count="0" type="cond" truecount="0" falsecount="2"/>
          <line num="90" count="0" type="stmt"/>
          <line num="91" count="0" type="stmt"/>
          <line num="93" count="0" type="stmt"/>
          <line num="95" count="0" type="stmt"/>
          <line num="96" count="0" type="stmt"/>
          <line num="97" count="0" type="cond" truecount="0" falsecount="4"/>
          <line num="98" count="0" type="stmt"/>
          <line num="100" count="0" type="stmt"/>
          <line num="101" count="0" type="cond" truecount="0" falsecount="2"/>
          <line num="102" count="0" type="cond" truecount="0" falsecount="2"/>
          <line num="109" count="2" type="cond" truecount="1" falsecount="1"/>
          <line num="110" count="2" type="stmt"/>
          <line num="115" count="2" type="stmt"/>
          <line num="116" count="2" type="stmt"/>
          <line num="117" count="2" type="stmt"/>
          <line num="118" count="6" type="stmt"/>
          <line num="119" count="6" type="stmt"/>
          <line num="120" count="6" type="stmt"/>
          <line num="121" count="6" type="stmt"/>
          <line num="122" count="6" type="cond" truecount="1" falsecount="1"/>
          <line num="123" count="0" type="stmt"/>
          <line num="126" count="2" type="stmt"/>
          <line num="127" count="2" type="stmt"/>
          <line num="135" count="0" type="stmt"/>
          <line num="139" count="4" type="stmt"/>
          <line num="140" count="12" type="stmt"/>
          <line num="141" count="12" type="stmt"/>
          <line num="142" count="12" type="cond" truecount="2" falsecount="3"/>
          <line num="143" count="0" type="stmt"/>
          <line num="145" count="12" type="stmt"/>
          <line num="150" count="12" type="stmt"/>
          <line num="156" count="18" type="cond" truecount="1" falsecount="1"/>
          <line num="157" count="18" type="stmt"/>
          <line num="177" count="4" type="stmt"/>
          <line num="201" count="4" type="stmt"/>
          <line num="203" count="4" type="stmt"/>
          <line num="205" count="4" type="cond" truecount="1" falsecount="1"/>
          <line num="206" count="0" type="stmt"/>
          <line num="222" count="4" type="cond" truecount="2" falsecount="2"/>
          <line num="223" count="0" type="stmt"/>
          <line num="239" count="4" type="cond" truecount="2" falsecount="0"/>
          <line num="240" count="2" type="stmt"/>
          <line num="241" count="2" type="stmt"/>
          <line num="244" count="4" type="stmt"/>
          <line num="245" count="4" type="stmt"/>
          <line num="247" count="4" type="stmt"/>
          <line num="248" count="4" type="stmt"/>
          <line num="249" count="4" type="stmt"/>
          <line num="250" count="4" type="stmt"/>
          <line num="252" count="4" type="stmt"/>
          <line num="253" count="24" type="stmt"/>
          <line num="254" count="24" type="stmt"/>
          <line num="255" count="24" type="cond" truecount="2" falsecount="0"/>
          <line num="259" count="24" type="cond" truecount="2" falsecount="0"/>
          <line num="260" count="16" type="stmt"/>
          <line num="261" count="16" type="stmt"/>
          <line num="263" count="8" type="stmt"/>
          <line num="266" count="24" type="cond" truecount="1" falsecount="1"/>
          <line num="267" count="0" type="stmt"/>
          <line num="270" count="24" type="stmt"/>
          <line num="284" count="4" type="stmt"/>
          <line num="299" count="4" type="cond" truecount="1" falsecount="1"/>
          <line num="300" count="4" type="stmt"/>
          <line num="301" count="4" type="stmt"/>
          <line num="302" count="4" type="stmt"/>
          <line num="303" count="8" type="stmt"/>
          <line num="312" count="4" type="stmt"/>
          <line num="329" count="4" type="stmt"/>
          <line num="337" count="4" type="stmt"/>
          <line num="345" count="0" type="stmt"/>
          <line num="362" count="6" type="stmt"/>
          <line num="373" count="1" type="stmt"/>
          <line num="388" count="1" type="stmt"/>
          <line num="396" count="1" type="stmt"/>
        </file>
      </package>
      <package name="src.components.Tabs">
        <metrics statements="11" coveredstatements="11" conditionals="4" coveredconditionals="3" methods="7" coveredmethods="6"/>
        <file name="Tabs.jsx" path="/Users/nick/develop/plasma/src/components/Tabs/Tabs.jsx">
          <metrics statements="11" coveredstatements="11" conditionals="4" coveredconditionals="3" methods="7" coveredmethods="6"/>
          <line num="13" count="4" type="stmt"/>
          <line num="16" count="2" type="cond" truecount="1" falsecount="1"/>
          <line num="17" count="2" type="stmt"/>
          <line num="21" count="6" type="stmt"/>
          <line num="28" count="12" type="stmt"/>
          <line num="36" count="12" type="stmt"/>
          <line num="39" count="2" type="stmt"/>
          <line num="40" count="2" type="stmt"/>
          <line num="54" count="1" type="stmt"/>
          <line num="59" count="1" type="stmt"/>
          <line num="70" count="1" type="stmt"/>
        </file>
      </package>
      <package name="src.components.Tag">
        <metrics statements="11" coveredstatements="9" conditionals="11" coveredconditionals="9" methods="3" coveredmethods="3"/>
        <file name="Tag.jsx" path="/Users/nick/develop/plasma/src/components/Tag/Tag.jsx">
          <metrics statements="11" coveredstatements="9" conditionals="11" coveredconditionals="9" methods="3" coveredmethods="3"/>
          <line num="10" count="1" type="cond" truecount="1" falsecount="0"/>
          <line num="11" count="1" type="stmt"/>
          <line num="12" count="1" type="stmt"/>
          <line num="22" count="1" type="stmt"/>
          <line num="24" count="1" type="cond" truecount="3" falsecount="1"/>
          <line num="26" count="0" type="stmt"/>
          <line num="28" count="1" type="stmt"/>
          <line num="31" count="1" type="cond" truecount="3" falsecount="1"/>
          <line num="33" count="0" type="stmt"/>
          <line num="35" count="1" type="stmt"/>
          <line num="40" count="1" type="stmt"/>
        </file>
      </package>
      <package name="src.components.Text">
        <metrics statements="4" coveredstatements="4" conditionals="0" coveredconditionals="0" methods="1" coveredmethods="1"/>
        <file name="Text.jsx" path="/Users/nick/develop/plasma/src/components/Text/Text.jsx">
          <metrics statements="4" coveredstatements="4" conditionals="0" coveredconditionals="0" methods="1" coveredmethods="1"/>
          <line num="11" count="1" type="stmt"/>
          <line num="23" count="1" type="stmt"/>
          <line num="27" count="1" type="stmt"/>
          <line num="33" count="1" type="stmt"/>
        </file>
      </package>
      <package name="src.components.TextArea">
        <metrics statements="45" coveredstatements="32" conditionals="20" coveredconditionals="13" methods="9" coveredmethods="8"/>
        <file name="TextArea.jsx" path="/Users/nick/develop/plasma/src/components/TextArea/TextArea.jsx">
          <metrics statements="11" coveredstatements="11" conditionals="6" coveredconditionals="6" methods="4" coveredmethods="4"/>
          <line num="15" count="3" type="stmt"/>
          <line num="21" count="3" type="stmt"/>
          <line num="26" count="3" type="stmt"/>
          <line num="32" count="3" type="cond" truecount="2" falsecount="0"/>
          <line num="39" count="1" type="stmt"/>
          <line num="41" count="1" type="cond" truecount="2" falsecount="0"/>
          <line num="44" count="1" type="stmt"/>
          <line num="45" count="1" type="cond" truecount="2" falsecount="0"/>
          <line num="55" count="1" type="stmt"/>
          <line num="68" count="1" type="stmt"/>
          <line num="73" count="1" type="stmt"/>
        </file>
        <file name="autogrow.js" path="/Users/nick/develop/plasma/src/components/TextArea/autogrow.js">
          <metrics statements="34" coveredstatements="21" conditionals="14" coveredconditionals="7" methods="5" coveredmethods="4"/>
          <line num="1" count="1" type="stmt"/>
          <line num="2" count="1" type="cond" truecount="2" falsecount="2"/>
          <line num="3" count="0" type="stmt"/>
          <line num="4" count="1" type="cond" truecount="3" falsecount="1"/>
          <line num="5" count="1" type="stmt"/>
          <line num="7" count="0" type="stmt"/>
          <line num="10" count="1" type="stmt"/>
          <line num="11" count="2" type="stmt"/>
          <line num="13" count="2" type="cond" truecount="1" falsecount="1"/>
          <line num="14" count="2" type="stmt"/>
          <line num="22" count="2" type="stmt"/>
          <line num="23" count="2" type="stmt"/>
          <line num="24" count="2" type="stmt"/>
          <line num="25" count="2" type="stmt"/>
          <line num="27" count="2" type="stmt"/>
          <line num="28" count="4" type="stmt"/>
          <line num="30" count="2" type="stmt"/>
          <line num="37" count="2" type="stmt"/>
          <line num="38" count="0" type="stmt"/>
          <line num="39" count="0" type="stmt"/>
          <line num="40" count="0" type="cond" truecount="0" falsecount="2"/>
          <line num="41" count="0" type="stmt"/>
          <line num="42" count="0" type="stmt"/>
          <line num="44" count="0" type="stmt"/>
          <line num="45" count="0" type="stmt"/>
          <line num="46" count="0" type="stmt"/>
          <line num="47" count="0" type="stmt"/>
          <line num="49" count="0" type="stmt"/>
          <line num="50" count="0" type="stmt"/>
          <line num="53" count="2" type="stmt"/>
          <line num="54" count="2" type="cond" truecount="1" falsecount="1"/>
          <line num="55" count="2" type="stmt"/>
          <line num="56" count="2" type="stmt"/>
          <line num="59" count="2" type="stmt"/>
        </file>
      </package>
      <package name="src.components.TextInput">
        <metrics statements="12" coveredstatements="12" conditionals="15" coveredconditionals="12" methods="3" coveredmethods="3"/>
        <file name="TextInput.jsx" path="/Users/nick/develop/plasma/src/components/TextInput/TextInput.jsx">
          <metrics statements="12" coveredstatements="12" conditionals="15" coveredconditionals="12" methods="3" coveredmethods="3"/>
          <line num="11" count="1" type="stmt"/>
          <line num="27" count="3" type="stmt"/>
          <line num="32" count="3" type="stmt"/>
          <line num="38" count="3" type="stmt"/>
          <line num="43" count="3" type="stmt"/>
          <line num="54" count="1" type="stmt"/>
          <line num="56" count="1" type="cond" truecount="2" falsecount="0"/>
          <line num="59" count="1" type="stmt"/>
          <line num="60" count="1" type="cond" truecount="2" falsecount="0"/>
          <line num="74" count="1" type="stmt"/>
          <line num="90" count="1" type="stmt"/>
          <line num="95" count="1" type="stmt"/>
        </file>
      </package>
      <package name="src.components.Toggle">
        <metrics statements="12" coveredstatements="12" conditionals="4" coveredconditionals="3" methods="7" coveredmethods="6"/>
        <file name="Toggle.jsx" path="/Users/nick/develop/plasma/src/components/Toggle/Toggle.jsx">
          <metrics statements="12" coveredstatements="12" conditionals="4" coveredconditionals="3" methods="7" coveredmethods="6"/>
          <line num="11" count="1" type="stmt"/>
          <line num="18" count="2" type="stmt"/>
          <line num="22" count="1" type="cond" truecount="1" falsecount="1"/>
          <line num="23" count="1" type="stmt"/>
          <line num="28" count="4" type="stmt"/>
          <line num="35" count="7" type="stmt"/>
          <line num="43" count="7" type="stmt"/>
          <line num="46" count="1" type="stmt"/>
          <line num="47" count="1" type="stmt"/>
          <line num="61" count="1" type="stmt"/>
          <line num="67" count="1" type="stmt"/>
          <line num="80" count="1" type="stmt"/>
        </file>
      </package>
      <package name="src.components.Tooltip">
        <metrics statements="4" coveredstatements="4" conditionals="0" coveredconditionals="0" methods="1" coveredmethods="1"/>
        <file name="Tooltip.jsx" path="/Users/nick/develop/plasma/src/components/Tooltip/Tooltip.jsx">
          <metrics statements="4" coveredstatements="4" conditionals="0" coveredconditionals="0" methods="1" coveredmethods="1"/>
          <line num="11" count="1" type="stmt"/>
          <line num="25" count="1" type="stmt"/>
          <line num="30" count="1" type="stmt"/>
          <line num="37" count="1" type="stmt"/>
        </file>
      </package>
      <package name="src.tests">
        <metrics statements="11" coveredstatements="11" conditionals="0" coveredconditionals="0" methods="3" coveredmethods="3"/>
        <file name="setup.js" path="/Users/nick/develop/plasma/src/tests/setup.js">
          <metrics statements="11" coveredstatements="11" conditionals="0" coveredconditionals="0" methods="3" coveredmethods="3"/>
          <line num="1" count="20" type="stmt"/>
          <line num="3" count="20" type="stmt"/>
          <line num="4" count="20" type="stmt"/>
          <line num="7" count="20" type="stmt"/>
          <line num="8" count="4280" type="stmt"/>
          <line num="9" count="60" type="stmt"/>
          <line num="10" count="20" type="stmt"/>
          <line num="13" count="20" type="stmt"/>
          <line num="14" count="20" type="stmt"/>
          <line num="15" count="20" type="stmt"/>
          <line num="18" count="20" type="stmt"/>
        </file>
      </package>
    </metrics>
  </project>
</coverage>
