{"/Users/nick/develop/plasma/src/dataUtils.js": {"path":"/Users/nick/develop/plasma/src/dataUtils.js","statementMap":{"0":{"start":{"line":4,"column":28},"end":{"line":7,"column":1}},"1":{"start":{"line":5,"column":2},"end":{"line":5,"column":23}},"2":{"start":{"line":5,"column":13},"end":{"line":5,"column":23}},"3":{"start":{"line":6,"column":2},"end":{"line":6,"column":63}},"4":{"start":{"line":6,"column":37},"end":{"line":6,"column":61}},"5":{"start":{"line":9,"column":28},"end":{"line":16,"column":1}},"6":{"start":{"line":10,"column":2},"end":{"line":15,"column":4}}},"fnMap":{"0":{"name":"(anonymous_0)","decl":{"start":{"line":4,"column":28},"end":{"line":4,"column":29}},"loc":{"start":{"line":4,"column":38},"end":{"line":7,"column":1}},"line":4},"1":{"name":"(anonymous_1)","decl":{"start":{"line":6,"column":23},"end":{"line":6,"column":24}},"loc":{"start":{"line":6,"column":37},"end":{"line":6,"column":61}},"line":6},"2":{"name":"getDataProps","decl":{"start":{"line":9,"column":37},"end":{"line":9,"column":49}},"loc":{"start":{"line":9,"column":52},"end":{"line":16,"column":1}},"line":9}},"branchMap":{"0":{"loc":{"start":{"line":5,"column":2},"end":{"line":5,"column":23}},"type":"if","locations":[{"start":{"line":5,"column":2},"end":{"line":5,"column":23}},{"start":{"line":5,"column":2},"end":{"line":5,"column":23}}],"line":5}},"s":{"0":20,"1":45,"2":44,"3":1,"4":1,"5":20,"6":22},"f":{"0":45,"1":1,"2":22},"b":{"0":[44,1]},"_coverageSchema":"332fd63041d2c1bcb487cc26dd0d5f7d97098a6c","hash":"921dfc7a63fa223179b7b9b5da34c869934ad5cc"}
,"/Users/nick/develop/plasma/src/components/Header/Header.jsx": {"path":"/Users/nick/develop/plasma/src/components/Header/Header.jsx","statementMap":{"0":{"start":{"line":12,"column":24},"end":{"line":21,"column":6}},"1":{"start":{"line":23,"column":4},"end":{"line":35,"column":6}},"2":{"start":{"line":39,"column":0},"end":{"line":53,"column":2}},"3":{"start":{"line":55,"column":0},"end":{"line":55,"column":25}},"4":{"start":{"line":57,"column":0},"end":{"line":57,"column":37}}},"fnMap":{"0":{"name":"(anonymous_0)","decl":{"start":{"line":11,"column":2},"end":{"line":11,"column":3}},"loc":{"start":{"line":11,"column":11},"end":{"line":36,"column":3}},"line":11}},"branchMap":{"0":{"loc":{"start":{"line":29,"column":12},"end":{"line":29,"column":50}},"type":"binary-expr","locations":[{"start":{"line":29,"column":12},"end":{"line":29,"column":27}},{"start":{"line":29,"column":31},"end":{"line":29,"column":50}}],"line":29},"1":{"loc":{"start":{"line":31,"column":10},"end":{"line":32,"column":40}},"type":"binary-expr","locations":[{"start":{"line":31,"column":10},"end":{"line":31,"column":30}},{"start":{"line":32,"column":10},"end":{"line":32,"column":40}}],"line":31}},"s":{"0":1,"1":1,"2":2,"3":2,"4":2},"f":{"0":1},"b":{"0":[1,1],"1":[1,0]},"_coverageSchema":"332fd63041d2c1bcb487cc26dd0d5f7d97098a6c","hash":"984a38f8acf05b9031afb9fd76f090c636191040"}
,"/Users/nick/develop/plasma/src/components/Icon/Icon.jsx": {"path":"/Users/nick/develop/plasma/src/components/Icon/Icon.jsx","statementMap":{"0":{"start":{"line":9,"column":13},"end":{"line":18,"column":1}},"1":{"start":{"line":10,"column":2},"end":{"line":17,"column":4}},"2":{"start":{"line":20,"column":0},"end":{"line":24,"column":2}},"3":{"start":{"line":26,"column":0},"end":{"line":29,"column":2}},"4":{"start":{"line":31,"column":0},"end":{"line":31,"column":33}}},"fnMap":{"0":{"name":"(anonymous_0)","decl":{"start":{"line":9,"column":13},"end":{"line":9,"column":14}},"loc":{"start":{"line":9,"column":40},"end":{"line":18,"column":1}},"line":9}},"branchMap":{},"s":{"0":2,"1":4,"2":2,"3":2,"4":2},"f":{"0":4},"b":{},"_coverageSchema":"332fd63041d2c1bcb487cc26dd0d5f7d97098a6c","hash":"85b83ec0ab4e503925223302667f33c88a0785aa"}
,"/Users/nick/develop/plasma/src/components/Image/Image.jsx": {"path":"/Users/nick/develop/plasma/src/components/Image/Image.jsx","statementMap":{"0":{"start":{"line":11,"column":4},"end":{"line":23,"column":6}},"1":{"start":{"line":27,"column":0},"end":{"line":31,"column":2}},"2":{"start":{"line":33,"column":0},"end":{"line":39,"column":2}},"3":{"start":{"line":41,"column":0},"end":{"line":41,"column":35}}},"fnMap":{"0":{"name":"(anonymous_0)","decl":{"start":{"line":10,"column":2},"end":{"line":10,"column":3}},"loc":{"start":{"line":10,"column":11},"end":{"line":24,"column":3}},"line":10}},"branchMap":{},"s":{"0":1,"1":1,"2":1,"3":1},"f":{"0":1},"b":{},"_coverageSchema":"332fd63041d2c1bcb487cc26dd0d5f7d97098a6c","hash":"56815f85a4009065c58709130141304392d61b28"}
,"/Users/nick/develop/plasma/src/components/Label/Label.jsx": {"path":"/Users/nick/develop/plasma/src/components/Label/Label.jsx","statementMap":{"0":{"start":{"line":10,"column":14},"end":{"line":14,"column":1}},"1":{"start":{"line":16,"column":14},"end":{"line":36,"column":1}},"2":{"start":{"line":24,"column":21},"end":{"line":27,"column":4}},"3":{"start":{"line":28,"column":2},"end":{"line":35,"column":4}},"4":{"start":{"line":38,"column":0},"end":{"line":43,"column":2}},"5":{"start":{"line":45,"column":0},"end":{"line":47,"column":2}},"6":{"start":{"line":49,"column":0},"end":{"line":49,"column":35}}},"fnMap":{"0":{"name":"(anonymous_0)","decl":{"start":{"line":16,"column":14},"end":{"line":16,"column":15}},"loc":{"start":{"line":23,"column":5},"end":{"line":36,"column":1}},"line":23}},"branchMap":{"0":{"loc":{"start":{"line":33,"column":7},"end":{"line":33,"column":23}},"type":"binary-expr","locations":[{"start":{"line":33,"column":7},"end":{"line":33,"column":11}},{"start":{"line":33,"column":15},"end":{"line":33,"column":23}}],"line":33}},"s":{"0":1,"1":1,"2":1,"3":1,"4":1,"5":1,"6":1},"f":{"0":1},"b":{"0":[1,1]},"_coverageSchema":"332fd63041d2c1bcb487cc26dd0d5f7d97098a6c","hash":"e627a85be96475b81af14fdc9a886f102ac81b7e"}
,"/Users/nick/develop/plasma/src/components/Modal/Modal.jsx": {"path":"/Users/nick/develop/plasma/src/components/Modal/Modal.jsx","statementMap":{"0":{"start":{"line":12,"column":15},"end":{"line":12,"column":19}},"1":{"start":{"line":20,"column":8},"end":{"line":20,"column":18}},"2":{"start":{"line":21,"column":4},"end":{"line":55,"column":5}},"3":{"start":{"line":22,"column":6},"end":{"line":54,"column":8}},"4":{"start":{"line":56,"column":4},"end":{"line":56,"column":16}},"5":{"start":{"line":60,"column":0},"end":{"line":60,"column":24}},"6":{"start":{"line":62,"column":0},"end":{"line":71,"column":2}},"7":{"start":{"line":73,"column":0},"end":{"line":73,"column":35}}},"fnMap":{"0":{"name":"(anonymous_0)","decl":{"start":{"line":11,"column":2},"end":{"line":11,"column":3}},"loc":{"start":{"line":11,"column":11},"end":{"line":57,"column":3}},"line":11}},"branchMap":{"0":{"loc":{"start":{"line":21,"column":4},"end":{"line":55,"column":5}},"type":"if","locations":[{"start":{"line":21,"column":4},"end":{"line":55,"column":5}},{"start":{"line":21,"column":4},"end":{"line":55,"column":5}}],"line":21},"1":{"loc":{"start":{"line":33,"column":18},"end":{"line":38,"column":24}},"type":"binary-expr","locations":[{"start":{"line":33,"column":18},"end":{"line":33,"column":23}},{"start":{"line":34,"column":18},"end":{"line":38,"column":24}}],"line":33},"2":{"loc":{"start":{"line":41,"column":18},"end":{"line":44,"column":24}},"type":"binary-expr","locations":[{"start":{"line":41,"column":18},"end":{"line":41,"column":25}},{"start":{"line":42,"column":18},"end":{"line":44,"column":24}}],"line":41}},"s":{"0":1,"1":1,"2":1,"3":0,"4":1,"5":1,"6":1,"7":1},"f":{"0":1},"b":{"0":[0,1],"1":[0,0],"2":[0,0]},"_coverageSchema":"332fd63041d2c1bcb487cc26dd0d5f7d97098a6c","hash":"a876ed91693a403783409936106718d24d60f884"}
,"/Users/nick/develop/plasma/src/components/NumberInput/NumberInput.jsx": {"path":"/Users/nick/develop/plasma/src/components/NumberInput/NumberInput.jsx","statementMap":{"0":{"start":{"line":13,"column":4},"end":{"line":13,"column":12}},"1":{"start":{"line":14,"column":4},"end":{"line":14,"column":61}},"2":{"start":{"line":15,"column":4},"end":{"line":15,"column":61}},"3":{"start":{"line":16,"column":4},"end":{"line":16,"column":45}},"4":{"start":{"line":20,"column":4},"end":{"line":23,"column":5}},"5":{"start":{"line":22,"column":6},"end":{"line":22,"column":61}},"6":{"start":{"line":27,"column":4},"end":{"line":30,"column":5}},"7":{"start":{"line":29,"column":6},"end":{"line":29,"column":66}},"8":{"start":{"line":34,"column":18},"end":{"line":34,"column":58}},"9":{"start":{"line":35,"column":4},"end":{"line":40,"column":5}},"10":{"start":{"line":39,"column":6},"end":{"line":39,"column":37}},"11":{"start":{"line":44,"column":4},"end":{"line":67,"column":6}},"12":{"start":{"line":71,"column":0},"end":{"line":81,"column":2}},"13":{"start":{"line":83,"column":0},"end":{"line":86,"column":2}},"14":{"start":{"line":88,"column":0},"end":{"line":88,"column":47}}},"fnMap":{"0":{"name":"(anonymous_0)","decl":{"start":{"line":12,"column":2},"end":{"line":12,"column":3}},"loc":{"start":{"line":12,"column":16},"end":{"line":17,"column":3}},"line":12},"1":{"name":"(anonymous_1)","decl":{"start":{"line":19,"column":2},"end":{"line":19,"column":3}},"loc":{"start":{"line":19,"column":21},"end":{"line":24,"column":3}},"line":19},"2":{"name":"(anonymous_2)","decl":{"start":{"line":26,"column":2},"end":{"line":26,"column":3}},"loc":{"start":{"line":26,"column":21},"end":{"line":31,"column":3}},"line":26},"3":{"name":"(anonymous_3)","decl":{"start":{"line":33,"column":2},"end":{"line":33,"column":3}},"loc":{"start":{"line":33,"column":18},"end":{"line":41,"column":3}},"line":33},"4":{"name":"(anonymous_4)","decl":{"start":{"line":43,"column":2},"end":{"line":43,"column":3}},"loc":{"start":{"line":43,"column":11},"end":{"line":68,"column":3}},"line":43}},"branchMap":{"0":{"loc":{"start":{"line":20,"column":4},"end":{"line":23,"column":5}},"type":"if","locations":[{"start":{"line":20,"column":4},"end":{"line":23,"column":5}},{"start":{"line":20,"column":4},"end":{"line":23,"column":5}}],"line":20},"1":{"loc":{"start":{"line":20,"column":8},"end":{"line":21,"column":65}},"type":"binary-expr","locations":[{"start":{"line":20,"column":8},"end":{"line":20,"column":38}},{"start":{"line":21,"column":8},"end":{"line":21,"column":65}}],"line":20},"2":{"loc":{"start":{"line":27,"column":4},"end":{"line":30,"column":5}},"type":"if","locations":[{"start":{"line":27,"column":4},"end":{"line":30,"column":5}},{"start":{"line":27,"column":4},"end":{"line":30,"column":5}}],"line":27},"3":{"loc":{"start":{"line":27,"column":8},"end":{"line":28,"column":65}},"type":"binary-expr","locations":[{"start":{"line":27,"column":8},"end":{"line":27,"column":38}},{"start":{"line":28,"column":8},"end":{"line":28,"column":65}}],"line":27},"4":{"loc":{"start":{"line":35,"column":4},"end":{"line":40,"column":5}},"type":"if","locations":[{"start":{"line":35,"column":4},"end":{"line":40,"column":5}},{"start":{"line":35,"column":4},"end":{"line":40,"column":5}}],"line":35},"5":{"loc":{"start":{"line":36,"column":6},"end":{"line":37,"column":60}},"type":"binary-expr","locations":[{"start":{"line":36,"column":7},"end":{"line":36,"column":27}},{"start":{"line":36,"column":31},"end":{"line":36,"column":59}},{"start":{"line":37,"column":7},"end":{"line":37,"column":27}},{"start":{"line":37,"column":31},"end":{"line":37,"column":59}}],"line":36}},"s":{"0":1,"1":1,"2":1,"3":1,"4":0,"5":0,"6":0,"7":0,"8":0,"9":0,"10":0,"11":1,"12":1,"13":1,"14":1},"f":{"0":1,"1":0,"2":0,"3":0,"4":1},"b":{"0":[0,0],"1":[0,0],"2":[0,0],"3":[0,0],"4":[0,0],"5":[0,0,0,0]},"_coverageSchema":"332fd63041d2c1bcb487cc26dd0d5f7d97098a6c","hash":"9ef367d80d5daf731a748a36e2d81a601678d787"}
,"/Users/nick/develop/plasma/src/components/OverflowMenu/OverflowMenu.jsx": {"path":"/Users/nick/develop/plasma/src/components/OverflowMenu/OverflowMenu.jsx","statementMap":{"0":{"start":{"line":12,"column":18},"end":{"line":12,"column":50}},"1":{"start":{"line":17,"column":4},"end":{"line":17,"column":12}},"2":{"start":{"line":18,"column":4},"end":{"line":20,"column":6}},"3":{"start":{"line":24,"column":4},"end":{"line":24,"column":38}},"4":{"start":{"line":28,"column":4},"end":{"line":28,"column":39}},"5":{"start":{"line":32,"column":4},"end":{"line":32,"column":39}},"6":{"start":{"line":33,"column":4},"end":{"line":33,"column":30}},"7":{"start":{"line":37,"column":28},"end":{"line":39,"column":6}},"8":{"start":{"line":40,"column":32},"end":{"line":43,"column":6}},"9":{"start":{"line":44,"column":4},"end":{"line":82,"column":6}},"10":{"start":{"line":52,"column":24},"end":{"line":52,"column":39}},"11":{"start":{"line":58,"column":24},"end":{"line":58,"column":44}},"12":{"start":{"line":70,"column":14},"end":{"line":77,"column":16}},"13":{"start":{"line":86,"column":0},"end":{"line":89,"column":2}},"14":{"start":{"line":91,"column":0},"end":{"line":99,"column":2}},"15":{"start":{"line":101,"column":0},"end":{"line":101,"column":49}}},"fnMap":{"0":{"name":"(anonymous_0)","decl":{"start":{"line":16,"column":2},"end":{"line":16,"column":3}},"loc":{"start":{"line":16,"column":16},"end":{"line":21,"column":3}},"line":16},"1":{"name":"(anonymous_1)","decl":{"start":{"line":23,"column":21},"end":{"line":23,"column":22}},"loc":{"start":{"line":23,"column":27},"end":{"line":25,"column":3}},"line":23},"2":{"name":"(anonymous_2)","decl":{"start":{"line":27,"column":21},"end":{"line":27,"column":22}},"loc":{"start":{"line":27,"column":27},"end":{"line":29,"column":3}},"line":27},"3":{"name":"(anonymous_3)","decl":{"start":{"line":31,"column":16},"end":{"line":31,"column":17}},"loc":{"start":{"line":31,"column":27},"end":{"line":34,"column":3}},"line":31},"4":{"name":"(anonymous_4)","decl":{"start":{"line":36,"column":2},"end":{"line":36,"column":3}},"loc":{"start":{"line":36,"column":11},"end":{"line":83,"column":3}},"line":36},"5":{"name":"(anonymous_5)","decl":{"start":{"line":52,"column":15},"end":{"line":52,"column":16}},"loc":{"start":{"line":52,"column":22},"end":{"line":52,"column":41}},"line":52},"6":{"name":"(anonymous_6)","decl":{"start":{"line":58,"column":15},"end":{"line":58,"column":16}},"loc":{"start":{"line":58,"column":22},"end":{"line":58,"column":46}},"line":58},"7":{"name":"(anonymous_7)","decl":{"start":{"line":69,"column":38},"end":{"line":69,"column":39}},"loc":{"start":{"line":69,"column":50},"end":{"line":78,"column":13}},"line":69}},"branchMap":{"0":{"loc":{"start":{"line":41,"column":24},"end":{"line":42,"column":51}},"type":"binary-expr","locations":[{"start":{"line":41,"column":24},"end":{"line":41,"column":48}},{"start":{"line":42,"column":8},"end":{"line":42,"column":51}}],"line":41}},"s":{"0":1,"1":1,"2":1,"3":0,"4":0,"5":0,"6":0,"7":1,"8":1,"9":1,"10":1,"11":1,"12":0,"13":1,"14":1,"15":1},"f":{"0":1,"1":0,"2":0,"3":0,"4":1,"5":1,"6":1,"7":0},"b":{"0":[1,1]},"_coverageSchema":"332fd63041d2c1bcb487cc26dd0d5f7d97098a6c","hash":"58a907aadd04d0f06882976cc064537beaa27d92"}
,"/Users/nick/develop/plasma/src/components/OverflowMenu/OverflowMenuItem.jsx": {"path":"/Users/nick/develop/plasma/src/components/OverflowMenu/OverflowMenuItem.jsx","statementMap":{"0":{"start":{"line":5,"column":25},"end":{"line":14,"column":1}},"1":{"start":{"line":6,"column":2},"end":{"line":13,"column":4}},"2":{"start":{"line":9,"column":21},"end":{"line":9,"column":39}},"3":{"start":{"line":16,"column":0},"end":{"line":20,"column":2}},"4":{"start":{"line":22,"column":0},"end":{"line":22,"column":57}}},"fnMap":{"0":{"name":"(anonymous_0)","decl":{"start":{"line":5,"column":25},"end":{"line":5,"column":26}},"loc":{"start":{"line":5,"column":59},"end":{"line":14,"column":1}},"line":5},"1":{"name":"(anonymous_1)","decl":{"start":{"line":9,"column":15},"end":{"line":9,"column":16}},"loc":{"start":{"line":9,"column":21},"end":{"line":9,"column":39}},"line":9}},"branchMap":{},"s":{"0":1,"1":0,"2":0,"3":1,"4":1},"f":{"0":0,"1":0},"b":{},"_coverageSchema":"332fd63041d2c1bcb487cc26dd0d5f7d97098a6c","hash":"4ce11c9d9d13b06c564abc19621413fc7171bcd2"}
,"/Users/nick/develop/plasma/src/components/RadioButton/RadioButton.jsx": {"path":"/Users/nick/develop/plasma/src/components/RadioButton/RadioButton.jsx","statementMap":{"0":{"start":{"line":13,"column":15},"end":{"line":13,"column":29}},"1":{"start":{"line":14,"column":27},"end":{"line":16,"column":6}},"2":{"start":{"line":18,"column":4},"end":{"line":42,"column":6}},"3":{"start":{"line":46,"column":0},"end":{"line":49,"column":2}},"4":{"start":{"line":51,"column":0},"end":{"line":59,"column":2}},"5":{"start":{"line":61,"column":0},"end":{"line":61,"column":47}}},"fnMap":{"0":{"name":"(anonymous_0)","decl":{"start":{"line":12,"column":2},"end":{"line":12,"column":3}},"loc":{"start":{"line":12,"column":11},"end":{"line":43,"column":3}},"line":12}},"branchMap":{"0":{"loc":{"start":{"line":36,"column":10},"end":{"line":39,"column":17}},"type":"binary-expr","locations":[{"start":{"line":36,"column":10},"end":{"line":36,"column":32}},{"start":{"line":37,"column":10},"end":{"line":39,"column":17}}],"line":36}},"s":{"0":2,"1":2,"2":2,"3":1,"4":1,"5":1},"f":{"0":2},"b":{"0":[2,1]},"_coverageSchema":"332fd63041d2c1bcb487cc26dd0d5f7d97098a6c","hash":"a501fe17735bf473483f821e59b299c4486ac80d"}
,"/Users/nick/develop/plasma/src/components/Rule/Rule.jsx": {"path":"/Users/nick/develop/plasma/src/components/Rule/Rule.jsx","statementMap":{"0":{"start":{"line":10,"column":13},"end":{"line":10,"column":67}},"1":{"start":{"line":14,"column":22},"end":{"line":17,"column":6}},"2":{"start":{"line":19,"column":4},"end":{"line":24,"column":6}},"3":{"start":{"line":28,"column":0},"end":{"line":30,"column":2}},"4":{"start":{"line":32,"column":0},"end":{"line":35,"column":2}},"5":{"start":{"line":37,"column":0},"end":{"line":37,"column":33}}},"fnMap":{"0":{"name":"(anonymous_0)","decl":{"start":{"line":13,"column":2},"end":{"line":13,"column":3}},"loc":{"start":{"line":13,"column":11},"end":{"line":25,"column":3}},"line":13}},"branchMap":{},"s":{"0":1,"1":1,"2":1,"3":1,"4":1,"5":1},"f":{"0":1},"b":{},"_coverageSchema":"332fd63041d2c1bcb487cc26dd0d5f7d97098a6c","hash":"b3e5ddc115d4ff3cae0d22aea941b85779aa44d6"}
,"/Users/nick/develop/plasma/src/components/Search/Search.jsx": {"path":"/Users/nick/develop/plasma/src/components/Search/Search.jsx","statementMap":{"0":{"start":{"line":11,"column":4},"end":{"line":11,"column":17}},"1":{"start":{"line":12,"column":4},"end":{"line":12,"column":45}},"2":{"start":{"line":13,"column":4},"end":{"line":13,"column":43}},"3":{"start":{"line":14,"column":4},"end":{"line":16,"column":6}},"4":{"start":{"line":20,"column":22},"end":{"line":20,"column":31}},"5":{"start":{"line":22,"column":4},"end":{"line":24,"column":5}},"6":{"start":{"line":23,"column":6},"end":{"line":23,"column":37}},"7":{"start":{"line":28,"column":25},"end":{"line":28,"column":35}},"8":{"start":{"line":30,"column":4},"end":{"line":30,"column":48}},"9":{"start":{"line":32,"column":4},"end":{"line":32,"column":20}},"10":{"start":{"line":36,"column":24},"end":{"line":36,"column":34}},"11":{"start":{"line":38,"column":4},"end":{"line":38,"column":32}},"12":{"start":{"line":40,"column":4},"end":{"line":42,"column":5}},"13":{"start":{"line":41,"column":6},"end":{"line":41,"column":21}},"14":{"start":{"line":53,"column":8},"end":{"line":53,"column":18}},"15":{"start":{"line":55,"column":4},"end":{"line":89,"column":6}},"16":{"start":{"line":93,"column":0},"end":{"line":95,"column":2}},"17":{"start":{"line":97,"column":0},"end":{"line":108,"column":2}},"18":{"start":{"line":110,"column":0},"end":{"line":110,"column":37}}},"fnMap":{"0":{"name":"(anonymous_0)","decl":{"start":{"line":10,"column":2},"end":{"line":10,"column":3}},"loc":{"start":{"line":10,"column":21},"end":{"line":17,"column":3}},"line":10},"1":{"name":"(anonymous_1)","decl":{"start":{"line":19,"column":2},"end":{"line":19,"column":3}},"loc":{"start":{"line":19,"column":39},"end":{"line":25,"column":3}},"line":19},"2":{"name":"(anonymous_2)","decl":{"start":{"line":27,"column":2},"end":{"line":27,"column":3}},"loc":{"start":{"line":27,"column":18},"end":{"line":33,"column":3}},"line":27},"3":{"name":"(anonymous_3)","decl":{"start":{"line":35,"column":2},"end":{"line":35,"column":3}},"loc":{"start":{"line":35,"column":17},"end":{"line":43,"column":3}},"line":35},"4":{"name":"(anonymous_4)","decl":{"start":{"line":45,"column":2},"end":{"line":45,"column":3}},"loc":{"start":{"line":45,"column":11},"end":{"line":90,"column":3}},"line":45}},"branchMap":{"0":{"loc":{"start":{"line":22,"column":4},"end":{"line":24,"column":5}},"type":"if","locations":[{"start":{"line":22,"column":4},"end":{"line":24,"column":5}},{"start":{"line":22,"column":4},"end":{"line":24,"column":5}}],"line":22},"1":{"loc":{"start":{"line":40,"column":4},"end":{"line":42,"column":5}},"type":"if","locations":[{"start":{"line":40,"column":4},"end":{"line":42,"column":5}},{"start":{"line":40,"column":4},"end":{"line":42,"column":5}}],"line":40},"2":{"loc":{"start":{"line":73,"column":12},"end":{"line":79,"column":14}},"type":"binary-expr","locations":[{"start":{"line":73,"column":12},"end":{"line":73,"column":21}},{"start":{"line":73,"column":25},"end":{"line":73,"column":37}},{"start":{"line":73,"column":42},"end":{"line":73,"column":64}},{"start":{"line":74,"column":12},"end":{"line":79,"column":14}}],"line":73},"3":{"loc":{"start":{"line":83,"column":10},"end":{"line":86,"column":16}},"type":"binary-expr","locations":[{"start":{"line":83,"column":10},"end":{"line":83,"column":25}},{"start":{"line":84,"column":10},"end":{"line":86,"column":16}}],"line":83}},"s":{"0":3,"1":3,"2":3,"3":3,"4":0,"5":0,"6":0,"7":1,"8":1,"9":1,"10":1,"11":1,"12":1,"13":1,"14":6,"15":6,"16":1,"17":1,"18":1},"f":{"0":3,"1":0,"2":1,"3":1,"4":6},"b":{"0":[0,0],"1":[1,0],"2":[6,3,3,1],"3":[6,0]},"_coverageSchema":"332fd63041d2c1bcb487cc26dd0d5f7d97098a6c","hash":"808239c9064dc2421da291a2d611dcc89dbdd272"}
,"/Users/nick/develop/plasma/src/components/SegmentedCard/SegmentedCard.jsx": {"path":"/Users/nick/develop/plasma/src/components/SegmentedCard/SegmentedCard.jsx","statementMap":{"0":{"start":{"line":12,"column":22},"end":{"line":14,"column":6}},"1":{"start":{"line":16,"column":4},"end":{"line":29,"column":6}},"2":{"start":{"line":33,"column":0},"end":{"line":36,"column":2}},"3":{"start":{"line":38,"column":0},"end":{"line":43,"column":2}},"4":{"start":{"line":45,"column":0},"end":{"line":45,"column":51}}},"fnMap":{"0":{"name":"(anonymous_0)","decl":{"start":{"line":11,"column":2},"end":{"line":11,"column":3}},"loc":{"start":{"line":11,"column":11},"end":{"line":30,"column":3}},"line":11}},"branchMap":{},"s":{"0":1,"1":1,"2":1,"3":1,"4":1},"f":{"0":1},"b":{},"_coverageSchema":"332fd63041d2c1bcb487cc26dd0d5f7d97098a6c","hash":"8c7ebfdc710625a71c760c42cd0c7c2601dc86d5"}
,"/Users/nick/develop/plasma/src/components/SideNavBar/SideNavBar.jsx": {"path":"/Users/nick/develop/plasma/src/components/SideNavBar/SideNavBar.jsx","statementMap":{"0":{"start":{"line":14,"column":4},"end":{"line":14,"column":66}},"1":{"start":{"line":18,"column":4},"end":{"line":28,"column":6}},"2":{"start":{"line":19,"column":6},"end":{"line":27,"column":8}},"3":{"start":{"line":32,"column":4},"end":{"line":46,"column":6}},"4":{"start":{"line":50,"column":0},"end":{"line":63,"column":2}},"5":{"start":{"line":65,"column":0},"end":{"line":65,"column":45}}},"fnMap":{"0":{"name":"(anonymous_0)","decl":{"start":{"line":13,"column":16},"end":{"line":13,"column":17}},"loc":{"start":{"line":13,"column":28},"end":{"line":15,"column":3}},"line":13},"1":{"name":"(anonymous_1)","decl":{"start":{"line":17,"column":2},"end":{"line":17,"column":3}},"loc":{"start":{"line":17,"column":16},"end":{"line":29,"column":3}},"line":17},"2":{"name":"(anonymous_2)","decl":{"start":{"line":18,"column":52},"end":{"line":18,"column":53}},"loc":{"start":{"line":19,"column":6},"end":{"line":27,"column":8}},"line":19},"3":{"name":"(anonymous_3)","decl":{"start":{"line":31,"column":2},"end":{"line":31,"column":3}},"loc":{"start":{"line":31,"column":11},"end":{"line":47,"column":3}},"line":31}},"branchMap":{"0":{"loc":{"start":{"line":14,"column":4},"end":{"line":14,"column":65}},"type":"binary-expr","locations":[{"start":{"line":14,"column":4},"end":{"line":14,"column":23}},{"start":{"line":14,"column":27},"end":{"line":14,"column":65}}],"line":14},"1":{"loc":{"start":{"line":18,"column":11},"end":{"line":28,"column":5}},"type":"binary-expr","locations":[{"start":{"line":18,"column":11},"end":{"line":18,"column":27}},{"start":{"line":18,"column":31},"end":{"line":28,"column":5}}],"line":18}},"s":{"0":0,"1":3,"2":9,"3":3,"4":1,"5":1},"f":{"0":0,"1":3,"2":9,"3":3},"b":{"0":[0,0],"1":[3,3]},"_coverageSchema":"332fd63041d2c1bcb487cc26dd0d5f7d97098a6c","hash":"5a6b488909c809647a76b895754776d4e41c3ff7"}
,"/Users/nick/develop/plasma/src/components/SideNavBar/SideNavBarItem.jsx": {"path":"/Users/nick/develop/plasma/src/components/SideNavBar/SideNavBarItem.jsx","statementMap":{"0":{"start":{"line":9,"column":4},"end":{"line":9,"column":38}},"1":{"start":{"line":13,"column":22},"end":{"line":13,"column":32}},"2":{"start":{"line":15,"column":4},"end":{"line":19,"column":6}},"3":{"start":{"line":23,"column":48},"end":{"line":23,"column":58}},"4":{"start":{"line":25,"column":27},"end":{"line":28,"column":6}},"5":{"start":{"line":32,"column":4},"end":{"line":49,"column":5}},"6":{"start":{"line":33,"column":6},"end":{"line":39,"column":8}},"7":{"start":{"line":41,"column":6},"end":{"line":48,"column":8}},"8":{"start":{"line":51,"column":4},"end":{"line":51,"column":16}},"9":{"start":{"line":55,"column":0},"end":{"line":59,"column":2}},"10":{"start":{"line":61,"column":0},"end":{"line":79,"column":2}},"11":{"start":{"line":81,"column":0},"end":{"line":81,"column":53}}},"fnMap":{"0":{"name":"(anonymous_0)","decl":{"start":{"line":8,"column":13},"end":{"line":8,"column":14}},"loc":{"start":{"line":8,"column":19},"end":{"line":10,"column":3}},"line":8},"1":{"name":"(anonymous_1)","decl":{"start":{"line":12,"column":2},"end":{"line":12,"column":3}},"loc":{"start":{"line":12,"column":23},"end":{"line":20,"column":3}},"line":12},"2":{"name":"(anonymous_2)","decl":{"start":{"line":22,"column":2},"end":{"line":22,"column":3}},"loc":{"start":{"line":22,"column":11},"end":{"line":52,"column":3}},"line":22}},"branchMap":{"0":{"loc":{"start":{"line":32,"column":4},"end":{"line":49,"column":5}},"type":"if","locations":[{"start":{"line":32,"column":4},"end":{"line":49,"column":5}},{"start":{"line":32,"column":4},"end":{"line":49,"column":5}}],"line":32}},"s":{"0":0,"1":6,"2":6,"3":6,"4":6,"5":6,"6":0,"7":6,"8":6,"9":1,"10":1,"11":1},"f":{"0":0,"1":6,"2":6},"b":{"0":[0,6]},"_coverageSchema":"332fd63041d2c1bcb487cc26dd0d5f7d97098a6c","hash":"703ffce82c656b755567339d78f341db21109356"}
,"/Users/nick/develop/plasma/src/components/SideNavBar/SideNavBarItemGroup.jsx": {"path":"/Users/nick/develop/plasma/src/components/SideNavBar/SideNavBarItemGroup.jsx","statementMap":{"0":{"start":{"line":10,"column":4},"end":{"line":14,"column":5}},"1":{"start":{"line":11,"column":6},"end":{"line":11,"column":57}},"2":{"start":{"line":13,"column":6},"end":{"line":13,"column":48}},"3":{"start":{"line":18,"column":4},"end":{"line":18,"column":39}},"4":{"start":{"line":22,"column":56},"end":{"line":22,"column":66}},"5":{"start":{"line":23,"column":4},"end":{"line":25,"column":5}},"6":{"start":{"line":23,"column":31},"end":{"line":23,"column":43}},"7":{"start":{"line":24,"column":6},"end":{"line":24,"column":18}},"8":{"start":{"line":27,"column":25},"end":{"line":38,"column":5}},"9":{"start":{"line":40,"column":4},"end":{"line":52,"column":6}},"10":{"start":{"line":56,"column":18},"end":{"line":67,"column":6}},"11":{"start":{"line":57,"column":6},"end":{"line":66,"column":8}},"12":{"start":{"line":68,"column":4},"end":{"line":68,"column":17}},"13":{"start":{"line":72,"column":4},"end":{"line":81,"column":6}},"14":{"start":{"line":85,"column":0},"end":{"line":88,"column":2}},"15":{"start":{"line":90,"column":0},"end":{"line":107,"column":2}},"16":{"start":{"line":109,"column":0},"end":{"line":109,"column":63}}},"fnMap":{"0":{"name":"(anonymous_0)","decl":{"start":{"line":9,"column":21},"end":{"line":9,"column":22}},"loc":{"start":{"line":9,"column":27},"end":{"line":15,"column":3}},"line":9},"1":{"name":"(anonymous_1)","decl":{"start":{"line":17,"column":20},"end":{"line":17,"column":21}},"loc":{"start":{"line":17,"column":32},"end":{"line":19,"column":3}},"line":17},"2":{"name":"(anonymous_2)","decl":{"start":{"line":21,"column":2},"end":{"line":21,"column":3}},"loc":{"start":{"line":21,"column":23},"end":{"line":53,"column":3}},"line":21},"3":{"name":"(anonymous_3)","decl":{"start":{"line":23,"column":21},"end":{"line":23,"column":22}},"loc":{"start":{"line":23,"column":31},"end":{"line":23,"column":43}},"line":23},"4":{"name":"(anonymous_4)","decl":{"start":{"line":55,"column":2},"end":{"line":55,"column":3}},"loc":{"start":{"line":55,"column":19},"end":{"line":69,"column":3}},"line":55},"5":{"name":"(anonymous_5)","decl":{"start":{"line":56,"column":59},"end":{"line":56,"column":60}},"loc":{"start":{"line":56,"column":76},"end":{"line":67,"column":5}},"line":56},"6":{"name":"(anonymous_6)","decl":{"start":{"line":71,"column":2},"end":{"line":71,"column":3}},"loc":{"start":{"line":71,"column":11},"end":{"line":82,"column":3}},"line":71}},"branchMap":{"0":{"loc":{"start":{"line":10,"column":4},"end":{"line":14,"column":5}},"type":"if","locations":[{"start":{"line":10,"column":4},"end":{"line":14,"column":5}},{"start":{"line":10,"column":4},"end":{"line":14,"column":5}}],"line":10},"1":{"loc":{"start":{"line":10,"column":8},"end":{"line":10,"column":47}},"type":"binary-expr","locations":[{"start":{"line":10,"column":8},"end":{"line":10,"column":24}},{"start":{"line":10,"column":28},"end":{"line":10,"column":47}}],"line":10},"2":{"loc":{"start":{"line":23,"column":4},"end":{"line":25,"column":5}},"type":"if","locations":[{"start":{"line":23,"column":4},"end":{"line":25,"column":5}},{"start":{"line":23,"column":4},"end":{"line":25,"column":5}}],"line":23},"3":{"loc":{"start":{"line":27,"column":25},"end":{"line":38,"column":5}},"type":"binary-expr","locations":[{"start":{"line":27,"column":25},"end":{"line":27,"column":29}},{"start":{"line":27,"column":33},"end":{"line":27,"column":41}},{"start":{"line":28,"column":6},"end":{"line":37,"column":8}}],"line":27},"4":{"loc":{"start":{"line":56,"column":18},"end":{"line":67,"column":6}},"type":"binary-expr","locations":[{"start":{"line":56,"column":18},"end":{"line":56,"column":34}},{"start":{"line":56,"column":38},"end":{"line":67,"column":6}}],"line":56},"5":{"loc":{"start":{"line":57,"column":13},"end":{"line":66,"column":7}},"type":"binary-expr","locations":[{"start":{"line":57,"column":13},"end":{"line":57,"column":32}},{"start":{"line":58,"column":8},"end":{"line":65,"column":10}}],"line":57}},"s":{"0":0,"1":0,"2":0,"3":0,"4":9,"5":9,"6":6,"7":3,"8":6,"9":6,"10":9,"11":9,"12":9,"13":9,"14":1,"15":1,"16":1},"f":{"0":0,"1":0,"2":9,"3":6,"4":9,"5":9,"6":9},"b":{"0":[0,0],"1":[0,0],"2":[3,6],"3":[6,0,0],"4":[9,6],"5":[9,6]},"_coverageSchema":"332fd63041d2c1bcb487cc26dd0d5f7d97098a6c","hash":"455a99dbd2d1a02a9e5cda4c81045df47df4bc8e"}
,"/Users/nick/develop/plasma/src/components/SideNavBar/SideNavBarTop.jsx": {"path":"/Users/nick/develop/plasma/src/components/SideNavBar/SideNavBarTop.jsx","statementMap":{"0":{"start":{"line":7,"column":22},"end":{"line":26,"column":1}},"1":{"start":{"line":8,"column":2},"end":{"line":25,"column":4}},"2":{"start":{"line":28,"column":0},"end":{"line":32,"column":2}}},"fnMap":{"0":{"name":"(anonymous_0)","decl":{"start":{"line":7,"column":22},"end":{"line":7,"column":23}},"loc":{"start":{"line":7,"column":52},"end":{"line":26,"column":1}},"line":7}},"branchMap":{},"s":{"0":1,"1":3,"2":1},"f":{"0":3},"b":{},"_coverageSchema":"332fd63041d2c1bcb487cc26dd0d5f7d97098a6c","hash":"249c71f9ae881d476bdab2682b7fd2751863f3cc"}
,"/Users/nick/develop/plasma/src/components/Table/Table.jsx": {"path":"/Users/nick/develop/plasma/src/components/Table/Table.jsx","statementMap":{"0":{"start":{"line":25,"column":4},"end":{"line":25,"column":12}},"1":{"start":{"line":26,"column":4},"end":{"line":33,"column":6}},"2":{"start":{"line":34,"column":4},"end":{"line":34,"column":31}},"3":{"start":{"line":35,"column":4},"end":{"line":35,"column":63}},"4":{"start":{"line":36,"column":4},"end":{"line":36,"column":65}},"5":{"start":{"line":37,"column":4},"end":{"line":37,"column":53}},"6":{"start":{"line":38,"column":4},"end":{"line":38,"column":80}},"7":{"start":{"line":39,"column":4},"end":{"line":39,"column":73}},"8":{"start":{"line":40,"column":4},"end":{"line":40,"column":73}},"9":{"start":{"line":41,"column":4},"end":{"line":41,"column":51}},"10":{"start":{"line":45,"column":4},"end":{"line":55,"column":5}},"11":{"start":{"line":46,"column":6},"end":{"line":46,"column":61}},"12":{"start":{"line":47,"column":6},"end":{"line":47,"column":65}},"13":{"start":{"line":48,"column":19},"end":{"line":51,"column":7}},"14":{"start":{"line":49,"column":8},"end":{"line":49,"column":34}},"15":{"start":{"line":50,"column":8},"end":{"line":50,"column":28}},"16":{"start":{"line":52,"column":6},"end":{"line":52,"column":32}},"17":{"start":{"line":54,"column":6},"end":{"line":54,"column":28}},"18":{"start":{"line":59,"column":4},"end":{"line":61,"column":5}},"19":{"start":{"line":60,"column":6},"end":{"line":60,"column":28}},"20":{"start":{"line":65,"column":4},"end":{"line":65,"column":62}},"21":{"start":{"line":66,"column":4},"end":{"line":66,"column":66}},"22":{"start":{"line":67,"column":20},"end":{"line":67,"column":57}},"23":{"start":{"line":68,"column":4},"end":{"line":71,"column":7}},"24":{"start":{"line":69,"column":6},"end":{"line":69,"column":72}},"25":{"start":{"line":70,"column":6},"end":{"line":70,"column":71}},"26":{"start":{"line":83,"column":4},"end":{"line":83,"column":61}},"27":{"start":{"line":84,"column":4},"end":{"line":84,"column":26}},"28":{"start":{"line":85,"column":4},"end":{"line":85,"column":24}},"29":{"start":{"line":89,"column":4},"end":{"line":103,"column":5}},"30":{"start":{"line":90,"column":29},"end":{"line":90,"column":67}},"31":{"start":{"line":91,"column":32},"end":{"line":91,"column":73}},"32":{"start":{"line":93,"column":8},"end":{"line":93,"column":43}},"33":{"start":{"line":95,"column":8},"end":{"line":95,"column":72}},"34":{"start":{"line":96,"column":22},"end":{"line":96,"column":27}},"35":{"start":{"line":97,"column":6},"end":{"line":99,"column":7}},"36":{"start":{"line":98,"column":8},"end":{"line":98,"column":25}},"37":{"start":{"line":100,"column":6},"end":{"line":100,"column":84}},"38":{"start":{"line":101,"column":6},"end":{"line":101,"column":70}},"39":{"start":{"line":102,"column":6},"end":{"line":102,"column":51}},"40":{"start":{"line":109,"column":4},"end":{"line":111,"column":5}},"41":{"start":{"line":110,"column":6},"end":{"line":110,"column":40}},"42":{"start":{"line":115,"column":24},"end":{"line":115,"column":26}},"43":{"start":{"line":116,"column":26},"end":{"line":116,"column":27}},"44":{"start":{"line":117,"column":4},"end":{"line":125,"column":7}},"45":{"start":{"line":118,"column":30},"end":{"line":118,"column":66}},"46":{"start":{"line":119,"column":20},"end":{"line":119,"column":75}},"47":{"start":{"line":120,"column":21},"end":{"line":120,"column":77}},"48":{"start":{"line":121,"column":6},"end":{"line":121,"column":43}},"49":{"start":{"line":122,"column":6},"end":{"line":124,"column":7}},"50":{"start":{"line":123,"column":8},"end":{"line":123,"column":33}},"51":{"start":{"line":126,"column":23},"end":{"line":126,"column":59}},"52":{"start":{"line":127,"column":4},"end":{"line":131,"column":17}},"53":{"start":{"line":135,"column":4},"end":{"line":135,"column":47}},"54":{"start":{"line":139,"column":29},"end":{"line":176,"column":6}},"55":{"start":{"line":140,"column":22},"end":{"line":140,"column":44}},"56":{"start":{"line":141,"column":18},"end":{"line":141,"column":27}},"57":{"start":{"line":142,"column":6},"end":{"line":144,"column":7}},"58":{"start":{"line":143,"column":8},"end":{"line":143,"column":65}},"59":{"start":{"line":145,"column":24},"end":{"line":149,"column":7}},"60":{"start":{"line":150,"column":6},"end":{"line":175,"column":8}},"61":{"start":{"line":156,"column":12},"end":{"line":158,"column":13}},"62":{"start":{"line":157,"column":14},"end":{"line":157,"column":45}},"63":{"start":{"line":177,"column":4},"end":{"line":185,"column":6}},"64":{"start":{"line":201,"column":8},"end":{"line":201,"column":18}},"65":{"start":{"line":203,"column":25},"end":{"line":203,"column":42}},"66":{"start":{"line":205,"column":4},"end":{"line":220,"column":5}},"67":{"start":{"line":206,"column":6},"end":{"line":219,"column":8}},"68":{"start":{"line":222,"column":4},"end":{"line":237,"column":5}},"69":{"start":{"line":223,"column":6},"end":{"line":236,"column":8}},"70":{"start":{"line":239,"column":4},"end":{"line":242,"column":5}},"71":{"start":{"line":240,"column":6},"end":{"line":240,"column":33}},"72":{"start":{"line":241,"column":6},"end":{"line":241,"column":43}},"73":{"start":{"line":244,"column":23},"end":{"line":244,"column":45}},"74":{"start":{"line":245,"column":26},"end":{"line":245,"column":28}},"75":{"start":{"line":247,"column":4},"end":{"line":327,"column":7}},"76":{"start":{"line":248,"column":24},"end":{"line":248,"column":57}},"77":{"start":{"line":249,"column":31},"end":{"line":249,"column":33}},"78":{"start":{"line":250,"column":28},"end":{"line":250,"column":46}},"79":{"start":{"line":252,"column":6},"end":{"line":282,"column":9}},"80":{"start":{"line":253,"column":27},"end":{"line":253,"column":65}},"81":{"start":{"line":254,"column":30},"end":{"line":254,"column":66}},"82":{"start":{"line":255,"column":28},"end":{"line":255,"column":68}},"83":{"start":{"line":259,"column":8},"end":{"line":264,"column":9}},"84":{"start":{"line":260,"column":10},"end":{"line":260,"column":33}},"85":{"start":{"line":261,"column":10},"end":{"line":261,"column":43}},"86":{"start":{"line":263,"column":10},"end":{"line":263,"column":55}},"87":{"start":{"line":266,"column":8},"end":{"line":268,"column":9}},"88":{"start":{"line":267,"column":10},"end":{"line":267,"column":26}},"89":{"start":{"line":270,"column":8},"end":{"line":281,"column":10}},"90":{"start":{"line":284,"column":6},"end":{"line":296,"column":8}},"91":{"start":{"line":299,"column":6},"end":{"line":326,"column":7}},"92":{"start":{"line":300,"column":8},"end":{"line":325,"column":9}},"93":{"start":{"line":301,"column":36},"end":{"line":301,"column":38}},"94":{"start":{"line":302,"column":10},"end":{"line":311,"column":13}},"95":{"start":{"line":303,"column":12},"end":{"line":310,"column":14}},"96":{"start":{"line":312,"column":10},"end":{"line":324,"column":12}},"97":{"start":{"line":329,"column":4},"end":{"line":333,"column":6}},"98":{"start":{"line":337,"column":4},"end":{"line":369,"column":6}},"99":{"start":{"line":345,"column":25},"end":{"line":345,"column":39}},"100":{"start":{"line":362,"column":24},"end":{"line":362,"column":39}},"101":{"start":{"line":373,"column":0},"end":{"line":386,"column":2}},"102":{"start":{"line":388,"column":0},"end":{"line":394,"column":2}},"103":{"start":{"line":396,"column":0},"end":{"line":396,"column":35}}},"fnMap":{"0":{"name":"(anonymous_0)","decl":{"start":{"line":24,"column":2},"end":{"line":24,"column":3}},"loc":{"start":{"line":24,"column":16},"end":{"line":42,"column":3}},"line":24},"1":{"name":"(anonymous_1)","decl":{"start":{"line":44,"column":2},"end":{"line":44,"column":3}},"loc":{"start":{"line":44,"column":22},"end":{"line":56,"column":3}},"line":44},"2":{"name":"(anonymous_2)","decl":{"start":{"line":48,"column":19},"end":{"line":48,"column":20}},"loc":{"start":{"line":48,"column":25},"end":{"line":51,"column":7}},"line":48},"3":{"name":"(anonymous_3)","decl":{"start":{"line":58,"column":2},"end":{"line":58,"column":3}},"loc":{"start":{"line":58,"column":23},"end":{"line":62,"column":3}},"line":58},"4":{"name":"(anonymous_4)","decl":{"start":{"line":64,"column":2},"end":{"line":64,"column":3}},"loc":{"start":{"line":64,"column":25},"end":{"line":72,"column":3}},"line":64},"5":{"name":"(anonymous_5)","decl":{"start":{"line":68,"column":21},"end":{"line":68,"column":22}},"loc":{"start":{"line":68,"column":29},"end":{"line":71,"column":5}},"line":68},"6":{"name":"(anonymous_6)","decl":{"start":{"line":74,"column":2},"end":{"line":74,"column":3}},"loc":{"start":{"line":74,"column":27},"end":{"line":76,"column":3}},"line":74},"7":{"name":"(anonymous_7)","decl":{"start":{"line":78,"column":2},"end":{"line":78,"column":3}},"loc":{"start":{"line":78,"column":27},"end":{"line":80,"column":3}},"line":78},"8":{"name":"(anonymous_8)","decl":{"start":{"line":82,"column":2},"end":{"line":82,"column":3}},"loc":{"start":{"line":82,"column":23},"end":{"line":86,"column":3}},"line":82},"9":{"name":"(anonymous_9)","decl":{"start":{"line":88,"column":2},"end":{"line":88,"column":3}},"loc":{"start":{"line":88,"column":17},"end":{"line":104,"column":3}},"line":88},"10":{"name":"(anonymous_10)","decl":{"start":{"line":106,"column":2},"end":{"line":106,"column":3}},"loc":{"start":{"line":106,"column":34},"end":{"line":112,"column":3}},"line":106},"11":{"name":"(anonymous_11)","decl":{"start":{"line":114,"column":2},"end":{"line":114,"column":3}},"loc":{"start":{"line":114,"column":27},"end":{"line":132,"column":3}},"line":114},"12":{"name":"(anonymous_12)","decl":{"start":{"line":117,"column":35},"end":{"line":117,"column":36}},"loc":{"start":{"line":117,"column":51},"end":{"line":125,"column":5}},"line":117},"13":{"name":"(anonymous_13)","decl":{"start":{"line":134,"column":2},"end":{"line":134,"column":3}},"loc":{"start":{"line":134,"column":23},"end":{"line":136,"column":3}},"line":134},"14":{"name":"(anonymous_14)","decl":{"start":{"line":138,"column":2},"end":{"line":138,"column":3}},"loc":{"start":{"line":138,"column":26},"end":{"line":186,"column":3}},"line":138},"15":{"name":"(anonymous_15)","decl":{"start":{"line":139,"column":56},"end":{"line":139,"column":57}},"loc":{"start":{"line":139,"column":67},"end":{"line":176,"column":5}},"line":139},"16":{"name":"(anonymous_16)","decl":{"start":{"line":155,"column":15},"end":{"line":155,"column":16}},"loc":{"start":{"line":155,"column":22},"end":{"line":159,"column":11}},"line":155},"17":{"name":"(anonymous_17)","decl":{"start":{"line":188,"column":2},"end":{"line":188,"column":3}},"loc":{"start":{"line":188,"column":16},"end":{"line":334,"column":3}},"line":188},"18":{"name":"(anonymous_18)","decl":{"start":{"line":247,"column":19},"end":{"line":247,"column":20}},"loc":{"start":{"line":247,"column":45},"end":{"line":327,"column":5}},"line":247},"19":{"name":"(anonymous_19)","decl":{"start":{"line":252,"column":26},"end":{"line":252,"column":27}},"loc":{"start":{"line":252,"column":41},"end":{"line":282,"column":7}},"line":252},"20":{"name":"(anonymous_20)","decl":{"start":{"line":302,"column":37},"end":{"line":302,"column":38}},"loc":{"start":{"line":302,"column":46},"end":{"line":311,"column":11}},"line":302},"21":{"name":"(anonymous_21)","decl":{"start":{"line":336,"column":2},"end":{"line":336,"column":3}},"loc":{"start":{"line":336,"column":11},"end":{"line":370,"column":3}},"line":336},"22":{"name":"(anonymous_22)","decl":{"start":{"line":345,"column":17},"end":{"line":345,"column":18}},"loc":{"start":{"line":345,"column":25},"end":{"line":345,"column":39}},"line":345},"23":{"name":"(anonymous_23)","decl":{"start":{"line":362,"column":15},"end":{"line":362,"column":16}},"loc":{"start":{"line":362,"column":22},"end":{"line":362,"column":41}},"line":362}},"branchMap":{"0":{"loc":{"start":{"line":45,"column":4},"end":{"line":55,"column":5}},"type":"if","locations":[{"start":{"line":45,"column":4},"end":{"line":55,"column":5}},{"start":{"line":45,"column":4},"end":{"line":55,"column":5}}],"line":45},"1":{"loc":{"start":{"line":59,"column":4},"end":{"line":61,"column":5}},"type":"if","locations":[{"start":{"line":59,"column":4},"end":{"line":61,"column":5}},{"start":{"line":59,"column":4},"end":{"line":61,"column":5}}],"line":59},"2":{"loc":{"start":{"line":89,"column":4},"end":{"line":103,"column":5}},"type":"if","locations":[{"start":{"line":89,"column":4},"end":{"line":103,"column":5}},{"start":{"line":89,"column":4},"end":{"line":103,"column":5}}],"line":89},"3":{"loc":{"start":{"line":97,"column":6},"end":{"line":99,"column":7}},"type":"if","locations":[{"start":{"line":97,"column":6},"end":{"line":99,"column":7}},{"start":{"line":97,"column":6},"end":{"line":99,"column":7}}],"line":97},"4":{"loc":{"start":{"line":97,"column":10},"end":{"line":97,"column":64}},"type":"binary-expr","locations":[{"start":{"line":97,"column":10},"end":{"line":97,"column":33}},{"start":{"line":97,"column":37},"end":{"line":97,"column":64}}],"line":97},"5":{"loc":{"start":{"line":101,"column":42},"end":{"line":101,"column":69}},"type":"cond-expr","locations":[{"start":{"line":101,"column":54},"end":{"line":101,"column":60}},{"start":{"line":101,"column":63},"end":{"line":101,"column":69}}],"line":101},"6":{"loc":{"start":{"line":102,"column":33},"end":{"line":102,"column":50}},"type":"cond-expr","locations":[{"start":{"line":102,"column":45},"end":{"line":102,"column":46}},{"start":{"line":102,"column":49},"end":{"line":102,"column":50}}],"line":102},"7":{"loc":{"start":{"line":109,"column":4},"end":{"line":111,"column":5}},"type":"if","locations":[{"start":{"line":109,"column":4},"end":{"line":111,"column":5}},{"start":{"line":109,"column":4},"end":{"line":111,"column":5}}],"line":109},"8":{"loc":{"start":{"line":122,"column":6},"end":{"line":124,"column":7}},"type":"if","locations":[{"start":{"line":122,"column":6},"end":{"line":124,"column":7}},{"start":{"line":122,"column":6},"end":{"line":124,"column":7}}],"line":122},"9":{"loc":{"start":{"line":138,"column":15},"end":{"line":138,"column":24}},"type":"default-arg","locations":[{"start":{"line":138,"column":22},"end":{"line":138,"column":24}}],"line":138},"10":{"loc":{"start":{"line":142,"column":6},"end":{"line":144,"column":7}},"type":"if","locations":[{"start":{"line":142,"column":6},"end":{"line":144,"column":7}},{"start":{"line":142,"column":6},"end":{"line":144,"column":7}}],"line":142},"11":{"loc":{"start":{"line":142,"column":10},"end":{"line":142,"column":68}},"type":"binary-expr","locations":[{"start":{"line":142,"column":10},"end":{"line":142,"column":21}},{"start":{"line":142,"column":25},"end":{"line":142,"column":52}},{"start":{"line":142,"column":56},"end":{"line":142,"column":68}}],"line":142},"12":{"loc":{"start":{"line":156,"column":12},"end":{"line":158,"column":13}},"type":"if","locations":[{"start":{"line":156,"column":12},"end":{"line":158,"column":13}},{"start":{"line":156,"column":12},"end":{"line":158,"column":13}}],"line":156},"13":{"loc":{"start":{"line":160,"column":19},"end":{"line":160,"column":50}},"type":"binary-expr","locations":[{"start":{"line":160,"column":19},"end":{"line":160,"column":33}},{"start":{"line":160,"column":37},"end":{"line":160,"column":50}}],"line":160},"14":{"loc":{"start":{"line":163,"column":12},"end":{"line":172,"column":14}},"type":"binary-expr","locations":[{"start":{"line":163,"column":12},"end":{"line":163,"column":26}},{"start":{"line":164,"column":12},"end":{"line":172,"column":14}}],"line":163},"15":{"loc":{"start":{"line":205,"column":4},"end":{"line":220,"column":5}},"type":"if","locations":[{"start":{"line":205,"column":4},"end":{"line":220,"column":5}},{"start":{"line":205,"column":4},"end":{"line":220,"column":5}}],"line":205},"16":{"loc":{"start":{"line":222,"column":4},"end":{"line":237,"column":5}},"type":"if","locations":[{"start":{"line":222,"column":4},"end":{"line":237,"column":5}},{"start":{"line":222,"column":4},"end":{"line":237,"column":5}}],"line":222},"17":{"loc":{"start":{"line":222,"column":8},"end":{"line":222,"column":26}},"type":"binary-expr","locations":[{"start":{"line":222,"column":8},"end":{"line":222,"column":13}},{"start":{"line":222,"column":17},"end":{"line":222,"column":26}}],"line":222},"18":{"loc":{"start":{"line":239,"column":4},"end":{"line":242,"column":5}},"type":"if","locations":[{"start":{"line":239,"column":4},"end":{"line":242,"column":5}},{"start":{"line":239,"column":4},"end":{"line":242,"column":5}}],"line":239},"19":{"loc":{"start":{"line":255,"column":28},"end":{"line":255,"column":68}},"type":"binary-expr","locations":[{"start":{"line":255,"column":28},"end":{"line":255,"column":41}},{"start":{"line":255,"column":45},"end":{"line":255,"column":68}}],"line":255},"20":{"loc":{"start":{"line":259,"column":8},"end":{"line":264,"column":9}},"type":"if","locations":[{"start":{"line":259,"column":8},"end":{"line":264,"column":9}},{"start":{"line":259,"column":8},"end":{"line":264,"column":9}}],"line":259},"21":{"loc":{"start":{"line":266,"column":8},"end":{"line":268,"column":9}},"type":"if","locations":[{"start":{"line":266,"column":8},"end":{"line":268,"column":9}},{"start":{"line":266,"column":8},"end":{"line":268,"column":9}}],"line":266},"22":{"loc":{"start":{"line":299,"column":6},"end":{"line":326,"column":7}},"type":"if","locations":[{"start":{"line":299,"column":6},"end":{"line":326,"column":7}},{"start":{"line":299,"column":6},"end":{"line":326,"column":7}}],"line":299},"23":{"loc":{"start":{"line":343,"column":10},"end":{"line":359,"column":16}},"type":"binary-expr","locations":[{"start":{"line":343,"column":10},"end":{"line":343,"column":37}},{"start":{"line":344,"column":10},"end":{"line":359,"column":16}}],"line":343}},"s":{"0":2,"1":2,"2":2,"3":2,"4":2,"5":2,"6":2,"7":2,"8":2,"9":2,"10":2,"11":0,"12":0,"13":0,"14":0,"15":0,"16":0,"17":2,"18":2,"19":0,"20":0,"21":0,"22":0,"23":0,"24":0,"25":0,"26":0,"27":0,"28":0,"29":0,"30":0,"31":0,"32":0,"33":0,"34":0,"35":0,"36":0,"37":0,"38":0,"39":0,"40":2,"41":2,"42":2,"43":2,"44":2,"45":6,"46":6,"47":6,"48":6,"49":6,"50":0,"51":2,"52":2,"53":0,"54":4,"55":12,"56":12,"57":12,"58":0,"59":12,"60":12,"61":18,"62":18,"63":4,"64":4,"65":4,"66":4,"67":0,"68":4,"69":0,"70":4,"71":2,"72":2,"73":4,"74":4,"75":4,"76":4,"77":4,"78":4,"79":4,"80":24,"81":24,"82":24,"83":24,"84":16,"85":16,"86":8,"87":24,"88":0,"89":24,"90":4,"91":4,"92":4,"93":4,"94":4,"95":8,"96":4,"97":4,"98":4,"99":0,"100":6,"101":1,"102":1,"103":1},"f":{"0":2,"1":2,"2":0,"3":2,"4":0,"5":0,"6":0,"7":0,"8":0,"9":0,"10":2,"11":2,"12":6,"13":0,"14":4,"15":12,"16":18,"17":4,"18":4,"19":24,"20":8,"21":4,"22":0,"23":6},"b":{"0":[0,2],"1":[0,2],"2":[0,0],"3":[0,0],"4":[0,0],"5":[0,0],"6":[0,0],"7":[2,0],"8":[0,6],"9":[4],"10":[0,12],"11":[12,0,0],"12":[18,0],"13":[12,0],"14":[12,0],"15":[0,4],"16":[0,4],"17":[4,0],"18":[2,2],"19":[24,24],"20":[16,8],"21":[0,24],"22":[4,0],"23":[4,0]},"_coverageSchema":"332fd63041d2c1bcb487cc26dd0d5f7d97098a6c","hash":"17a6c20be70d4808441488ca05882408e27f565f"}
,"/Users/nick/develop/plasma/src/components/Tabs/Tabs.jsx": {"path":"/Users/nick/develop/plasma/src/components/Tabs/Tabs.jsx","statementMap":{"0":{"start":{"line":13,"column":4},"end":{"line":13,"column":42}},"1":{"start":{"line":16,"column":4},"end":{"line":18,"column":5}},"2":{"start":{"line":17,"column":6},"end":{"line":17,"column":31}},"3":{"start":{"line":21,"column":4},"end":{"line":50,"column":6}},"4":{"start":{"line":28,"column":29},"end":{"line":34,"column":12}},"5":{"start":{"line":36,"column":10},"end":{"line":47,"column":12}},"6":{"start":{"line":39,"column":29},"end":{"line":39,"column":53}},"7":{"start":{"line":40,"column":36},"end":{"line":40,"column":69}},"8":{"start":{"line":54,"column":0},"end":{"line":57,"column":2}},"9":{"start":{"line":59,"column":0},"end":{"line":68,"column":2}},"10":{"start":{"line":70,"column":0},"end":{"line":70,"column":33}}},"fnMap":{"0":{"name":"(anonymous_0)","decl":{"start":{"line":12,"column":2},"end":{"line":12,"column":3}},"loc":{"start":{"line":12,"column":22},"end":{"line":14,"column":3}},"line":12},"1":{"name":"(anonymous_1)","decl":{"start":{"line":15,"column":2},"end":{"line":15,"column":3}},"loc":{"start":{"line":15,"column":31},"end":{"line":19,"column":3}},"line":15},"2":{"name":"(anonymous_2)","decl":{"start":{"line":20,"column":2},"end":{"line":20,"column":3}},"loc":{"start":{"line":20,"column":11},"end":{"line":51,"column":3}},"line":20},"3":{"name":"(anonymous_3)","decl":{"start":{"line":27,"column":32},"end":{"line":27,"column":33}},"loc":{"start":{"line":27,"column":48},"end":{"line":48,"column":9}},"line":27},"4":{"name":"(anonymous_4)","decl":{"start":{"line":39,"column":23},"end":{"line":39,"column":24}},"loc":{"start":{"line":39,"column":29},"end":{"line":39,"column":53}},"line":39},"5":{"name":"(anonymous_5)","decl":{"start":{"line":40,"column":25},"end":{"line":40,"column":26}},"loc":{"start":{"line":40,"column":36},"end":{"line":40,"column":69}},"line":40},"6":{"name":"(anonymous_6)","decl":{"start":{"line":56,"column":12},"end":{"line":56,"column":13}},"loc":{"start":{"line":56,"column":18},"end":{"line":56,"column":21}},"line":56}},"branchMap":{"0":{"loc":{"start":{"line":16,"column":4},"end":{"line":18,"column":5}},"type":"if","locations":[{"start":{"line":16,"column":4},"end":{"line":18,"column":5}},{"start":{"line":16,"column":4},"end":{"line":18,"column":5}}],"line":16},"1":{"loc":{"start":{"line":30,"column":14},"end":{"line":30,"column":90}},"type":"binary-expr","locations":[{"start":{"line":30,"column":14},"end":{"line":30,"column":48}},{"start":{"line":30,"column":52},"end":{"line":30,"column":90}}],"line":30}},"s":{"0":4,"1":2,"2":2,"3":6,"4":12,"5":12,"6":2,"7":2,"8":1,"9":1,"10":1},"f":{"0":4,"1":2,"2":6,"3":12,"4":2,"5":2,"6":0},"b":{"0":[2,0],"1":[12,12]},"_coverageSchema":"332fd63041d2c1bcb487cc26dd0d5f7d97098a6c","hash":"790e91d095188b7d3d91dd825cdba0cbe7f0c630"}
,"/Users/nick/develop/plasma/src/components/Tag/Tag.jsx": {"path":"/Users/nick/develop/plasma/src/components/Tag/Tag.jsx","statementMap":{"0":{"start":{"line":10,"column":12},"end":{"line":20,"column":1}},"1":{"start":{"line":11,"column":21},"end":{"line":11,"column":58}},"2":{"start":{"line":12,"column":2},"end":{"line":19,"column":4}},"3":{"start":{"line":22,"column":0},"end":{"line":38,"column":2}},"4":{"start":{"line":24,"column":4},"end":{"line":27,"column":5}},"5":{"start":{"line":26,"column":6},"end":{"line":26,"column":101}},"6":{"start":{"line":28,"column":4},"end":{"line":28,"column":16}},"7":{"start":{"line":31,"column":4},"end":{"line":34,"column":5}},"8":{"start":{"line":33,"column":6},"end":{"line":33,"column":101}},"9":{"start":{"line":35,"column":4},"end":{"line":35,"column":16}},"10":{"start":{"line":40,"column":0},"end":{"line":40,"column":31}}},"fnMap":{"0":{"name":"(anonymous_0)","decl":{"start":{"line":10,"column":12},"end":{"line":10,"column":13}},"loc":{"start":{"line":10,"column":58},"end":{"line":20,"column":1}},"line":10},"1":{"name":"(anonymous_1)","decl":{"start":{"line":23,"column":8},"end":{"line":23,"column":9}},"loc":{"start":{"line":23,"column":44},"end":{"line":29,"column":3}},"line":23},"2":{"name":"(anonymous_2)","decl":{"start":{"line":30,"column":12},"end":{"line":30,"column":13}},"loc":{"start":{"line":30,"column":48},"end":{"line":36,"column":3}},"line":30}},"branchMap":{"0":{"loc":{"start":{"line":10,"column":37},"end":{"line":10,"column":51}},"type":"default-arg","locations":[{"start":{"line":10,"column":49},"end":{"line":10,"column":51}}],"line":10},"1":{"loc":{"start":{"line":17,"column":13},"end":{"line":17,"column":29}},"type":"binary-expr","locations":[{"start":{"line":17,"column":13},"end":{"line":17,"column":17}},{"start":{"line":17,"column":21},"end":{"line":17,"column":29}}],"line":17},"2":{"loc":{"start":{"line":24,"column":4},"end":{"line":27,"column":5}},"type":"if","locations":[{"start":{"line":24,"column":4},"end":{"line":27,"column":5}},{"start":{"line":24,"column":4},"end":{"line":27,"column":5}}],"line":24},"3":{"loc":{"start":{"line":24,"column":8},"end":{"line":24,"column":38}},"type":"binary-expr","locations":[{"start":{"line":24,"column":8},"end":{"line":24,"column":19}},{"start":{"line":24,"column":23},"end":{"line":24,"column":38}}],"line":24},"4":{"loc":{"start":{"line":31,"column":4},"end":{"line":34,"column":5}},"type":"if","locations":[{"start":{"line":31,"column":4},"end":{"line":34,"column":5}},{"start":{"line":31,"column":4},"end":{"line":34,"column":5}}],"line":31},"5":{"loc":{"start":{"line":31,"column":8},"end":{"line":31,"column":38}},"type":"binary-expr","locations":[{"start":{"line":31,"column":8},"end":{"line":31,"column":19}},{"start":{"line":31,"column":23},"end":{"line":31,"column":38}}],"line":31}},"s":{"0":1,"1":1,"2":1,"3":1,"4":1,"5":0,"6":1,"7":1,"8":0,"9":1,"10":1},"f":{"0":1,"1":1,"2":1},"b":{"0":[1],"1":[1,1],"2":[0,1],"3":[1,1],"4":[0,1],"5":[1,1]},"_coverageSchema":"332fd63041d2c1bcb487cc26dd0d5f7d97098a6c","hash":"d0b502b4641754ba2a8392556c6d7997f8f07992"}
,"/Users/nick/develop/plasma/src/components/Text/Text.jsx": {"path":"/Users/nick/develop/plasma/src/components/Text/Text.jsx","statementMap":{"0":{"start":{"line":11,"column":4},"end":{"line":19,"column":6}},"1":{"start":{"line":23,"column":0},"end":{"line":25,"column":2}},"2":{"start":{"line":27,"column":0},"end":{"line":31,"column":2}},"3":{"start":{"line":33,"column":0},"end":{"line":33,"column":33}}},"fnMap":{"0":{"name":"(anonymous_0)","decl":{"start":{"line":10,"column":2},"end":{"line":10,"column":3}},"loc":{"start":{"line":10,"column":11},"end":{"line":20,"column":3}},"line":10}},"branchMap":{},"s":{"0":1,"1":1,"2":1,"3":1},"f":{"0":1},"b":{},"_coverageSchema":"332fd63041d2c1bcb487cc26dd0d5f7d97098a6c","hash":"033322556f4c58f0facdd2221699b105cc7456cf"}
,"/Users/nick/develop/plasma/src/components/TextArea/TextArea.jsx": {"path":"/Users/nick/develop/plasma/src/components/TextArea/TextArea.jsx","statementMap":{"0":{"start":{"line":15,"column":25},"end":{"line":19,"column":6}},"1":{"start":{"line":21,"column":26},"end":{"line":24,"column":6}},"2":{"start":{"line":26,"column":4},"end":{"line":51,"column":6}},"3":{"start":{"line":32,"column":23},"end":{"line":32,"column":45}},"4":{"start":{"line":39,"column":12},"end":{"line":39,"column":75}},"5":{"start":{"line":41,"column":12},"end":{"line":41,"column":55}},"6":{"start":{"line":44,"column":12},"end":{"line":44,"column":74}},"7":{"start":{"line":45,"column":12},"end":{"line":45,"column":53}},"8":{"start":{"line":55,"column":0},"end":{"line":66,"column":2}},"9":{"start":{"line":68,"column":0},"end":{"line":71,"column":2}},"10":{"start":{"line":73,"column":0},"end":{"line":73,"column":41}}},"fnMap":{"0":{"name":"(anonymous_0)","decl":{"start":{"line":14,"column":2},"end":{"line":14,"column":3}},"loc":{"start":{"line":14,"column":11},"end":{"line":52,"column":3}},"line":14},"1":{"name":"(anonymous_1)","decl":{"start":{"line":32,"column":15},"end":{"line":32,"column":16}},"loc":{"start":{"line":32,"column":23},"end":{"line":32,"column":45}},"line":32},"2":{"name":"(anonymous_2)","decl":{"start":{"line":37,"column":19},"end":{"line":37,"column":20}},"loc":{"start":{"line":37,"column":26},"end":{"line":42,"column":11}},"line":37},"3":{"name":"(anonymous_3)","decl":{"start":{"line":43,"column":18},"end":{"line":43,"column":19}},"loc":{"start":{"line":43,"column":25},"end":{"line":46,"column":11}},"line":43}},"branchMap":{"0":{"loc":{"start":{"line":32,"column":23},"end":{"line":32,"column":45}},"type":"binary-expr","locations":[{"start":{"line":32,"column":23},"end":{"line":32,"column":25}},{"start":{"line":32,"column":29},"end":{"line":32,"column":45}}],"line":32},"1":{"loc":{"start":{"line":41,"column":12},"end":{"line":41,"column":54}},"type":"binary-expr","locations":[{"start":{"line":41,"column":12},"end":{"line":41,"column":30}},{"start":{"line":41,"column":34},"end":{"line":41,"column":54}}],"line":41},"2":{"loc":{"start":{"line":45,"column":12},"end":{"line":45,"column":52}},"type":"binary-expr","locations":[{"start":{"line":45,"column":12},"end":{"line":45,"column":29}},{"start":{"line":45,"column":33},"end":{"line":45,"column":52}}],"line":45}},"s":{"0":3,"1":3,"2":3,"3":3,"4":1,"5":1,"6":1,"7":1,"8":1,"9":1,"10":1},"f":{"0":3,"1":3,"2":1,"3":1},"b":{"0":[3,2],"1":[1,1],"2":[1,1]},"_coverageSchema":"332fd63041d2c1bcb487cc26dd0d5f7d97098a6c","hash":"ce32d6b8bb9f2ee4c3cfde9372b6011ec7cffb8a"}
,"/Users/nick/develop/plasma/src/components/TextArea/autogrow.js": {"path":"/Users/nick/develop/plasma/src/components/TextArea/autogrow.js","statementMap":{"0":{"start":{"line":1,"column":0},"end":{"line":61,"column":3}},"1":{"start":{"line":2,"column":2},"end":{"line":8,"column":3}},"2":{"start":{"line":3,"column":4},"end":{"line":3,"column":24}},"3":{"start":{"line":4,"column":9},"end":{"line":8,"column":3}},"4":{"start":{"line":5,"column":4},"end":{"line":5,"column":31}},"5":{"start":{"line":7,"column":4},"end":{"line":7,"column":30}},"6":{"start":{"line":10,"column":2},"end":{"line":60,"column":4}},"7":{"start":{"line":11,"column":15},"end":{"line":11,"column":19}},"8":{"start":{"line":13,"column":4},"end":{"line":15,"column":5}},"9":{"start":{"line":14,"column":6},"end":{"line":14,"column":21}},"10":{"start":{"line":22,"column":4},"end":{"line":31,"column":6}},"11":{"start":{"line":23,"column":18},"end":{"line":23,"column":57}},"12":{"start":{"line":24,"column":16},"end":{"line":24,"column":47}},"13":{"start":{"line":25,"column":17},"end":{"line":25,"column":18}},"14":{"start":{"line":27,"column":6},"end":{"line":29,"column":7}},"15":{"start":{"line":28,"column":8},"end":{"line":28,"column":44}},"16":{"start":{"line":30,"column":6},"end":{"line":30,"column":20}},"17":{"start":{"line":37,"column":4},"end":{"line":51,"column":6}},"18":{"start":{"line":38,"column":22},"end":{"line":38,"column":23}},"19":{"start":{"line":39,"column":19},"end":{"line":39,"column":24}},"20":{"start":{"line":40,"column":6},"end":{"line":48,"column":7}},"21":{"start":{"line":41,"column":8},"end":{"line":41,"column":44}},"22":{"start":{"line":42,"column":8},"end":{"line":42,"column":42}},"23":{"start":{"line":44,"column":8},"end":{"line":44,"column":44}},"24":{"start":{"line":45,"column":8},"end":{"line":45,"column":39}},"25":{"start":{"line":46,"column":8},"end":{"line":46,"column":51}},"26":{"start":{"line":47,"column":8},"end":{"line":47,"column":24}},"27":{"start":{"line":49,"column":6},"end":{"line":49,"column":47}},"28":{"start":{"line":50,"column":6},"end":{"line":50,"column":22}},"29":{"start":{"line":53,"column":17},"end":{"line":53,"column":41}},"30":{"start":{"line":54,"column":4},"end":{"line":54,"column":35}},"31":{"start":{"line":55,"column":4},"end":{"line":55,"column":81}},"32":{"start":{"line":56,"column":4},"end":{"line":56,"column":66}},"33":{"start":{"line":59,"column":4},"end":{"line":59,"column":56}}},"fnMap":{"0":{"name":"(anonymous_0)","decl":{"start":{"line":1,"column":1},"end":{"line":1,"column":2}},"loc":{"start":{"line":1,"column":25},"end":{"line":9,"column":1}},"line":1},"1":{"name":"(anonymous_1)","decl":{"start":{"line":9,"column":9},"end":{"line":9,"column":10}},"loc":{"start":{"line":9,"column":20},"end":{"line":61,"column":1}},"line":9},"2":{"name":"(anonymous_2)","decl":{"start":{"line":10,"column":9},"end":{"line":10,"column":10}},"loc":{"start":{"line":10,"column":38},"end":{"line":60,"column":3}},"line":10},"3":{"name":"(anonymous_3)","decl":{"start":{"line":22,"column":21},"end":{"line":22,"column":22}},"loc":{"start":{"line":22,"column":40},"end":{"line":31,"column":5}},"line":22},"4":{"name":"(anonymous_4)","decl":{"start":{"line":37,"column":22},"end":{"line":37,"column":23}},"loc":{"start":{"line":37,"column":33},"end":{"line":51,"column":5}},"line":37}},"branchMap":{"0":{"loc":{"start":{"line":2,"column":2},"end":{"line":8,"column":3}},"type":"if","locations":[{"start":{"line":2,"column":2},"end":{"line":8,"column":3}},{"start":{"line":2,"column":2},"end":{"line":8,"column":3}}],"line":2},"1":{"loc":{"start":{"line":2,"column":6},"end":{"line":2,"column":48}},"type":"binary-expr","locations":[{"start":{"line":2,"column":6},"end":{"line":2,"column":34}},{"start":{"line":2,"column":38},"end":{"line":2,"column":48}}],"line":2},"2":{"loc":{"start":{"line":4,"column":9},"end":{"line":8,"column":3}},"type":"if","locations":[{"start":{"line":4,"column":9},"end":{"line":8,"column":3}},{"start":{"line":4,"column":9},"end":{"line":8,"column":3}}],"line":4},"3":{"loc":{"start":{"line":4,"column":13},"end":{"line":4,"column":57}},"type":"binary-expr","locations":[{"start":{"line":4,"column":13},"end":{"line":4,"column":39}},{"start":{"line":4,"column":43},"end":{"line":4,"column":57}}],"line":4},"4":{"loc":{"start":{"line":13,"column":4},"end":{"line":15,"column":5}},"type":"if","locations":[{"start":{"line":13,"column":4},"end":{"line":15,"column":5}},{"start":{"line":13,"column":4},"end":{"line":15,"column":5}}],"line":13},"5":{"loc":{"start":{"line":40,"column":6},"end":{"line":48,"column":7}},"type":"if","locations":[{"start":{"line":40,"column":6},"end":{"line":48,"column":7}},{"start":{"line":40,"column":6},"end":{"line":48,"column":7}}],"line":40},"6":{"loc":{"start":{"line":54,"column":16},"end":{"line":54,"column":34}},"type":"binary-expr","locations":[{"start":{"line":54,"column":16},"end":{"line":54,"column":29}},{"start":{"line":54,"column":33},"end":{"line":54,"column":34}}],"line":54}},"s":{"0":1,"1":1,"2":0,"3":1,"4":1,"5":0,"6":1,"7":2,"8":2,"9":2,"10":2,"11":2,"12":2,"13":2,"14":2,"15":4,"16":2,"17":2,"18":0,"19":0,"20":0,"21":0,"22":0,"23":0,"24":0,"25":0,"26":0,"27":0,"28":0,"29":2,"30":2,"31":2,"32":2,"33":2},"f":{"0":1,"1":1,"2":2,"3":2,"4":0},"b":{"0":[0,1],"1":[1,0],"2":[1,0],"3":[1,1],"4":[2,0],"5":[0,0],"6":[2,0]},"_coverageSchema":"332fd63041d2c1bcb487cc26dd0d5f7d97098a6c","hash":"18f03e2248b6415ef829f7447cf23932ee3e24de"}
,"/Users/nick/develop/plasma/src/components/TextInput/TextInput.jsx": {"path":"/Users/nick/develop/plasma/src/components/TextInput/TextInput.jsx","statementMap":{"0":{"start":{"line":11,"column":18},"end":{"line":72,"column":1}},"1":{"start":{"line":27,"column":19},"end":{"line":30,"column":4}},"2":{"start":{"line":32,"column":23},"end":{"line":36,"column":4}},"3":{"start":{"line":38,"column":21},"end":{"line":41,"column":4}},"4":{"start":{"line":43,"column":2},"end":{"line":71,"column":4}},"5":{"start":{"line":54,"column":10},"end":{"line":54,"column":73}},"6":{"start":{"line":56,"column":10},"end":{"line":56,"column":31}},"7":{"start":{"line":59,"column":10},"end":{"line":59,"column":72}},"8":{"start":{"line":60,"column":10},"end":{"line":60,"column":29}},"9":{"start":{"line":74,"column":0},"end":{"line":88,"column":2}},"10":{"start":{"line":90,"column":0},"end":{"line":93,"column":2}},"11":{"start":{"line":95,"column":0},"end":{"line":95,"column":43}}},"fnMap":{"0":{"name":"(anonymous_0)","decl":{"start":{"line":11,"column":18},"end":{"line":11,"column":19}},"loc":{"start":{"line":26,"column":5},"end":{"line":72,"column":1}},"line":26},"1":{"name":"(anonymous_1)","decl":{"start":{"line":52,"column":17},"end":{"line":52,"column":18}},"loc":{"start":{"line":52,"column":24},"end":{"line":57,"column":9}},"line":52},"2":{"name":"(anonymous_2)","decl":{"start":{"line":58,"column":16},"end":{"line":58,"column":17}},"loc":{"start":{"line":58,"column":23},"end":{"line":61,"column":9}},"line":58}},"branchMap":{"0":{"loc":{"start":{"line":33,"column":29},"end":{"line":33,"column":51}},"type":"binary-expr","locations":[{"start":{"line":33,"column":29},"end":{"line":33,"column":39}},{"start":{"line":33,"column":43},"end":{"line":33,"column":51}}],"line":33},"1":{"loc":{"start":{"line":39,"column":22},"end":{"line":39,"column":44}},"type":"binary-expr","locations":[{"start":{"line":39,"column":22},"end":{"line":39,"column":32}},{"start":{"line":39,"column":36},"end":{"line":39,"column":44}}],"line":39},"2":{"loc":{"start":{"line":50,"column":18},"end":{"line":50,"column":40}},"type":"binary-expr","locations":[{"start":{"line":50,"column":18},"end":{"line":50,"column":28}},{"start":{"line":50,"column":32},"end":{"line":50,"column":40}}],"line":50},"3":{"loc":{"start":{"line":56,"column":10},"end":{"line":56,"column":30}},"type":"binary-expr","locations":[{"start":{"line":56,"column":10},"end":{"line":56,"column":17}},{"start":{"line":56,"column":21},"end":{"line":56,"column":30}}],"line":56},"4":{"loc":{"start":{"line":60,"column":10},"end":{"line":60,"column":28}},"type":"binary-expr","locations":[{"start":{"line":60,"column":10},"end":{"line":60,"column":16}},{"start":{"line":60,"column":20},"end":{"line":60,"column":28}}],"line":60},"5":{"loc":{"start":{"line":66,"column":7},"end":{"line":69,"column":14}},"type":"binary-expr","locations":[{"start":{"line":66,"column":8},"end":{"line":66,"column":14}},{"start":{"line":66,"column":18},"end":{"line":66,"column":24}},{"start":{"line":67,"column":8},"end":{"line":69,"column":14}}],"line":66},"6":{"loc":{"start":{"line":68,"column":11},"end":{"line":68,"column":27}},"type":"binary-expr","locations":[{"start":{"line":68,"column":11},"end":{"line":68,"column":17}},{"start":{"line":68,"column":21},"end":{"line":68,"column":27}}],"line":68}},"s":{"0":1,"1":3,"2":3,"3":3,"4":3,"5":1,"6":1,"7":1,"8":1,"9":1,"10":1,"11":1},"f":{"0":3,"1":1,"2":1},"b":{"0":[3,3],"1":[3,3],"2":[3,3],"3":[1,1],"4":[1,1],"5":[3,3,0],"6":[0,0]},"_coverageSchema":"332fd63041d2c1bcb487cc26dd0d5f7d97098a6c","hash":"493570a3504c58d037c6d1ef37fe179f1a09749e"}
,"/Users/nick/develop/plasma/src/components/Toggle/Toggle.jsx": {"path":"/Users/nick/develop/plasma/src/components/Toggle/Toggle.jsx","statementMap":{"0":{"start":{"line":11,"column":13},"end":{"line":14,"column":1}},"1":{"start":{"line":18,"column":4},"end":{"line":18,"column":45}},"2":{"start":{"line":22,"column":4},"end":{"line":24,"column":5}},"3":{"start":{"line":23,"column":6},"end":{"line":23,"column":34}},"4":{"start":{"line":28,"column":4},"end":{"line":57,"column":6}},"5":{"start":{"line":35,"column":32},"end":{"line":41,"column":12}},"6":{"start":{"line":43,"column":10},"end":{"line":54,"column":12}},"7":{"start":{"line":46,"column":29},"end":{"line":46,"column":56}},"8":{"start":{"line":47,"column":36},"end":{"line":47,"column":72}},"9":{"start":{"line":61,"column":0},"end":{"line":65,"column":2}},"10":{"start":{"line":67,"column":0},"end":{"line":78,"column":2}},"11":{"start":{"line":80,"column":0},"end":{"line":80,"column":37}}},"fnMap":{"0":{"name":"(anonymous_0)","decl":{"start":{"line":17,"column":2},"end":{"line":17,"column":3}},"loc":{"start":{"line":17,"column":25},"end":{"line":19,"column":3}},"line":17},"1":{"name":"(anonymous_1)","decl":{"start":{"line":21,"column":2},"end":{"line":21,"column":3}},"loc":{"start":{"line":21,"column":34},"end":{"line":25,"column":3}},"line":21},"2":{"name":"(anonymous_2)","decl":{"start":{"line":27,"column":2},"end":{"line":27,"column":3}},"loc":{"start":{"line":27,"column":11},"end":{"line":58,"column":3}},"line":27},"3":{"name":"(anonymous_3)","decl":{"start":{"line":34,"column":34},"end":{"line":34,"column":35}},"loc":{"start":{"line":34,"column":53},"end":{"line":55,"column":9}},"line":34},"4":{"name":"(anonymous_4)","decl":{"start":{"line":46,"column":23},"end":{"line":46,"column":24}},"loc":{"start":{"line":46,"column":29},"end":{"line":46,"column":56}},"line":46},"5":{"name":"(anonymous_5)","decl":{"start":{"line":47,"column":25},"end":{"line":47,"column":26}},"loc":{"start":{"line":47,"column":36},"end":{"line":47,"column":72}},"line":47},"6":{"name":"(anonymous_6)","decl":{"start":{"line":64,"column":12},"end":{"line":64,"column":13}},"loc":{"start":{"line":64,"column":18},"end":{"line":64,"column":21}},"line":64}},"branchMap":{"0":{"loc":{"start":{"line":22,"column":4},"end":{"line":24,"column":5}},"type":"if","locations":[{"start":{"line":22,"column":4},"end":{"line":24,"column":5}},{"start":{"line":22,"column":4},"end":{"line":24,"column":5}}],"line":22},"1":{"loc":{"start":{"line":36,"column":29},"end":{"line":37,"column":70}},"type":"binary-expr","locations":[{"start":{"line":36,"column":29},"end":{"line":36,"column":63}},{"start":{"line":37,"column":29},"end":{"line":37,"column":70}}],"line":36}},"s":{"0":1,"1":2,"2":1,"3":1,"4":4,"5":7,"6":7,"7":1,"8":1,"9":1,"10":1,"11":1},"f":{"0":2,"1":1,"2":4,"3":7,"4":1,"5":1,"6":0},"b":{"0":[1,0],"1":[7,7]},"_coverageSchema":"332fd63041d2c1bcb487cc26dd0d5f7d97098a6c","hash":"263c9e08856c618a6ca88327e038961906b47ea7"}
,"/Users/nick/develop/plasma/src/components/Tooltip/Tooltip.jsx": {"path":"/Users/nick/develop/plasma/src/components/Tooltip/Tooltip.jsx","statementMap":{"0":{"start":{"line":11,"column":4},"end":{"line":21,"column":6}},"1":{"start":{"line":25,"column":0},"end":{"line":28,"column":2}},"2":{"start":{"line":30,"column":0},"end":{"line":35,"column":2}},"3":{"start":{"line":37,"column":0},"end":{"line":37,"column":39}}},"fnMap":{"0":{"name":"(anonymous_0)","decl":{"start":{"line":10,"column":2},"end":{"line":10,"column":3}},"loc":{"start":{"line":10,"column":11},"end":{"line":22,"column":3}},"line":10}},"branchMap":{},"s":{"0":1,"1":1,"2":1,"3":1},"f":{"0":1},"b":{},"_coverageSchema":"332fd63041d2c1bcb487cc26dd0d5f7d97098a6c","hash":"48027f7adcd6d7207031993a9a03d42e05bb5239"}
,"/Users/nick/develop/plasma/src/tests/setup.js": {"path":"/Users/nick/develop/plasma/src/tests/setup.js","statementMap":{"0":{"start":{"line":1,"column":18},"end":{"line":1,"column":34}},"1":{"start":{"line":3,"column":14},"end":{"line":3,"column":68}},"2":{"start":{"line":4,"column":19},"end":{"line":4,"column":24}},"3":{"start":{"line":7,"column":16},"end":{"line":9,"column":60}},"4":{"start":{"line":8,"column":20},"end":{"line":8,"column":55}},"5":{"start":{"line":9,"column":17},"end":{"line":9,"column":59}},"6":{"start":{"line":10,"column":2},"end":{"line":10,"column":41}},"7":{"start":{"line":13,"column":0},"end":{"line":13,"column":23}},"8":{"start":{"line":14,"column":0},"end":{"line":14,"column":34}},"9":{"start":{"line":15,"column":0},"end":{"line":17,"column":2}},"10":{"start":{"line":18,"column":0},"end":{"line":18,"column":26}}},"fnMap":{"0":{"name":"copyProps","decl":{"start":{"line":6,"column":9},"end":{"line":6,"column":18}},"loc":{"start":{"line":6,"column":32},"end":{"line":11,"column":1}},"line":6},"1":{"name":"(anonymous_1)","decl":{"start":{"line":8,"column":12},"end":{"line":8,"column":13}},"loc":{"start":{"line":8,"column":20},"end":{"line":8,"column":55}},"line":8},"2":{"name":"(anonymous_2)","decl":{"start":{"line":9,"column":9},"end":{"line":9,"column":10}},"loc":{"start":{"line":9,"column":17},"end":{"line":9,"column":59}},"line":9}},"branchMap":{},"s":{"0":20,"1":20,"2":20,"3":20,"4":4280,"5":60,"6":20,"7":20,"8":20,"9":20,"10":20},"f":{"0":20,"1":4280,"2":60},"b":{},"_coverageSchema":"332fd63041d2c1bcb487cc26dd0d5f7d97098a6c","hash":"f741acf080ab6f98b0f9cd2ee64bd272d0425804"}
}
