{"/Users/chelsea.kochan/source/plasma/src/dataUtils.js": {"path":"/Users/chelsea.kochan/source/plasma/src/dataUtils.js","statementMap":{"0":{"start":{"line":4,"column":28},"end":{"line":7,"column":1}},"1":{"start":{"line":5,"column":2},"end":{"line":5,"column":23}},"2":{"start":{"line":5,"column":13},"end":{"line":5,"column":23}},"3":{"start":{"line":6,"column":2},"end":{"line":6,"column":63}},"4":{"start":{"line":6,"column":37},"end":{"line":6,"column":61}},"5":{"start":{"line":9,"column":28},"end":{"line":16,"column":1}},"6":{"start":{"line":10,"column":2},"end":{"line":15,"column":4}}},"fnMap":{"0":{"name":"(anonymous_0)","decl":{"start":{"line":4,"column":28},"end":{"line":4,"column":29}},"loc":{"start":{"line":4,"column":38},"end":{"line":7,"column":1}},"line":4},"1":{"name":"(anonymous_1)","decl":{"start":{"line":6,"column":23},"end":{"line":6,"column":24}},"loc":{"start":{"line":6,"column":37},"end":{"line":6,"column":61}},"line":6},"2":{"name":"getDataProps","decl":{"start":{"line":9,"column":37},"end":{"line":9,"column":49}},"loc":{"start":{"line":9,"column":52},"end":{"line":16,"column":1}},"line":9}},"branchMap":{"0":{"loc":{"start":{"line":5,"column":2},"end":{"line":5,"column":23}},"type":"if","locations":[{"start":{"line":5,"column":2},"end":{"line":5,"column":23}},{"start":{"line":5,"column":2},"end":{"line":5,"column":23}}],"line":5}},"s":{"0":25,"1":71,"2":69,"3":2,"4":2,"5":25,"6":32},"f":{"0":71,"1":2,"2":32},"b":{"0":[69,2]},"_coverageSchema":"332fd63041d2c1bcb487cc26dd0d5f7d97098a6c","hash":"342b6ade378b70585f892a1d4c26bf8e96d9335d"}
,"/Users/chelsea.kochan/source/plasma/src/components/Button/Button.jsx": {"path":"/Users/chelsea.kochan/source/plasma/src/components/Button/Button.jsx","statementMap":{"0":{"start":{"line":11,"column":13},"end":{"line":11,"column":81}},"1":{"start":{"line":12,"column":13},"end":{"line":12,"column":31}},"2":{"start":{"line":17,"column":24},"end":{"line":24,"column":6}},"3":{"start":{"line":27,"column":4},"end":{"line":32,"column":5}},"4":{"start":{"line":31,"column":6},"end":{"line":31,"column":67}},"5":{"start":{"line":35,"column":4},"end":{"line":39,"column":5}},"6":{"start":{"line":36,"column":6},"end":{"line":36,"column":62}},"7":{"start":{"line":38,"column":6},"end":{"line":38,"column":65}},"8":{"start":{"line":41,"column":21},"end":{"line":41,"column":29}},"9":{"start":{"line":42,"column":4},"end":{"line":44,"column":5}},"10":{"start":{"line":43,"column":6},"end":{"line":43,"column":28}},"11":{"start":{"line":46,"column":4},"end":{"line":57,"column":6}},"12":{"start":{"line":61,"column":0},"end":{"line":65,"column":2}},"13":{"start":{"line":67,"column":0},"end":{"line":81,"column":2}},"14":{"start":{"line":83,"column":0},"end":{"line":83,"column":37}}},"fnMap":{"0":{"name":"(anonymous_0)","decl":{"start":{"line":16,"column":2},"end":{"line":16,"column":3}},"loc":{"start":{"line":16,"column":11},"end":{"line":58,"column":3}},"line":16}},"branchMap":{"0":{"loc":{"start":{"line":27,"column":4},"end":{"line":32,"column":5}},"type":"if","locations":[{"start":{"line":27,"column":4},"end":{"line":32,"column":5}},{"start":{"line":27,"column":4},"end":{"line":32,"column":5}}],"line":27},"1":{"loc":{"start":{"line":28,"column":6},"end":{"line":29,"column":42}},"type":"binary-expr","locations":[{"start":{"line":28,"column":6},"end":{"line":28,"column":40}},{"start":{"line":29,"column":9},"end":{"line":29,"column":42}}],"line":28},"2":{"loc":{"start":{"line":35,"column":4},"end":{"line":39,"column":5}},"type":"if","locations":[{"start":{"line":35,"column":4},"end":{"line":39,"column":5}},{"start":{"line":35,"column":4},"end":{"line":39,"column":5}}],"line":35},"3":{"loc":{"start":{"line":38,"column":25},"end":{"line":38,"column":64}},"type":"binary-expr","locations":[{"start":{"line":38,"column":25},"end":{"line":38,"column":41}},{"start":{"line":38,"column":45},"end":{"line":38,"column":64}}],"line":38},"4":{"loc":{"start":{"line":42,"column":4},"end":{"line":44,"column":5}},"type":"if","locations":[{"start":{"line":42,"column":4},"end":{"line":44,"column":5}},{"start":{"line":42,"column":4},"end":{"line":44,"column":5}}],"line":42}},"s":{"0":1,"1":1,"2":12,"3":12,"4":2,"5":12,"6":1,"7":11,"8":12,"9":12,"10":1,"11":12,"12":1,"13":1,"14":1},"f":{"0":12},"b":{"0":[2,10],"1":[12,11],"2":[1,11],"3":[11,11],"4":[1,11]},"_coverageSchema":"332fd63041d2c1bcb487cc26dd0d5f7d97098a6c","hash":"eeab1a700dac32b570c7fb8ef3c6b66686c61af7"}
,"/Users/chelsea.kochan/source/plasma/src/components/Card/Card.jsx": {"path":"/Users/chelsea.kochan/source/plasma/src/components/Card/Card.jsx","statementMap":{"0":{"start":{"line":10,"column":18},"end":{"line":13,"column":1}},"1":{"start":{"line":14,"column":20},"end":{"line":14,"column":40}},"2":{"start":{"line":15,"column":28},"end":{"line":15,"column":42}},"3":{"start":{"line":19,"column":4},"end":{"line":19,"column":12}},"4":{"start":{"line":20,"column":4},"end":{"line":22,"column":6}},"5":{"start":{"line":27,"column":4},"end":{"line":33,"column":5}},"6":{"start":{"line":28,"column":24},"end":{"line":28,"column":58}},"7":{"start":{"line":29,"column":28},"end":{"line":29,"column":50}},"8":{"start":{"line":30,"column":25},"end":{"line":30,"column":60}},"9":{"start":{"line":31,"column":29},"end":{"line":31,"column":52}},"10":{"start":{"line":32,"column":6},"end":{"line":32,"column":55}},"11":{"start":{"line":34,"column":4},"end":{"line":34,"column":39}},"12":{"start":{"line":51,"column":8},"end":{"line":51,"column":18}},"13":{"start":{"line":53,"column":22},"end":{"line":58,"column":6}},"14":{"start":{"line":60,"column":24},"end":{"line":60,"column":30}},"15":{"start":{"line":61,"column":25},"end":{"line":61,"column":31}},"16":{"start":{"line":63,"column":4},"end":{"line":71,"column":5}},"17":{"start":{"line":64,"column":6},"end":{"line":70,"column":7}},"18":{"start":{"line":65,"column":8},"end":{"line":65,"column":26}},"19":{"start":{"line":66,"column":8},"end":{"line":66,"column":51}},"20":{"start":{"line":68,"column":8},"end":{"line":68,"column":49}},"21":{"start":{"line":69,"column":8},"end":{"line":69,"column":27}},"22":{"start":{"line":73,"column":4},"end":{"line":112,"column":6}},"23":{"start":{"line":76,"column":10},"end":{"line":76,"column":25}},"24":{"start":{"line":87,"column":84},"end":{"line":87,"column":90}},"25":{"start":{"line":92,"column":14},"end":{"line":92,"column":31}},"26":{"start":{"line":102,"column":16},"end":{"line":102,"column":34}},"27":{"start":{"line":116,"column":0},"end":{"line":116,"column":23}},"28":{"start":{"line":118,"column":0},"end":{"line":130,"column":2}},"29":{"start":{"line":132,"column":0},"end":{"line":132,"column":33}}},"fnMap":{"0":{"name":"(anonymous_0)","decl":{"start":{"line":18,"column":2},"end":{"line":18,"column":3}},"loc":{"start":{"line":18,"column":16},"end":{"line":23,"column":3}},"line":18},"1":{"name":"(anonymous_1)","decl":{"start":{"line":25,"column":2},"end":{"line":25,"column":3}},"loc":{"start":{"line":25,"column":22},"end":{"line":36,"column":3}},"line":25},"2":{"name":"(anonymous_2)","decl":{"start":{"line":38,"column":2},"end":{"line":38,"column":3}},"loc":{"start":{"line":38,"column":11},"end":{"line":113,"column":3}},"line":38},"3":{"name":"(anonymous_3)","decl":{"start":{"line":75,"column":13},"end":{"line":75,"column":14}},"loc":{"start":{"line":75,"column":18},"end":{"line":77,"column":9}},"line":75},"4":{"name":"(anonymous_4)","decl":{"start":{"line":87,"column":74},"end":{"line":87,"column":75}},"loc":{"start":{"line":87,"column":84},"end":{"line":87,"column":90}},"line":87},"5":{"name":"(anonymous_5)","decl":{"start":{"line":91,"column":17},"end":{"line":91,"column":18}},"loc":{"start":{"line":91,"column":22},"end":{"line":93,"column":13}},"line":91},"6":{"name":"(anonymous_6)","decl":{"start":{"line":101,"column":19},"end":{"line":101,"column":20}},"loc":{"start":{"line":101,"column":24},"end":{"line":103,"column":15}},"line":101}},"branchMap":{"0":{"loc":{"start":{"line":27,"column":4},"end":{"line":33,"column":5}},"type":"if","locations":[{"start":{"line":27,"column":4},"end":{"line":33,"column":5}},{"start":{"line":27,"column":4},"end":{"line":33,"column":5}}],"line":27},"1":{"loc":{"start":{"line":63,"column":4},"end":{"line":71,"column":5}},"type":"if","locations":[{"start":{"line":63,"column":4},"end":{"line":71,"column":5}},{"start":{"line":63,"column":4},"end":{"line":71,"column":5}}],"line":63},"2":{"loc":{"start":{"line":64,"column":6},"end":{"line":70,"column":7}},"type":"if","locations":[{"start":{"line":64,"column":6},"end":{"line":70,"column":7}},{"start":{"line":64,"column":6},"end":{"line":70,"column":7}}],"line":64},"3":{"loc":{"start":{"line":84,"column":11},"end":{"line":89,"column":11}},"type":"binary-expr","locations":[{"start":{"line":84,"column":12},"end":{"line":84,"column":17}},{"start":{"line":84,"column":21},"end":{"line":84,"column":28}},{"start":{"line":85,"column":12},"end":{"line":88,"column":18}}],"line":84},"4":{"loc":{"start":{"line":86,"column":15},"end":{"line":86,"column":51}},"type":"binary-expr","locations":[{"start":{"line":86,"column":15},"end":{"line":86,"column":20}},{"start":{"line":86,"column":24},"end":{"line":86,"column":51}}],"line":86},"5":{"loc":{"start":{"line":87,"column":15},"end":{"line":87,"column":98}},"type":"binary-expr","locations":[{"start":{"line":87,"column":15},"end":{"line":87,"column":22}},{"start":{"line":87,"column":26},"end":{"line":87,"column":98}}],"line":87},"6":{"loc":{"start":{"line":99,"column":11},"end":{"line":109,"column":11}},"type":"binary-expr","locations":[{"start":{"line":99,"column":11},"end":{"line":99,"column":28}},{"start":{"line":100,"column":12},"end":{"line":108,"column":18}}],"line":99}},"s":{"0":2,"1":2,"2":2,"3":9,"4":9,"5":2,"6":1,"7":1,"8":1,"9":1,"10":1,"11":2,"12":11,"13":11,"14":11,"15":11,"16":11,"17":2,"18":0,"19":0,"20":2,"21":2,"22":11,"23":6,"24":2,"25":6,"26":3,"27":2,"28":2,"29":2},"f":{"0":9,"1":2,"2":11,"3":6,"4":2,"5":6,"6":3},"b":{"0":[1,1],"1":[2,9],"2":[0,2],"3":[11,11,1],"4":[1,0],"5":[1,1],"6":[11,3]},"_coverageSchema":"332fd63041d2c1bcb487cc26dd0d5f7d97098a6c","hash":"e1f9ac269ff01d2d8581c4437572944f46e0c95b"}
,"/Users/chelsea.kochan/source/plasma/src/components/Checkbox/Checkbox.jsx": {"path":"/Users/chelsea.kochan/source/plasma/src/components/Checkbox/Checkbox.jsx","statementMap":{"0":{"start":{"line":21,"column":8},"end":{"line":21,"column":18}},"1":{"start":{"line":22,"column":15},"end":{"line":22,"column":29}},"2":{"start":{"line":23,"column":27},"end":{"line":23,"column":79}},"3":{"start":{"line":24,"column":29},"end":{"line":26,"column":6}},"4":{"start":{"line":27,"column":26},"end":{"line":30,"column":6}},"5":{"start":{"line":32,"column":4},"end":{"line":54,"column":6}},"6":{"start":{"line":58,"column":0},"end":{"line":64,"column":2}},"7":{"start":{"line":66,"column":0},"end":{"line":77,"column":2}},"8":{"start":{"line":79,"column":0},"end":{"line":79,"column":41}}},"fnMap":{"0":{"name":"(anonymous_0)","decl":{"start":{"line":9,"column":2},"end":{"line":9,"column":3}},"loc":{"start":{"line":9,"column":11},"end":{"line":55,"column":3}},"line":9}},"branchMap":{"0":{"loc":{"start":{"line":23,"column":27},"end":{"line":23,"column":79}},"type":"cond-expr","locations":[{"start":{"line":23,"column":43},"end":{"line":23,"column":62}},{"start":{"line":23,"column":65},"end":{"line":23,"column":79}}],"line":23},"1":{"loc":{"start":{"line":38,"column":23},"end":{"line":38,"column":39}},"type":"binary-expr","locations":[{"start":{"line":38,"column":23},"end":{"line":38,"column":30}},{"start":{"line":38,"column":34},"end":{"line":38,"column":39}}],"line":38},"2":{"loc":{"start":{"line":50,"column":9},"end":{"line":52,"column":9}},"type":"binary-expr","locations":[{"start":{"line":50,"column":9},"end":{"line":50,"column":31}},{"start":{"line":51,"column":10},"end":{"line":51,"column":77}}],"line":50}},"s":{"0":1,"1":1,"2":1,"3":1,"4":1,"5":1,"6":1,"7":1,"8":1},"f":{"0":1},"b":{"0":[0,1],"1":[1,1],"2":[1,0]},"_coverageSchema":"332fd63041d2c1bcb487cc26dd0d5f7d97098a6c","hash":"7cd9985093d69d31979e5050c097b697ec01bcbc"}
,"/Users/chelsea.kochan/source/plasma/src/components/CollapsibleCard/CollapsibleCard.jsx": {"path":"/Users/chelsea.kochan/source/plasma/src/components/CollapsibleCard/CollapsibleCard.jsx","statementMap":{"0":{"start":{"line":30,"column":4},"end":{"line":30,"column":86}},"1":{"start":{"line":30,"column":32},"end":{"line":30,"column":83}},"2":{"start":{"line":40,"column":8},"end":{"line":40,"column":18}},"3":{"start":{"line":44,"column":8},"end":{"line":44,"column":18}},"4":{"start":{"line":46,"column":33},"end":{"line":48,"column":6}},"5":{"start":{"line":50,"column":4},"end":{"line":70,"column":6}},"6":{"start":{"line":74,"column":0},"end":{"line":74,"column":55}}},"fnMap":{"0":{"name":"(anonymous_0)","decl":{"start":{"line":29,"column":12},"end":{"line":29,"column":13}},"loc":{"start":{"line":29,"column":18},"end":{"line":31,"column":3}},"line":29},"1":{"name":"(anonymous_1)","decl":{"start":{"line":30,"column":18},"end":{"line":30,"column":19}},"loc":{"start":{"line":30,"column":32},"end":{"line":30,"column":83}},"line":30},"2":{"name":"(anonymous_2)","decl":{"start":{"line":33,"column":2},"end":{"line":33,"column":3}},"loc":{"start":{"line":33,"column":11},"end":{"line":71,"column":3}},"line":33}},"branchMap":{"0":{"loc":{"start":{"line":54,"column":11},"end":{"line":61,"column":11}},"type":"binary-expr","locations":[{"start":{"line":54,"column":11},"end":{"line":54,"column":20}},{"start":{"line":55,"column":12},"end":{"line":60,"column":18}}],"line":54},"1":{"loc":{"start":{"line":58,"column":27},"end":{"line":58,"column":94}},"type":"cond-expr","locations":[{"start":{"line":58,"column":47},"end":{"line":58,"column":68}},{"start":{"line":58,"column":71},"end":{"line":58,"column":94}}],"line":58},"2":{"loc":{"start":{"line":63,"column":9},"end":{"line":68,"column":9}},"type":"binary-expr","locations":[{"start":{"line":63,"column":9},"end":{"line":63,"column":18}},{"start":{"line":64,"column":10},"end":{"line":64,"column":27}},{"start":{"line":65,"column":12},"end":{"line":67,"column":19}}],"line":63}},"s":{"0":2,"1":2,"2":20,"3":20,"4":20,"5":20,"6":1},"f":{"0":2,"1":2,"2":20},"b":{"0":[20,16],"1":[14,2],"2":[20,16,14]},"_coverageSchema":"332fd63041d2c1bcb487cc26dd0d5f7d97098a6c","hash":"be80c7e975a919e919ae5448bd16885c96e8df00"}
,"/Users/chelsea.kochan/source/plasma/src/components/Header/Header.jsx": {"path":"/Users/chelsea.kochan/source/plasma/src/components/Header/Header.jsx","statementMap":{"0":{"start":{"line":12,"column":24},"end":{"line":21,"column":6}},"1":{"start":{"line":23,"column":4},"end":{"line":35,"column":6}},"2":{"start":{"line":39,"column":0},"end":{"line":53,"column":2}},"3":{"start":{"line":55,"column":0},"end":{"line":55,"column":25}},"4":{"start":{"line":57,"column":0},"end":{"line":57,"column":37}}},"fnMap":{"0":{"name":"(anonymous_0)","decl":{"start":{"line":11,"column":2},"end":{"line":11,"column":3}},"loc":{"start":{"line":11,"column":11},"end":{"line":36,"column":3}},"line":11}},"branchMap":{"0":{"loc":{"start":{"line":29,"column":12},"end":{"line":29,"column":50}},"type":"binary-expr","locations":[{"start":{"line":29,"column":12},"end":{"line":29,"column":27}},{"start":{"line":29,"column":31},"end":{"line":29,"column":50}}],"line":29},"1":{"loc":{"start":{"line":31,"column":10},"end":{"line":32,"column":40}},"type":"binary-expr","locations":[{"start":{"line":31,"column":10},"end":{"line":31,"column":30}},{"start":{"line":32,"column":10},"end":{"line":32,"column":40}}],"line":31}},"s":{"0":1,"1":1,"2":4,"3":4,"4":4},"f":{"0":1},"b":{"0":[1,1],"1":[1,0]},"_coverageSchema":"332fd63041d2c1bcb487cc26dd0d5f7d97098a6c","hash":"cbfab7979159cd73f4871c376c344d895bfd08c1"}
,"/Users/chelsea.kochan/source/plasma/src/components/Icon/Icon.jsx": {"path":"/Users/chelsea.kochan/source/plasma/src/components/Icon/Icon.jsx","statementMap":{"0":{"start":{"line":9,"column":13},"end":{"line":18,"column":1}},"1":{"start":{"line":10,"column":2},"end":{"line":17,"column":4}},"2":{"start":{"line":20,"column":0},"end":{"line":24,"column":2}},"3":{"start":{"line":26,"column":0},"end":{"line":29,"column":2}},"4":{"start":{"line":31,"column":0},"end":{"line":31,"column":33}}},"fnMap":{"0":{"name":"(anonymous_0)","decl":{"start":{"line":9,"column":13},"end":{"line":9,"column":14}},"loc":{"start":{"line":9,"column":40},"end":{"line":18,"column":1}},"line":9}},"branchMap":{},"s":{"0":4,"1":4,"2":4,"3":4,"4":4},"f":{"0":4},"b":{},"_coverageSchema":"332fd63041d2c1bcb487cc26dd0d5f7d97098a6c","hash":"f8331d879481d56520791dea4d787778fd1ca0e9"}
,"/Users/chelsea.kochan/source/plasma/src/components/Image/Image.jsx": {"path":"/Users/chelsea.kochan/source/plasma/src/components/Image/Image.jsx","statementMap":{"0":{"start":{"line":11,"column":4},"end":{"line":23,"column":6}},"1":{"start":{"line":27,"column":0},"end":{"line":31,"column":2}},"2":{"start":{"line":33,"column":0},"end":{"line":39,"column":2}},"3":{"start":{"line":41,"column":0},"end":{"line":41,"column":35}}},"fnMap":{"0":{"name":"(anonymous_0)","decl":{"start":{"line":10,"column":2},"end":{"line":10,"column":3}},"loc":{"start":{"line":10,"column":11},"end":{"line":24,"column":3}},"line":10}},"branchMap":{},"s":{"0":1,"1":1,"2":1,"3":1},"f":{"0":1},"b":{},"_coverageSchema":"332fd63041d2c1bcb487cc26dd0d5f7d97098a6c","hash":"d25ad864eb45d8f995aa066dc241ac82ce140bb6"}
,"/Users/chelsea.kochan/source/plasma/src/components/Label/Label.jsx": {"path":"/Users/chelsea.kochan/source/plasma/src/components/Label/Label.jsx","statementMap":{"0":{"start":{"line":10,"column":14},"end":{"line":14,"column":1}},"1":{"start":{"line":16,"column":14},"end":{"line":36,"column":1}},"2":{"start":{"line":24,"column":21},"end":{"line":27,"column":4}},"3":{"start":{"line":28,"column":2},"end":{"line":35,"column":4}},"4":{"start":{"line":38,"column":0},"end":{"line":43,"column":2}},"5":{"start":{"line":45,"column":0},"end":{"line":47,"column":2}},"6":{"start":{"line":49,"column":0},"end":{"line":49,"column":35}}},"fnMap":{"0":{"name":"(anonymous_0)","decl":{"start":{"line":16,"column":14},"end":{"line":16,"column":15}},"loc":{"start":{"line":23,"column":5},"end":{"line":36,"column":1}},"line":23}},"branchMap":{"0":{"loc":{"start":{"line":33,"column":7},"end":{"line":33,"column":23}},"type":"binary-expr","locations":[{"start":{"line":33,"column":7},"end":{"line":33,"column":11}},{"start":{"line":33,"column":15},"end":{"line":33,"column":23}}],"line":33}},"s":{"0":1,"1":1,"2":1,"3":1,"4":1,"5":1,"6":1},"f":{"0":1},"b":{"0":[1,1]},"_coverageSchema":"332fd63041d2c1bcb487cc26dd0d5f7d97098a6c","hash":"321bfb3071cf6e6db9ac100277697d0283bd1255"}
,"/Users/chelsea.kochan/source/plasma/src/components/Loader/Loader.jsx": {"path":"/Users/chelsea.kochan/source/plasma/src/components/Loader/Loader.jsx","statementMap":{"0":{"start":{"line":11,"column":4},"end":{"line":34,"column":6}},"1":{"start":{"line":38,"column":0},"end":{"line":38,"column":25}},"2":{"start":{"line":40,"column":0},"end":{"line":44,"column":2}},"3":{"start":{"line":46,"column":0},"end":{"line":46,"column":37}}},"fnMap":{"0":{"name":"(anonymous_0)","decl":{"start":{"line":10,"column":2},"end":{"line":10,"column":3}},"loc":{"start":{"line":10,"column":11},"end":{"line":35,"column":3}},"line":10}},"branchMap":{},"s":{"0":1,"1":2,"2":2,"3":2},"f":{"0":1},"b":{},"_coverageSchema":"332fd63041d2c1bcb487cc26dd0d5f7d97098a6c","hash":"c692815b43b91bc30446c54d6f718b13512477aa"}
,"/Users/chelsea.kochan/source/plasma/src/components/Modal/Modal.jsx": {"path":"/Users/chelsea.kochan/source/plasma/src/components/Modal/Modal.jsx","statementMap":{"0":{"start":{"line":12,"column":15},"end":{"line":12,"column":19}},"1":{"start":{"line":20,"column":8},"end":{"line":20,"column":18}},"2":{"start":{"line":21,"column":4},"end":{"line":55,"column":5}},"3":{"start":{"line":22,"column":6},"end":{"line":54,"column":8}},"4":{"start":{"line":56,"column":4},"end":{"line":56,"column":16}},"5":{"start":{"line":60,"column":0},"end":{"line":60,"column":24}},"6":{"start":{"line":62,"column":0},"end":{"line":71,"column":2}},"7":{"start":{"line":73,"column":0},"end":{"line":73,"column":35}}},"fnMap":{"0":{"name":"(anonymous_0)","decl":{"start":{"line":11,"column":2},"end":{"line":11,"column":3}},"loc":{"start":{"line":11,"column":11},"end":{"line":57,"column":3}},"line":11}},"branchMap":{"0":{"loc":{"start":{"line":19,"column":6},"end":{"line":19,"column":18}},"type":"default-arg","locations":[{"start":{"line":19,"column":17},"end":{"line":19,"column":18}}],"line":19},"1":{"loc":{"start":{"line":21,"column":4},"end":{"line":55,"column":5}},"type":"if","locations":[{"start":{"line":21,"column":4},"end":{"line":55,"column":5}},{"start":{"line":21,"column":4},"end":{"line":55,"column":5}}],"line":21},"2":{"loc":{"start":{"line":33,"column":18},"end":{"line":38,"column":24}},"type":"binary-expr","locations":[{"start":{"line":33,"column":18},"end":{"line":33,"column":23}},{"start":{"line":34,"column":18},"end":{"line":38,"column":24}}],"line":33},"3":{"loc":{"start":{"line":41,"column":18},"end":{"line":44,"column":24}},"type":"binary-expr","locations":[{"start":{"line":41,"column":18},"end":{"line":41,"column":25}},{"start":{"line":42,"column":18},"end":{"line":44,"column":24}}],"line":41}},"s":{"0":1,"1":1,"2":1,"3":0,"4":1,"5":1,"6":1,"7":1},"f":{"0":1},"b":{"0":[1],"1":[0,1],"2":[0,0],"3":[0,0]},"_coverageSchema":"332fd63041d2c1bcb487cc26dd0d5f7d97098a6c","hash":"471f388d9a7f869a55bdab321e59107e1b74b7a7"}
,"/Users/chelsea.kochan/source/plasma/src/components/NumberInput/NumberInput.jsx": {"path":"/Users/chelsea.kochan/source/plasma/src/components/NumberInput/NumberInput.jsx","statementMap":{"0":{"start":{"line":13,"column":48},"end":{"line":13,"column":58}},"1":{"start":{"line":14,"column":22},"end":{"line":14,"column":37}},"2":{"start":{"line":15,"column":22},"end":{"line":15,"column":38}},"3":{"start":{"line":16,"column":4},"end":{"line":16,"column":61}},"4":{"start":{"line":16,"column":31},"end":{"line":16,"column":61}},"5":{"start":{"line":20,"column":48},"end":{"line":20,"column":58}},"6":{"start":{"line":21,"column":22},"end":{"line":21,"column":37}},"7":{"start":{"line":22,"column":22},"end":{"line":22,"column":38}},"8":{"start":{"line":23,"column":4},"end":{"line":23,"column":61}},"9":{"start":{"line":23,"column":31},"end":{"line":23,"column":61}},"10":{"start":{"line":27,"column":4},"end":{"line":27,"column":52}},"11":{"start":{"line":31,"column":4},"end":{"line":31,"column":66}},"12":{"start":{"line":32,"column":4},"end":{"line":32,"column":71}},"13":{"start":{"line":36,"column":4},"end":{"line":36,"column":63}},"14":{"start":{"line":37,"column":4},"end":{"line":37,"column":73}},"15":{"start":{"line":41,"column":84},"end":{"line":41,"column":94}},"16":{"start":{"line":43,"column":25},"end":{"line":46,"column":6}},"17":{"start":{"line":48,"column":23},"end":{"line":50,"column":6}},"18":{"start":{"line":52,"column":4},"end":{"line":81,"column":6}},"19":{"start":{"line":85,"column":0},"end":{"line":97,"column":2}},"20":{"start":{"line":99,"column":0},"end":{"line":105,"column":2}},"21":{"start":{"line":107,"column":0},"end":{"line":107,"column":47}}},"fnMap":{"0":{"name":"(anonymous_0)","decl":{"start":{"line":12,"column":20},"end":{"line":12,"column":21}},"loc":{"start":{"line":12,"column":26},"end":{"line":17,"column":3}},"line":12},"1":{"name":"(anonymous_1)","decl":{"start":{"line":19,"column":20},"end":{"line":19,"column":21}},"loc":{"start":{"line":19,"column":26},"end":{"line":24,"column":3}},"line":19},"2":{"name":"(anonymous_2)","decl":{"start":{"line":26,"column":17},"end":{"line":26,"column":18}},"loc":{"start":{"line":26,"column":22},"end":{"line":28,"column":3}},"line":26},"3":{"name":"(anonymous_3)","decl":{"start":{"line":30,"column":15},"end":{"line":30,"column":16}},"loc":{"start":{"line":30,"column":20},"end":{"line":33,"column":3}},"line":30},"4":{"name":"(anonymous_4)","decl":{"start":{"line":35,"column":16},"end":{"line":35,"column":17}},"loc":{"start":{"line":35,"column":21},"end":{"line":38,"column":3}},"line":35},"5":{"name":"(anonymous_5)","decl":{"start":{"line":40,"column":2},"end":{"line":40,"column":3}},"loc":{"start":{"line":40,"column":11},"end":{"line":82,"column":3}},"line":40}},"branchMap":{"0":{"loc":{"start":{"line":16,"column":4},"end":{"line":16,"column":61}},"type":"if","locations":[{"start":{"line":16,"column":4},"end":{"line":16,"column":61}},{"start":{"line":16,"column":4},"end":{"line":16,"column":61}}],"line":16},"1":{"loc":{"start":{"line":23,"column":4},"end":{"line":23,"column":61}},"type":"if","locations":[{"start":{"line":23,"column":4},"end":{"line":23,"column":61}},{"start":{"line":23,"column":4},"end":{"line":23,"column":61}}],"line":23},"2":{"loc":{"start":{"line":32,"column":4},"end":{"line":32,"column":70}},"type":"binary-expr","locations":[{"start":{"line":32,"column":4},"end":{"line":32,"column":21}},{"start":{"line":32,"column":25},"end":{"line":32,"column":70}}],"line":32},"3":{"loc":{"start":{"line":37,"column":4},"end":{"line":37,"column":72}},"type":"binary-expr","locations":[{"start":{"line":37,"column":4},"end":{"line":37,"column":22}},{"start":{"line":37,"column":26},"end":{"line":37,"column":72}}],"line":37}},"s":{"0":0,"1":0,"2":0,"3":0,"4":0,"5":0,"6":0,"7":0,"8":0,"9":0,"10":0,"11":0,"12":0,"13":0,"14":0,"15":1,"16":1,"17":1,"18":1,"19":1,"20":1,"21":1},"f":{"0":0,"1":0,"2":0,"3":0,"4":0,"5":1},"b":{"0":[0,0],"1":[0,0],"2":[0,0],"3":[0,0]},"_coverageSchema":"332fd63041d2c1bcb487cc26dd0d5f7d97098a6c","hash":"ae4a59e29b3bfc530714c9f18205dd6735a74e66"}
,"/Users/chelsea.kochan/source/plasma/src/components/OverflowMenu/OverflowMenu.jsx": {"path":"/Users/chelsea.kochan/source/plasma/src/components/OverflowMenu/OverflowMenu.jsx","statementMap":{"0":{"start":{"line":9,"column":18},"end":{"line":9,"column":50}},"1":{"start":{"line":17,"column":4},"end":{"line":19,"column":5}},"2":{"start":{"line":18,"column":6},"end":{"line":18,"column":40}},"3":{"start":{"line":23,"column":4},"end":{"line":23,"column":39}},"4":{"start":{"line":27,"column":4},"end":{"line":27,"column":39}},"5":{"start":{"line":28,"column":4},"end":{"line":28,"column":30}},"6":{"start":{"line":32,"column":22},"end":{"line":32,"column":32}},"7":{"start":{"line":33,"column":4},"end":{"line":35,"column":5}},"8":{"start":{"line":34,"column":6},"end":{"line":34,"column":72}},"9":{"start":{"line":37,"column":4},"end":{"line":37,"column":46}},"10":{"start":{"line":41,"column":28},"end":{"line":43,"column":6}},"11":{"start":{"line":44,"column":32},"end":{"line":46,"column":6}},"12":{"start":{"line":47,"column":4},"end":{"line":73,"column":6}},"13":{"start":{"line":61,"column":14},"end":{"line":68,"column":16}},"14":{"start":{"line":77,"column":0},"end":{"line":80,"column":2}},"15":{"start":{"line":82,"column":0},"end":{"line":94,"column":2}},"16":{"start":{"line":96,"column":0},"end":{"line":96,"column":49}}},"fnMap":{"0":{"name":"(anonymous_0)","decl":{"start":{"line":16,"column":21},"end":{"line":16,"column":22}},"loc":{"start":{"line":16,"column":27},"end":{"line":20,"column":3}},"line":16},"1":{"name":"(anonymous_1)","decl":{"start":{"line":22,"column":21},"end":{"line":22,"column":22}},"loc":{"start":{"line":22,"column":27},"end":{"line":24,"column":3}},"line":22},"2":{"name":"(anonymous_2)","decl":{"start":{"line":26,"column":16},"end":{"line":26,"column":17}},"loc":{"start":{"line":26,"column":25},"end":{"line":29,"column":3}},"line":26},"3":{"name":"(anonymous_3)","decl":{"start":{"line":31,"column":16},"end":{"line":31,"column":17}},"loc":{"start":{"line":31,"column":22},"end":{"line":38,"column":3}},"line":31},"4":{"name":"(anonymous_4)","decl":{"start":{"line":40,"column":2},"end":{"line":40,"column":3}},"loc":{"start":{"line":40,"column":11},"end":{"line":74,"column":3}},"line":40},"5":{"name":"(anonymous_5)","decl":{"start":{"line":60,"column":37},"end":{"line":60,"column":38}},"loc":{"start":{"line":60,"column":47},"end":{"line":69,"column":13}},"line":60}},"branchMap":{"0":{"loc":{"start":{"line":17,"column":4},"end":{"line":19,"column":5}},"type":"if","locations":[{"start":{"line":17,"column":4},"end":{"line":19,"column":5}},{"start":{"line":17,"column":4},"end":{"line":19,"column":5}}],"line":17},"1":{"loc":{"start":{"line":33,"column":4},"end":{"line":35,"column":5}},"type":"if","locations":[{"start":{"line":33,"column":4},"end":{"line":35,"column":5}},{"start":{"line":33,"column":4},"end":{"line":35,"column":5}}],"line":33},"2":{"loc":{"start":{"line":45,"column":24},"end":{"line":45,"column":95}},"type":"binary-expr","locations":[{"start":{"line":45,"column":24},"end":{"line":45,"column":48}},{"start":{"line":45,"column":52},"end":{"line":45,"column":95}}],"line":45}},"s":{"0":1,"1":0,"2":0,"3":0,"4":0,"5":0,"6":4,"7":4,"8":2,"9":2,"10":2,"11":2,"12":2,"13":0,"14":1,"15":1,"16":1},"f":{"0":0,"1":0,"2":0,"3":4,"4":2,"5":0},"b":{"0":[0,0],"1":[2,2],"2":[2,2]},"_coverageSchema":"332fd63041d2c1bcb487cc26dd0d5f7d97098a6c","hash":"4fc42735556b50c348fa65f6af392d59a96e327e"}
,"/Users/chelsea.kochan/source/plasma/src/components/OverflowMenu/OverflowMenuItem.jsx": {"path":"/Users/chelsea.kochan/source/plasma/src/components/OverflowMenu/OverflowMenuItem.jsx","statementMap":{"0":{"start":{"line":5,"column":25},"end":{"line":14,"column":1}},"1":{"start":{"line":6,"column":2},"end":{"line":13,"column":4}},"2":{"start":{"line":9,"column":21},"end":{"line":9,"column":39}},"3":{"start":{"line":16,"column":0},"end":{"line":20,"column":2}},"4":{"start":{"line":22,"column":0},"end":{"line":22,"column":57}}},"fnMap":{"0":{"name":"(anonymous_0)","decl":{"start":{"line":5,"column":25},"end":{"line":5,"column":26}},"loc":{"start":{"line":5,"column":59},"end":{"line":14,"column":1}},"line":5},"1":{"name":"(anonymous_1)","decl":{"start":{"line":9,"column":15},"end":{"line":9,"column":16}},"loc":{"start":{"line":9,"column":21},"end":{"line":9,"column":39}},"line":9}},"branchMap":{},"s":{"0":1,"1":0,"2":0,"3":1,"4":1},"f":{"0":0,"1":0},"b":{},"_coverageSchema":"332fd63041d2c1bcb487cc26dd0d5f7d97098a6c","hash":"f7faa2c13d8aa047f9e2bec7e962fa82ca2dee99"}
,"/Users/chelsea.kochan/source/plasma/src/components/RadioButton/RadioButton.jsx": {"path":"/Users/chelsea.kochan/source/plasma/src/components/RadioButton/RadioButton.jsx","statementMap":{"0":{"start":{"line":11,"column":43},"end":{"line":11,"column":53}},"1":{"start":{"line":12,"column":4},"end":{"line":12,"column":70}},"2":{"start":{"line":27,"column":8},"end":{"line":27,"column":18}},"3":{"start":{"line":28,"column":15},"end":{"line":28,"column":29}},"4":{"start":{"line":29,"column":27},"end":{"line":34,"column":6}},"5":{"start":{"line":35,"column":24},"end":{"line":35,"column":53}},"6":{"start":{"line":36,"column":23},"end":{"line":36,"column":68}},"7":{"start":{"line":37,"column":22},"end":{"line":39,"column":12}},"8":{"start":{"line":40,"column":4},"end":{"line":69,"column":6}},"9":{"start":{"line":73,"column":0},"end":{"line":76,"column":2}},"10":{"start":{"line":78,"column":0},"end":{"line":91,"column":2}},"11":{"start":{"line":93,"column":0},"end":{"line":93,"column":47}}},"fnMap":{"0":{"name":"(anonymous_0)","decl":{"start":{"line":10,"column":10},"end":{"line":10,"column":11}},"loc":{"start":{"line":10,"column":16},"end":{"line":13,"column":3}},"line":10},"1":{"name":"(anonymous_1)","decl":{"start":{"line":15,"column":2},"end":{"line":15,"column":3}},"loc":{"start":{"line":15,"column":11},"end":{"line":70,"column":3}},"line":15}},"branchMap":{"0":{"loc":{"start":{"line":12,"column":11},"end":{"line":12,"column":69}},"type":"binary-expr","locations":[{"start":{"line":12,"column":11},"end":{"line":12,"column":18}},{"start":{"line":12,"column":23},"end":{"line":12,"column":33}},{"start":{"line":12,"column":37},"end":{"line":12,"column":68}}],"line":12},"1":{"loc":{"start":{"line":32,"column":28},"end":{"line":32,"column":49}},"type":"binary-expr","locations":[{"start":{"line":32,"column":28},"end":{"line":32,"column":33}},{"start":{"line":32,"column":37},"end":{"line":32,"column":49}}],"line":32},"2":{"loc":{"start":{"line":36,"column":23},"end":{"line":36,"column":68}},"type":"cond-expr","locations":[{"start":{"line":36,"column":31},"end":{"line":36,"column":35}},{"start":{"line":36,"column":38},"end":{"line":36,"column":68}}],"line":36},"3":{"loc":{"start":{"line":37,"column":22},"end":{"line":39,"column":12}},"type":"cond-expr","locations":[{"start":{"line":38,"column":6},"end":{"line":38,"column":65}},{"start":{"line":39,"column":8},"end":{"line":39,"column":12}}],"line":37},"4":{"loc":{"start":{"line":37,"column":22},"end":{"line":37,"column":35}},"type":"binary-expr","locations":[{"start":{"line":37,"column":22},"end":{"line":37,"column":27}},{"start":{"line":37,"column":31},"end":{"line":37,"column":35}}],"line":37},"5":{"loc":{"start":{"line":65,"column":9},"end":{"line":67,"column":9}},"type":"binary-expr","locations":[{"start":{"line":65,"column":9},"end":{"line":65,"column":20}},{"start":{"line":66,"column":10},"end":{"line":66,"column":66}}],"line":65}},"s":{"0":2,"1":2,"2":2,"3":2,"4":2,"5":2,"6":2,"7":2,"8":2,"9":1,"10":1,"11":1},"f":{"0":2,"1":2},"b":{"0":[2,2,0],"1":[2,0],"2":[0,2],"3":[0,2],"4":[2,0],"5":[2,1]},"_coverageSchema":"332fd63041d2c1bcb487cc26dd0d5f7d97098a6c","hash":"4f577fddded24eb4ba4ef3d90cfa2662ea44b7f9"}
,"/Users/chelsea.kochan/source/plasma/src/components/Rule/Rule.jsx": {"path":"/Users/chelsea.kochan/source/plasma/src/components/Rule/Rule.jsx","statementMap":{"0":{"start":{"line":7,"column":13},"end":{"line":7,"column":67}},"1":{"start":{"line":11,"column":22},"end":{"line":15,"column":6}},"2":{"start":{"line":17,"column":4},"end":{"line":17,"column":70}},"3":{"start":{"line":21,"column":0},"end":{"line":23,"column":2}},"4":{"start":{"line":25,"column":0},"end":{"line":29,"column":2}},"5":{"start":{"line":31,"column":0},"end":{"line":31,"column":33}}},"fnMap":{"0":{"name":"(anonymous_0)","decl":{"start":{"line":10,"column":2},"end":{"line":10,"column":3}},"loc":{"start":{"line":10,"column":11},"end":{"line":18,"column":3}},"line":10}},"branchMap":{},"s":{"0":1,"1":1,"2":1,"3":1,"4":1,"5":1},"f":{"0":1},"b":{},"_coverageSchema":"332fd63041d2c1bcb487cc26dd0d5f7d97098a6c","hash":"a4e4c23f9201af34bc3ba3729a10ff5718449eea"}
,"/Users/chelsea.kochan/source/plasma/src/components/Search/Search.jsx": {"path":"/Users/chelsea.kochan/source/plasma/src/components/Search/Search.jsx","statementMap":{"0":{"start":{"line":11,"column":4},"end":{"line":11,"column":17}},"1":{"start":{"line":12,"column":4},"end":{"line":12,"column":45}},"2":{"start":{"line":13,"column":4},"end":{"line":13,"column":43}},"3":{"start":{"line":14,"column":4},"end":{"line":16,"column":6}},"4":{"start":{"line":20,"column":22},"end":{"line":20,"column":31}},"5":{"start":{"line":22,"column":4},"end":{"line":24,"column":5}},"6":{"start":{"line":23,"column":6},"end":{"line":23,"column":37}},"7":{"start":{"line":28,"column":25},"end":{"line":28,"column":35}},"8":{"start":{"line":30,"column":4},"end":{"line":30,"column":48}},"9":{"start":{"line":32,"column":4},"end":{"line":32,"column":32}},"10":{"start":{"line":36,"column":24},"end":{"line":36,"column":34}},"11":{"start":{"line":38,"column":4},"end":{"line":38,"column":32}},"12":{"start":{"line":40,"column":4},"end":{"line":42,"column":5}},"13":{"start":{"line":41,"column":6},"end":{"line":41,"column":21}},"14":{"start":{"line":53,"column":8},"end":{"line":53,"column":18}},"15":{"start":{"line":55,"column":4},"end":{"line":89,"column":6}},"16":{"start":{"line":93,"column":0},"end":{"line":95,"column":2}},"17":{"start":{"line":97,"column":0},"end":{"line":108,"column":2}},"18":{"start":{"line":110,"column":0},"end":{"line":110,"column":37}}},"fnMap":{"0":{"name":"(anonymous_0)","decl":{"start":{"line":10,"column":2},"end":{"line":10,"column":3}},"loc":{"start":{"line":10,"column":21},"end":{"line":17,"column":3}},"line":10},"1":{"name":"(anonymous_1)","decl":{"start":{"line":19,"column":2},"end":{"line":19,"column":3}},"loc":{"start":{"line":19,"column":39},"end":{"line":25,"column":3}},"line":19},"2":{"name":"(anonymous_2)","decl":{"start":{"line":27,"column":2},"end":{"line":27,"column":3}},"loc":{"start":{"line":27,"column":18},"end":{"line":33,"column":3}},"line":27},"3":{"name":"(anonymous_3)","decl":{"start":{"line":35,"column":2},"end":{"line":35,"column":3}},"loc":{"start":{"line":35,"column":17},"end":{"line":43,"column":3}},"line":35},"4":{"name":"(anonymous_4)","decl":{"start":{"line":45,"column":2},"end":{"line":45,"column":3}},"loc":{"start":{"line":45,"column":11},"end":{"line":90,"column":3}},"line":45}},"branchMap":{"0":{"loc":{"start":{"line":22,"column":4},"end":{"line":24,"column":5}},"type":"if","locations":[{"start":{"line":22,"column":4},"end":{"line":24,"column":5}},{"start":{"line":22,"column":4},"end":{"line":24,"column":5}}],"line":22},"1":{"loc":{"start":{"line":32,"column":4},"end":{"line":32,"column":31}},"type":"binary-expr","locations":[{"start":{"line":32,"column":4},"end":{"line":32,"column":12}},{"start":{"line":32,"column":16},"end":{"line":32,"column":31}}],"line":32},"2":{"loc":{"start":{"line":40,"column":4},"end":{"line":42,"column":5}},"type":"if","locations":[{"start":{"line":40,"column":4},"end":{"line":42,"column":5}},{"start":{"line":40,"column":4},"end":{"line":42,"column":5}}],"line":40},"3":{"loc":{"start":{"line":73,"column":12},"end":{"line":79,"column":14}},"type":"binary-expr","locations":[{"start":{"line":73,"column":12},"end":{"line":73,"column":21}},{"start":{"line":73,"column":25},"end":{"line":73,"column":37}},{"start":{"line":73,"column":42},"end":{"line":73,"column":64}},{"start":{"line":74,"column":12},"end":{"line":79,"column":14}}],"line":73},"4":{"loc":{"start":{"line":83,"column":10},"end":{"line":86,"column":16}},"type":"binary-expr","locations":[{"start":{"line":83,"column":10},"end":{"line":83,"column":25}},{"start":{"line":84,"column":10},"end":{"line":86,"column":16}}],"line":83}},"s":{"0":3,"1":3,"2":3,"3":3,"4":0,"5":0,"6":0,"7":1,"8":1,"9":1,"10":1,"11":1,"12":1,"13":1,"14":6,"15":6,"16":1,"17":1,"18":1},"f":{"0":3,"1":0,"2":1,"3":1,"4":6},"b":{"0":[0,0],"1":[1,1],"2":[1,0],"3":[6,3,3,1],"4":[6,0]},"_coverageSchema":"332fd63041d2c1bcb487cc26dd0d5f7d97098a6c","hash":"51f75a81cf6905863233185bd7abef2f7f2ff10f"}
,"/Users/chelsea.kochan/source/plasma/src/components/SegmentedCard/SegmentedCard.jsx": {"path":"/Users/chelsea.kochan/source/plasma/src/components/SegmentedCard/SegmentedCard.jsx","statementMap":{"0":{"start":{"line":12,"column":22},"end":{"line":14,"column":6}},"1":{"start":{"line":16,"column":4},"end":{"line":29,"column":6}},"2":{"start":{"line":33,"column":0},"end":{"line":36,"column":2}},"3":{"start":{"line":38,"column":0},"end":{"line":43,"column":2}},"4":{"start":{"line":45,"column":0},"end":{"line":45,"column":51}}},"fnMap":{"0":{"name":"(anonymous_0)","decl":{"start":{"line":11,"column":2},"end":{"line":11,"column":3}},"loc":{"start":{"line":11,"column":11},"end":{"line":30,"column":3}},"line":11}},"branchMap":{},"s":{"0":1,"1":1,"2":1,"3":1,"4":1},"f":{"0":1},"b":{},"_coverageSchema":"332fd63041d2c1bcb487cc26dd0d5f7d97098a6c","hash":"50f1f3314fc9cfdeef760bbaa95f40ecbae53b34"}
,"/Users/chelsea.kochan/source/plasma/src/components/SideNavBar/SideNavBar.jsx": {"path":"/Users/chelsea.kochan/source/plasma/src/components/SideNavBar/SideNavBar.jsx","statementMap":{"0":{"start":{"line":14,"column":4},"end":{"line":14,"column":66}},"1":{"start":{"line":18,"column":4},"end":{"line":28,"column":6}},"2":{"start":{"line":19,"column":6},"end":{"line":27,"column":8}},"3":{"start":{"line":32,"column":4},"end":{"line":46,"column":6}},"4":{"start":{"line":50,"column":0},"end":{"line":63,"column":2}},"5":{"start":{"line":65,"column":0},"end":{"line":65,"column":45}}},"fnMap":{"0":{"name":"(anonymous_0)","decl":{"start":{"line":13,"column":16},"end":{"line":13,"column":17}},"loc":{"start":{"line":13,"column":28},"end":{"line":15,"column":3}},"line":13},"1":{"name":"(anonymous_1)","decl":{"start":{"line":17,"column":2},"end":{"line":17,"column":3}},"loc":{"start":{"line":17,"column":16},"end":{"line":29,"column":3}},"line":17},"2":{"name":"(anonymous_2)","decl":{"start":{"line":18,"column":52},"end":{"line":18,"column":53}},"loc":{"start":{"line":19,"column":6},"end":{"line":27,"column":8}},"line":19},"3":{"name":"(anonymous_3)","decl":{"start":{"line":31,"column":2},"end":{"line":31,"column":3}},"loc":{"start":{"line":31,"column":11},"end":{"line":47,"column":3}},"line":31}},"branchMap":{"0":{"loc":{"start":{"line":14,"column":4},"end":{"line":14,"column":65}},"type":"binary-expr","locations":[{"start":{"line":14,"column":4},"end":{"line":14,"column":23}},{"start":{"line":14,"column":27},"end":{"line":14,"column":65}}],"line":14},"1":{"loc":{"start":{"line":18,"column":11},"end":{"line":28,"column":5}},"type":"binary-expr","locations":[{"start":{"line":18,"column":11},"end":{"line":18,"column":27}},{"start":{"line":18,"column":31},"end":{"line":28,"column":5}}],"line":18}},"s":{"0":0,"1":3,"2":9,"3":3,"4":1,"5":1},"f":{"0":0,"1":3,"2":9,"3":3},"b":{"0":[0,0],"1":[3,3]},"_coverageSchema":"332fd63041d2c1bcb487cc26dd0d5f7d97098a6c","hash":"2b8d031cba1527e30d2db8fdc856ef9a5883e4ba"}
,"/Users/chelsea.kochan/source/plasma/src/components/SideNavBar/SideNavBarItem.jsx": {"path":"/Users/chelsea.kochan/source/plasma/src/components/SideNavBar/SideNavBarItem.jsx","statementMap":{"0":{"start":{"line":9,"column":4},"end":{"line":9,"column":38}},"1":{"start":{"line":13,"column":22},"end":{"line":13,"column":32}},"2":{"start":{"line":15,"column":4},"end":{"line":19,"column":6}},"3":{"start":{"line":23,"column":57},"end":{"line":23,"column":67}},"4":{"start":{"line":25,"column":27},"end":{"line":28,"column":6}},"5":{"start":{"line":32,"column":4},"end":{"line":51,"column":5}},"6":{"start":{"line":33,"column":6},"end":{"line":40,"column":8}},"7":{"start":{"line":42,"column":6},"end":{"line":50,"column":8}},"8":{"start":{"line":53,"column":4},"end":{"line":53,"column":16}},"9":{"start":{"line":57,"column":0},"end":{"line":62,"column":2}},"10":{"start":{"line":64,"column":0},"end":{"line":83,"column":2}},"11":{"start":{"line":85,"column":0},"end":{"line":85,"column":53}}},"fnMap":{"0":{"name":"(anonymous_0)","decl":{"start":{"line":8,"column":13},"end":{"line":8,"column":14}},"loc":{"start":{"line":8,"column":19},"end":{"line":10,"column":3}},"line":8},"1":{"name":"(anonymous_1)","decl":{"start":{"line":12,"column":2},"end":{"line":12,"column":3}},"loc":{"start":{"line":12,"column":23},"end":{"line":20,"column":3}},"line":12},"2":{"name":"(anonymous_2)","decl":{"start":{"line":22,"column":2},"end":{"line":22,"column":3}},"loc":{"start":{"line":22,"column":11},"end":{"line":54,"column":3}},"line":22}},"branchMap":{"0":{"loc":{"start":{"line":32,"column":4},"end":{"line":51,"column":5}},"type":"if","locations":[{"start":{"line":32,"column":4},"end":{"line":51,"column":5}},{"start":{"line":32,"column":4},"end":{"line":51,"column":5}}],"line":32},"1":{"loc":{"start":{"line":38,"column":12},"end":{"line":38,"column":65}},"type":"binary-expr","locations":[{"start":{"line":38,"column":12},"end":{"line":38,"column":19}},{"start":{"line":38,"column":23},"end":{"line":38,"column":65}}],"line":38},"2":{"loc":{"start":{"line":48,"column":12},"end":{"line":48,"column":65}},"type":"binary-expr","locations":[{"start":{"line":48,"column":12},"end":{"line":48,"column":19}},{"start":{"line":48,"column":23},"end":{"line":48,"column":65}}],"line":48}},"s":{"0":0,"1":6,"2":6,"3":6,"4":6,"5":6,"6":0,"7":6,"8":6,"9":1,"10":1,"11":1},"f":{"0":0,"1":6,"2":6},"b":{"0":[0,6],"1":[0,0],"2":[6,0]},"_coverageSchema":"332fd63041d2c1bcb487cc26dd0d5f7d97098a6c","hash":"3f0e0e42f53364e7c7dce697bc664217c85400d6"}
,"/Users/chelsea.kochan/source/plasma/src/components/SideNavBar/SideNavBarItemGroup.jsx": {"path":"/Users/chelsea.kochan/source/plasma/src/components/SideNavBar/SideNavBarItemGroup.jsx","statementMap":{"0":{"start":{"line":10,"column":4},"end":{"line":14,"column":5}},"1":{"start":{"line":11,"column":6},"end":{"line":11,"column":57}},"2":{"start":{"line":13,"column":6},"end":{"line":13,"column":48}},"3":{"start":{"line":18,"column":4},"end":{"line":18,"column":39}},"4":{"start":{"line":22,"column":56},"end":{"line":22,"column":66}},"5":{"start":{"line":23,"column":4},"end":{"line":25,"column":5}},"6":{"start":{"line":23,"column":31},"end":{"line":23,"column":43}},"7":{"start":{"line":24,"column":6},"end":{"line":24,"column":18}},"8":{"start":{"line":27,"column":25},"end":{"line":38,"column":5}},"9":{"start":{"line":40,"column":4},"end":{"line":52,"column":6}},"10":{"start":{"line":56,"column":18},"end":{"line":68,"column":6}},"11":{"start":{"line":57,"column":6},"end":{"line":67,"column":8}},"12":{"start":{"line":69,"column":4},"end":{"line":69,"column":17}},"13":{"start":{"line":73,"column":4},"end":{"line":82,"column":6}},"14":{"start":{"line":86,"column":0},"end":{"line":89,"column":2}},"15":{"start":{"line":91,"column":0},"end":{"line":108,"column":2}},"16":{"start":{"line":110,"column":0},"end":{"line":110,"column":63}}},"fnMap":{"0":{"name":"(anonymous_0)","decl":{"start":{"line":9,"column":21},"end":{"line":9,"column":22}},"loc":{"start":{"line":9,"column":27},"end":{"line":15,"column":3}},"line":9},"1":{"name":"(anonymous_1)","decl":{"start":{"line":17,"column":20},"end":{"line":17,"column":21}},"loc":{"start":{"line":17,"column":32},"end":{"line":19,"column":3}},"line":17},"2":{"name":"(anonymous_2)","decl":{"start":{"line":21,"column":2},"end":{"line":21,"column":3}},"loc":{"start":{"line":21,"column":23},"end":{"line":53,"column":3}},"line":21},"3":{"name":"(anonymous_3)","decl":{"start":{"line":23,"column":21},"end":{"line":23,"column":22}},"loc":{"start":{"line":23,"column":31},"end":{"line":23,"column":43}},"line":23},"4":{"name":"(anonymous_4)","decl":{"start":{"line":55,"column":2},"end":{"line":55,"column":3}},"loc":{"start":{"line":55,"column":19},"end":{"line":70,"column":3}},"line":55},"5":{"name":"(anonymous_5)","decl":{"start":{"line":56,"column":59},"end":{"line":56,"column":60}},"loc":{"start":{"line":56,"column":76},"end":{"line":68,"column":5}},"line":56},"6":{"name":"(anonymous_6)","decl":{"start":{"line":72,"column":2},"end":{"line":72,"column":3}},"loc":{"start":{"line":72,"column":11},"end":{"line":83,"column":3}},"line":72}},"branchMap":{"0":{"loc":{"start":{"line":10,"column":4},"end":{"line":14,"column":5}},"type":"if","locations":[{"start":{"line":10,"column":4},"end":{"line":14,"column":5}},{"start":{"line":10,"column":4},"end":{"line":14,"column":5}}],"line":10},"1":{"loc":{"start":{"line":10,"column":8},"end":{"line":10,"column":47}},"type":"binary-expr","locations":[{"start":{"line":10,"column":8},"end":{"line":10,"column":24}},{"start":{"line":10,"column":28},"end":{"line":10,"column":47}}],"line":10},"2":{"loc":{"start":{"line":23,"column":4},"end":{"line":25,"column":5}},"type":"if","locations":[{"start":{"line":23,"column":4},"end":{"line":25,"column":5}},{"start":{"line":23,"column":4},"end":{"line":25,"column":5}}],"line":23},"3":{"loc":{"start":{"line":27,"column":25},"end":{"line":38,"column":5}},"type":"binary-expr","locations":[{"start":{"line":27,"column":25},"end":{"line":27,"column":29}},{"start":{"line":27,"column":33},"end":{"line":27,"column":41}},{"start":{"line":28,"column":6},"end":{"line":37,"column":8}}],"line":27},"4":{"loc":{"start":{"line":56,"column":18},"end":{"line":68,"column":6}},"type":"binary-expr","locations":[{"start":{"line":56,"column":18},"end":{"line":56,"column":34}},{"start":{"line":56,"column":38},"end":{"line":68,"column":6}}],"line":56},"5":{"loc":{"start":{"line":57,"column":13},"end":{"line":67,"column":7}},"type":"binary-expr","locations":[{"start":{"line":57,"column":13},"end":{"line":57,"column":32}},{"start":{"line":58,"column":8},"end":{"line":66,"column":10}}],"line":57}},"s":{"0":0,"1":0,"2":0,"3":0,"4":9,"5":9,"6":6,"7":3,"8":6,"9":6,"10":9,"11":9,"12":9,"13":9,"14":1,"15":1,"16":1},"f":{"0":0,"1":0,"2":9,"3":6,"4":9,"5":9,"6":9},"b":{"0":[0,0],"1":[0,0],"2":[3,6],"3":[6,0,0],"4":[9,6],"5":[9,6]},"_coverageSchema":"332fd63041d2c1bcb487cc26dd0d5f7d97098a6c","hash":"96c3b19b5247f20ed077eb6577a947b771d58326"}
,"/Users/chelsea.kochan/source/plasma/src/components/SideNavBar/SideNavBarTop.jsx": {"path":"/Users/chelsea.kochan/source/plasma/src/components/SideNavBar/SideNavBarTop.jsx","statementMap":{"0":{"start":{"line":7,"column":22},"end":{"line":26,"column":1}},"1":{"start":{"line":8,"column":2},"end":{"line":25,"column":4}},"2":{"start":{"line":28,"column":0},"end":{"line":32,"column":2}}},"fnMap":{"0":{"name":"(anonymous_0)","decl":{"start":{"line":7,"column":22},"end":{"line":7,"column":23}},"loc":{"start":{"line":7,"column":52},"end":{"line":26,"column":1}},"line":7}},"branchMap":{},"s":{"0":1,"1":3,"2":1},"f":{"0":3},"b":{},"_coverageSchema":"332fd63041d2c1bcb487cc26dd0d5f7d97098a6c","hash":"38cb541cdd4705bd44c685e382b83e1fb9bdb61b"}
,"/Users/chelsea.kochan/source/plasma/src/components/Table/Table.jsx": {"path":"/Users/chelsea.kochan/source/plasma/src/components/Table/Table.jsx","statementMap":{"0":{"start":{"line":28,"column":4},"end":{"line":28,"column":12}},"1":{"start":{"line":29,"column":4},"end":{"line":36,"column":6}},"2":{"start":{"line":37,"column":4},"end":{"line":37,"column":31}},"3":{"start":{"line":38,"column":4},"end":{"line":38,"column":63}},"4":{"start":{"line":39,"column":4},"end":{"line":39,"column":65}},"5":{"start":{"line":40,"column":4},"end":{"line":40,"column":53}},"6":{"start":{"line":41,"column":4},"end":{"line":41,"column":80}},"7":{"start":{"line":42,"column":4},"end":{"line":42,"column":73}},"8":{"start":{"line":43,"column":4},"end":{"line":43,"column":73}},"9":{"start":{"line":44,"column":4},"end":{"line":44,"column":51}},"10":{"start":{"line":48,"column":4},"end":{"line":58,"column":5}},"11":{"start":{"line":49,"column":6},"end":{"line":49,"column":61}},"12":{"start":{"line":50,"column":6},"end":{"line":50,"column":65}},"13":{"start":{"line":51,"column":19},"end":{"line":54,"column":7}},"14":{"start":{"line":52,"column":8},"end":{"line":52,"column":34}},"15":{"start":{"line":53,"column":8},"end":{"line":53,"column":28}},"16":{"start":{"line":55,"column":6},"end":{"line":55,"column":32}},"17":{"start":{"line":57,"column":6},"end":{"line":57,"column":28}},"18":{"start":{"line":62,"column":4},"end":{"line":64,"column":5}},"19":{"start":{"line":63,"column":6},"end":{"line":63,"column":28}},"20":{"start":{"line":68,"column":4},"end":{"line":68,"column":62}},"21":{"start":{"line":69,"column":4},"end":{"line":69,"column":66}},"22":{"start":{"line":70,"column":20},"end":{"line":70,"column":57}},"23":{"start":{"line":71,"column":4},"end":{"line":74,"column":7}},"24":{"start":{"line":72,"column":6},"end":{"line":72,"column":72}},"25":{"start":{"line":73,"column":6},"end":{"line":73,"column":72}},"26":{"start":{"line":86,"column":4},"end":{"line":86,"column":61}},"27":{"start":{"line":87,"column":4},"end":{"line":87,"column":26}},"28":{"start":{"line":88,"column":4},"end":{"line":88,"column":24}},"29":{"start":{"line":92,"column":4},"end":{"line":106,"column":5}},"30":{"start":{"line":93,"column":29},"end":{"line":93,"column":67}},"31":{"start":{"line":94,"column":32},"end":{"line":94,"column":73}},"32":{"start":{"line":96,"column":8},"end":{"line":96,"column":43}},"33":{"start":{"line":98,"column":8},"end":{"line":98,"column":72}},"34":{"start":{"line":99,"column":22},"end":{"line":99,"column":27}},"35":{"start":{"line":100,"column":6},"end":{"line":102,"column":7}},"36":{"start":{"line":101,"column":8},"end":{"line":101,"column":25}},"37":{"start":{"line":103,"column":6},"end":{"line":103,"column":84}},"38":{"start":{"line":104,"column":6},"end":{"line":104,"column":70}},"39":{"start":{"line":105,"column":6},"end":{"line":105,"column":51}},"40":{"start":{"line":112,"column":4},"end":{"line":114,"column":5}},"41":{"start":{"line":113,"column":6},"end":{"line":113,"column":40}},"42":{"start":{"line":118,"column":24},"end":{"line":118,"column":26}},"43":{"start":{"line":119,"column":26},"end":{"line":119,"column":27}},"44":{"start":{"line":120,"column":4},"end":{"line":128,"column":7}},"45":{"start":{"line":121,"column":30},"end":{"line":121,"column":66}},"46":{"start":{"line":122,"column":20},"end":{"line":122,"column":75}},"47":{"start":{"line":123,"column":21},"end":{"line":123,"column":77}},"48":{"start":{"line":124,"column":6},"end":{"line":124,"column":43}},"49":{"start":{"line":125,"column":6},"end":{"line":127,"column":7}},"50":{"start":{"line":126,"column":8},"end":{"line":126,"column":33}},"51":{"start":{"line":129,"column":23},"end":{"line":129,"column":59}},"52":{"start":{"line":130,"column":4},"end":{"line":134,"column":17}},"53":{"start":{"line":138,"column":4},"end":{"line":138,"column":47}},"54":{"start":{"line":142,"column":4},"end":{"line":142,"column":94}},"55":{"start":{"line":146,"column":29},"end":{"line":146,"column":39}},"56":{"start":{"line":147,"column":29},"end":{"line":186,"column":6}},"57":{"start":{"line":148,"column":22},"end":{"line":148,"column":44}},"58":{"start":{"line":149,"column":18},"end":{"line":149,"column":27}},"59":{"start":{"line":151,"column":6},"end":{"line":153,"column":7}},"60":{"start":{"line":152,"column":8},"end":{"line":152,"column":65}},"61":{"start":{"line":154,"column":24},"end":{"line":158,"column":7}},"62":{"start":{"line":159,"column":6},"end":{"line":185,"column":8}},"63":{"start":{"line":165,"column":12},"end":{"line":167,"column":13}},"64":{"start":{"line":166,"column":14},"end":{"line":166,"column":45}},"65":{"start":{"line":169,"column":25},"end":{"line":169,"column":64}},"66":{"start":{"line":187,"column":4},"end":{"line":195,"column":6}},"67":{"start":{"line":211,"column":8},"end":{"line":211,"column":18}},"68":{"start":{"line":213,"column":25},"end":{"line":213,"column":42}},"69":{"start":{"line":215,"column":4},"end":{"line":230,"column":5}},"70":{"start":{"line":216,"column":6},"end":{"line":229,"column":8}},"71":{"start":{"line":232,"column":4},"end":{"line":247,"column":5}},"72":{"start":{"line":233,"column":6},"end":{"line":246,"column":8}},"73":{"start":{"line":249,"column":4},"end":{"line":252,"column":5}},"74":{"start":{"line":250,"column":6},"end":{"line":250,"column":33}},"75":{"start":{"line":251,"column":6},"end":{"line":251,"column":43}},"76":{"start":{"line":254,"column":23},"end":{"line":254,"column":45}},"77":{"start":{"line":256,"column":26},"end":{"line":256,"column":28}},"78":{"start":{"line":258,"column":4},"end":{"line":338,"column":7}},"79":{"start":{"line":259,"column":24},"end":{"line":259,"column":57}},"80":{"start":{"line":260,"column":31},"end":{"line":260,"column":33}},"81":{"start":{"line":261,"column":28},"end":{"line":261,"column":46}},"82":{"start":{"line":263,"column":6},"end":{"line":293,"column":9}},"83":{"start":{"line":264,"column":27},"end":{"line":264,"column":65}},"84":{"start":{"line":265,"column":30},"end":{"line":265,"column":66}},"85":{"start":{"line":266,"column":28},"end":{"line":266,"column":68}},"86":{"start":{"line":270,"column":8},"end":{"line":275,"column":9}},"87":{"start":{"line":271,"column":10},"end":{"line":271,"column":33}},"88":{"start":{"line":272,"column":10},"end":{"line":272,"column":43}},"89":{"start":{"line":274,"column":10},"end":{"line":274,"column":55}},"90":{"start":{"line":277,"column":8},"end":{"line":279,"column":9}},"91":{"start":{"line":278,"column":10},"end":{"line":278,"column":26}},"92":{"start":{"line":281,"column":8},"end":{"line":292,"column":10}},"93":{"start":{"line":295,"column":6},"end":{"line":307,"column":8}},"94":{"start":{"line":310,"column":6},"end":{"line":337,"column":7}},"95":{"start":{"line":311,"column":8},"end":{"line":336,"column":9}},"96":{"start":{"line":312,"column":36},"end":{"line":312,"column":38}},"97":{"start":{"line":313,"column":10},"end":{"line":322,"column":13}},"98":{"start":{"line":314,"column":12},"end":{"line":321,"column":14}},"99":{"start":{"line":323,"column":10},"end":{"line":335,"column":12}},"100":{"start":{"line":340,"column":4},"end":{"line":344,"column":6}},"101":{"start":{"line":348,"column":4},"end":{"line":380,"column":6}},"102":{"start":{"line":356,"column":25},"end":{"line":356,"column":39}},"103":{"start":{"line":373,"column":24},"end":{"line":373,"column":39}},"104":{"start":{"line":384,"column":0},"end":{"line":398,"column":2}},"105":{"start":{"line":400,"column":0},"end":{"line":406,"column":2}},"106":{"start":{"line":408,"column":0},"end":{"line":408,"column":35}}},"fnMap":{"0":{"name":"(anonymous_0)","decl":{"start":{"line":27,"column":2},"end":{"line":27,"column":3}},"loc":{"start":{"line":27,"column":16},"end":{"line":45,"column":3}},"line":27},"1":{"name":"(anonymous_1)","decl":{"start":{"line":47,"column":2},"end":{"line":47,"column":3}},"loc":{"start":{"line":47,"column":22},"end":{"line":59,"column":3}},"line":47},"2":{"name":"(anonymous_2)","decl":{"start":{"line":51,"column":19},"end":{"line":51,"column":20}},"loc":{"start":{"line":51,"column":25},"end":{"line":54,"column":7}},"line":51},"3":{"name":"(anonymous_3)","decl":{"start":{"line":61,"column":2},"end":{"line":61,"column":3}},"loc":{"start":{"line":61,"column":23},"end":{"line":65,"column":3}},"line":61},"4":{"name":"(anonymous_4)","decl":{"start":{"line":67,"column":2},"end":{"line":67,"column":3}},"loc":{"start":{"line":67,"column":25},"end":{"line":75,"column":3}},"line":67},"5":{"name":"(anonymous_5)","decl":{"start":{"line":71,"column":21},"end":{"line":71,"column":22}},"loc":{"start":{"line":71,"column":29},"end":{"line":74,"column":5}},"line":71},"6":{"name":"(anonymous_6)","decl":{"start":{"line":77,"column":2},"end":{"line":77,"column":3}},"loc":{"start":{"line":77,"column":27},"end":{"line":79,"column":3}},"line":77},"7":{"name":"(anonymous_7)","decl":{"start":{"line":81,"column":2},"end":{"line":81,"column":3}},"loc":{"start":{"line":81,"column":27},"end":{"line":83,"column":3}},"line":81},"8":{"name":"(anonymous_8)","decl":{"start":{"line":85,"column":2},"end":{"line":85,"column":3}},"loc":{"start":{"line":85,"column":23},"end":{"line":89,"column":3}},"line":85},"9":{"name":"(anonymous_9)","decl":{"start":{"line":91,"column":2},"end":{"line":91,"column":3}},"loc":{"start":{"line":91,"column":17},"end":{"line":107,"column":3}},"line":91},"10":{"name":"(anonymous_10)","decl":{"start":{"line":109,"column":2},"end":{"line":109,"column":3}},"loc":{"start":{"line":109,"column":34},"end":{"line":115,"column":3}},"line":109},"11":{"name":"(anonymous_11)","decl":{"start":{"line":117,"column":2},"end":{"line":117,"column":3}},"loc":{"start":{"line":117,"column":27},"end":{"line":135,"column":3}},"line":117},"12":{"name":"(anonymous_12)","decl":{"start":{"line":120,"column":35},"end":{"line":120,"column":36}},"loc":{"start":{"line":120,"column":51},"end":{"line":128,"column":5}},"line":120},"13":{"name":"(anonymous_13)","decl":{"start":{"line":137,"column":2},"end":{"line":137,"column":3}},"loc":{"start":{"line":137,"column":23},"end":{"line":139,"column":3}},"line":137},"14":{"name":"(anonymous_14)","decl":{"start":{"line":141,"column":2},"end":{"line":141,"column":3}},"loc":{"start":{"line":141,"column":16},"end":{"line":143,"column":3}},"line":141},"15":{"name":"(anonymous_15)","decl":{"start":{"line":145,"column":2},"end":{"line":145,"column":3}},"loc":{"start":{"line":145,"column":26},"end":{"line":196,"column":3}},"line":145},"16":{"name":"(anonymous_16)","decl":{"start":{"line":147,"column":56},"end":{"line":147,"column":57}},"loc":{"start":{"line":147,"column":67},"end":{"line":186,"column":5}},"line":147},"17":{"name":"(anonymous_17)","decl":{"start":{"line":164,"column":15},"end":{"line":164,"column":16}},"loc":{"start":{"line":164,"column":22},"end":{"line":168,"column":11}},"line":164},"18":{"name":"(anonymous_18)","decl":{"start":{"line":169,"column":19},"end":{"line":169,"column":20}},"loc":{"start":{"line":169,"column":25},"end":{"line":169,"column":64}},"line":169},"19":{"name":"(anonymous_19)","decl":{"start":{"line":198,"column":2},"end":{"line":198,"column":3}},"loc":{"start":{"line":198,"column":16},"end":{"line":345,"column":3}},"line":198},"20":{"name":"(anonymous_20)","decl":{"start":{"line":258,"column":19},"end":{"line":258,"column":20}},"loc":{"start":{"line":258,"column":45},"end":{"line":338,"column":5}},"line":258},"21":{"name":"(anonymous_21)","decl":{"start":{"line":263,"column":26},"end":{"line":263,"column":27}},"loc":{"start":{"line":263,"column":41},"end":{"line":293,"column":7}},"line":263},"22":{"name":"(anonymous_22)","decl":{"start":{"line":313,"column":37},"end":{"line":313,"column":38}},"loc":{"start":{"line":313,"column":46},"end":{"line":322,"column":11}},"line":313},"23":{"name":"(anonymous_23)","decl":{"start":{"line":347,"column":2},"end":{"line":347,"column":3}},"loc":{"start":{"line":347,"column":11},"end":{"line":381,"column":3}},"line":347},"24":{"name":"(anonymous_24)","decl":{"start":{"line":356,"column":17},"end":{"line":356,"column":18}},"loc":{"start":{"line":356,"column":25},"end":{"line":356,"column":39}},"line":356},"25":{"name":"(anonymous_25)","decl":{"start":{"line":373,"column":15},"end":{"line":373,"column":16}},"loc":{"start":{"line":373,"column":22},"end":{"line":373,"column":41}},"line":373}},"branchMap":{"0":{"loc":{"start":{"line":48,"column":4},"end":{"line":58,"column":5}},"type":"if","locations":[{"start":{"line":48,"column":4},"end":{"line":58,"column":5}},{"start":{"line":48,"column":4},"end":{"line":58,"column":5}}],"line":48},"1":{"loc":{"start":{"line":62,"column":4},"end":{"line":64,"column":5}},"type":"if","locations":[{"start":{"line":62,"column":4},"end":{"line":64,"column":5}},{"start":{"line":62,"column":4},"end":{"line":64,"column":5}}],"line":62},"2":{"loc":{"start":{"line":92,"column":4},"end":{"line":106,"column":5}},"type":"if","locations":[{"start":{"line":92,"column":4},"end":{"line":106,"column":5}},{"start":{"line":92,"column":4},"end":{"line":106,"column":5}}],"line":92},"3":{"loc":{"start":{"line":100,"column":6},"end":{"line":102,"column":7}},"type":"if","locations":[{"start":{"line":100,"column":6},"end":{"line":102,"column":7}},{"start":{"line":100,"column":6},"end":{"line":102,"column":7}}],"line":100},"4":{"loc":{"start":{"line":100,"column":10},"end":{"line":100,"column":64}},"type":"binary-expr","locations":[{"start":{"line":100,"column":10},"end":{"line":100,"column":33}},{"start":{"line":100,"column":37},"end":{"line":100,"column":64}}],"line":100},"5":{"loc":{"start":{"line":104,"column":42},"end":{"line":104,"column":69}},"type":"cond-expr","locations":[{"start":{"line":104,"column":54},"end":{"line":104,"column":60}},{"start":{"line":104,"column":63},"end":{"line":104,"column":69}}],"line":104},"6":{"loc":{"start":{"line":105,"column":33},"end":{"line":105,"column":50}},"type":"cond-expr","locations":[{"start":{"line":105,"column":45},"end":{"line":105,"column":46}},{"start":{"line":105,"column":49},"end":{"line":105,"column":50}}],"line":105},"7":{"loc":{"start":{"line":112,"column":4},"end":{"line":114,"column":5}},"type":"if","locations":[{"start":{"line":112,"column":4},"end":{"line":114,"column":5}},{"start":{"line":112,"column":4},"end":{"line":114,"column":5}}],"line":112},"8":{"loc":{"start":{"line":125,"column":6},"end":{"line":127,"column":7}},"type":"if","locations":[{"start":{"line":125,"column":6},"end":{"line":127,"column":7}},{"start":{"line":125,"column":6},"end":{"line":127,"column":7}}],"line":125},"9":{"loc":{"start":{"line":142,"column":36},"end":{"line":142,"column":89}},"type":"cond-expr","locations":[{"start":{"line":142,"column":70},"end":{"line":142,"column":79}},{"start":{"line":142,"column":82},"end":{"line":142,"column":89}}],"line":142},"10":{"loc":{"start":{"line":145,"column":15},"end":{"line":145,"column":24}},"type":"default-arg","locations":[{"start":{"line":145,"column":22},"end":{"line":145,"column":24}}],"line":145},"11":{"loc":{"start":{"line":151,"column":6},"end":{"line":153,"column":7}},"type":"if","locations":[{"start":{"line":151,"column":6},"end":{"line":153,"column":7}},{"start":{"line":151,"column":6},"end":{"line":153,"column":7}}],"line":151},"12":{"loc":{"start":{"line":151,"column":10},"end":{"line":151,"column":68}},"type":"binary-expr","locations":[{"start":{"line":151,"column":10},"end":{"line":151,"column":21}},{"start":{"line":151,"column":25},"end":{"line":151,"column":52}},{"start":{"line":151,"column":56},"end":{"line":151,"column":68}}],"line":151},"13":{"loc":{"start":{"line":165,"column":12},"end":{"line":167,"column":13}},"type":"if","locations":[{"start":{"line":165,"column":12},"end":{"line":167,"column":13}},{"start":{"line":165,"column":12},"end":{"line":167,"column":13}}],"line":165},"14":{"loc":{"start":{"line":169,"column":25},"end":{"line":169,"column":64}},"type":"binary-expr","locations":[{"start":{"line":169,"column":25},"end":{"line":169,"column":39}},{"start":{"line":169,"column":43},"end":{"line":169,"column":49}},{"start":{"line":169,"column":53},"end":{"line":169,"column":64}}],"line":169},"15":{"loc":{"start":{"line":172,"column":12},"end":{"line":172,"column":58}},"type":"binary-expr","locations":[{"start":{"line":172,"column":12},"end":{"line":172,"column":16}},{"start":{"line":172,"column":20},"end":{"line":172,"column":36}},{"start":{"line":172,"column":40},"end":{"line":172,"column":58}}],"line":172},"16":{"loc":{"start":{"line":173,"column":12},"end":{"line":182,"column":14}},"type":"binary-expr","locations":[{"start":{"line":173,"column":12},"end":{"line":173,"column":26}},{"start":{"line":174,"column":12},"end":{"line":182,"column":14}}],"line":173},"17":{"loc":{"start":{"line":215,"column":4},"end":{"line":230,"column":5}},"type":"if","locations":[{"start":{"line":215,"column":4},"end":{"line":230,"column":5}},{"start":{"line":215,"column":4},"end":{"line":230,"column":5}}],"line":215},"18":{"loc":{"start":{"line":232,"column":4},"end":{"line":247,"column":5}},"type":"if","locations":[{"start":{"line":232,"column":4},"end":{"line":247,"column":5}},{"start":{"line":232,"column":4},"end":{"line":247,"column":5}}],"line":232},"19":{"loc":{"start":{"line":232,"column":8},"end":{"line":232,"column":26}},"type":"binary-expr","locations":[{"start":{"line":232,"column":8},"end":{"line":232,"column":13}},{"start":{"line":232,"column":17},"end":{"line":232,"column":26}}],"line":232},"20":{"loc":{"start":{"line":249,"column":4},"end":{"line":252,"column":5}},"type":"if","locations":[{"start":{"line":249,"column":4},"end":{"line":252,"column":5}},{"start":{"line":249,"column":4},"end":{"line":252,"column":5}}],"line":249},"21":{"loc":{"start":{"line":266,"column":28},"end":{"line":266,"column":68}},"type":"binary-expr","locations":[{"start":{"line":266,"column":28},"end":{"line":266,"column":41}},{"start":{"line":266,"column":45},"end":{"line":266,"column":68}}],"line":266},"22":{"loc":{"start":{"line":270,"column":8},"end":{"line":275,"column":9}},"type":"if","locations":[{"start":{"line":270,"column":8},"end":{"line":275,"column":9}},{"start":{"line":270,"column":8},"end":{"line":275,"column":9}}],"line":270},"23":{"loc":{"start":{"line":277,"column":8},"end":{"line":279,"column":9}},"type":"if","locations":[{"start":{"line":277,"column":8},"end":{"line":279,"column":9}},{"start":{"line":277,"column":8},"end":{"line":279,"column":9}}],"line":277},"24":{"loc":{"start":{"line":310,"column":6},"end":{"line":337,"column":7}},"type":"if","locations":[{"start":{"line":310,"column":6},"end":{"line":337,"column":7}},{"start":{"line":310,"column":6},"end":{"line":337,"column":7}}],"line":310},"25":{"loc":{"start":{"line":354,"column":10},"end":{"line":370,"column":16}},"type":"binary-expr","locations":[{"start":{"line":354,"column":10},"end":{"line":354,"column":37}},{"start":{"line":355,"column":10},"end":{"line":370,"column":16}}],"line":354}},"s":{"0":2,"1":2,"2":2,"3":2,"4":2,"5":2,"6":2,"7":2,"8":2,"9":2,"10":2,"11":0,"12":0,"13":0,"14":0,"15":0,"16":0,"17":2,"18":2,"19":0,"20":0,"21":0,"22":0,"23":0,"24":0,"25":0,"26":0,"27":0,"28":0,"29":0,"30":0,"31":0,"32":0,"33":0,"34":0,"35":0,"36":0,"37":0,"38":0,"39":0,"40":2,"41":2,"42":2,"43":2,"44":2,"45":6,"46":6,"47":6,"48":6,"49":6,"50":0,"51":2,"52":2,"53":0,"54":0,"55":4,"56":4,"57":12,"58":12,"59":12,"60":0,"61":12,"62":12,"63":18,"64":18,"65":0,"66":4,"67":4,"68":4,"69":4,"70":0,"71":4,"72":0,"73":4,"74":2,"75":2,"76":4,"77":4,"78":4,"79":4,"80":4,"81":4,"82":4,"83":24,"84":24,"85":24,"86":24,"87":16,"88":16,"89":8,"90":24,"91":0,"92":24,"93":4,"94":4,"95":4,"96":4,"97":4,"98":8,"99":4,"100":4,"101":4,"102":0,"103":6,"104":1,"105":1,"106":1},"f":{"0":2,"1":2,"2":0,"3":2,"4":0,"5":0,"6":0,"7":0,"8":0,"9":0,"10":2,"11":2,"12":6,"13":0,"14":0,"15":4,"16":12,"17":18,"18":0,"19":4,"20":4,"21":24,"22":8,"23":4,"24":0,"25":6},"b":{"0":[0,2],"1":[0,2],"2":[0,0],"3":[0,0],"4":[0,0],"5":[0,0],"6":[0,0],"7":[2,0],"8":[0,6],"9":[0,0],"10":[4],"11":[0,12],"12":[12,0,0],"13":[18,0],"14":[0,0,0],"15":[12,0,0],"16":[12,0],"17":[0,4],"18":[0,4],"19":[4,0],"20":[2,2],"21":[24,24],"22":[16,8],"23":[0,24],"24":[4,0],"25":[4,0]},"_coverageSchema":"332fd63041d2c1bcb487cc26dd0d5f7d97098a6c","hash":"4db23cd34d732538991c87e0110e5c04828996b8"}
,"/Users/chelsea.kochan/source/plasma/src/components/Tabs/Tabs.jsx": {"path":"/Users/chelsea.kochan/source/plasma/src/components/Tabs/Tabs.jsx","statementMap":{"0":{"start":{"line":13,"column":4},"end":{"line":13,"column":42}},"1":{"start":{"line":17,"column":4},"end":{"line":19,"column":5}},"2":{"start":{"line":18,"column":6},"end":{"line":18,"column":31}},"3":{"start":{"line":23,"column":32},"end":{"line":23,"column":42}},"4":{"start":{"line":24,"column":4},"end":{"line":24,"column":44}},"5":{"start":{"line":24,"column":18},"end":{"line":24,"column":44}},"6":{"start":{"line":25,"column":4},"end":{"line":25,"column":38}},"7":{"start":{"line":25,"column":15},"end":{"line":25,"column":38}},"8":{"start":{"line":26,"column":4},"end":{"line":26,"column":22}},"9":{"start":{"line":30,"column":32},"end":{"line":30,"column":42}},"10":{"start":{"line":31,"column":4},"end":{"line":31,"column":43}},"11":{"start":{"line":31,"column":18},"end":{"line":31,"column":43}},"12":{"start":{"line":32,"column":4},"end":{"line":32,"column":37}},"13":{"start":{"line":32,"column":15},"end":{"line":32,"column":37}},"14":{"start":{"line":33,"column":4},"end":{"line":33,"column":21}},"15":{"start":{"line":37,"column":25},"end":{"line":37,"column":43}},"16":{"start":{"line":38,"column":4},"end":{"line":44,"column":7}},"17":{"start":{"line":48,"column":4},"end":{"line":59,"column":6}},"18":{"start":{"line":51,"column":23},"end":{"line":51,"column":47}},"19":{"start":{"line":52,"column":30},"end":{"line":52,"column":63}},"20":{"start":{"line":63,"column":4},"end":{"line":71,"column":6}},"21":{"start":{"line":75,"column":0},"end":{"line":78,"column":2}},"22":{"start":{"line":80,"column":0},"end":{"line":89,"column":2}},"23":{"start":{"line":91,"column":0},"end":{"line":91,"column":33}}},"fnMap":{"0":{"name":"(anonymous_0)","decl":{"start":{"line":12,"column":12},"end":{"line":12,"column":13}},"loc":{"start":{"line":12,"column":28},"end":{"line":14,"column":3}},"line":12},"1":{"name":"(anonymous_1)","decl":{"start":{"line":16,"column":14},"end":{"line":16,"column":15}},"loc":{"start":{"line":16,"column":37},"end":{"line":20,"column":3}},"line":16},"2":{"name":"(anonymous_2)","decl":{"start":{"line":22,"column":2},"end":{"line":22,"column":3}},"loc":{"start":{"line":22,"column":17},"end":{"line":27,"column":3}},"line":22},"3":{"name":"(anonymous_3)","decl":{"start":{"line":29,"column":2},"end":{"line":29,"column":3}},"loc":{"start":{"line":29,"column":16},"end":{"line":34,"column":3}},"line":29},"4":{"name":"(anonymous_4)","decl":{"start":{"line":36,"column":21},"end":{"line":36,"column":22}},"loc":{"start":{"line":36,"column":37},"end":{"line":45,"column":3}},"line":36},"5":{"name":"(anonymous_5)","decl":{"start":{"line":47,"column":14},"end":{"line":47,"column":15}},"loc":{"start":{"line":47,"column":30},"end":{"line":60,"column":3}},"line":47},"6":{"name":"(anonymous_6)","decl":{"start":{"line":51,"column":17},"end":{"line":51,"column":18}},"loc":{"start":{"line":51,"column":23},"end":{"line":51,"column":47}},"line":51},"7":{"name":"(anonymous_7)","decl":{"start":{"line":52,"column":19},"end":{"line":52,"column":20}},"loc":{"start":{"line":52,"column":30},"end":{"line":52,"column":63}},"line":52},"8":{"name":"(anonymous_8)","decl":{"start":{"line":62,"column":2},"end":{"line":62,"column":3}},"loc":{"start":{"line":62,"column":11},"end":{"line":72,"column":3}},"line":62},"9":{"name":"(anonymous_9)","decl":{"start":{"line":77,"column":12},"end":{"line":77,"column":13}},"loc":{"start":{"line":77,"column":18},"end":{"line":77,"column":21}},"line":77}},"branchMap":{"0":{"loc":{"start":{"line":17,"column":4},"end":{"line":19,"column":5}},"type":"if","locations":[{"start":{"line":17,"column":4},"end":{"line":19,"column":5}},{"start":{"line":17,"column":4},"end":{"line":19,"column":5}}],"line":17},"1":{"loc":{"start":{"line":24,"column":4},"end":{"line":24,"column":44}},"type":"if","locations":[{"start":{"line":24,"column":4},"end":{"line":24,"column":44}},{"start":{"line":24,"column":4},"end":{"line":24,"column":44}}],"line":24},"2":{"loc":{"start":{"line":25,"column":4},"end":{"line":25,"column":38}},"type":"if","locations":[{"start":{"line":25,"column":4},"end":{"line":25,"column":38}},{"start":{"line":25,"column":4},"end":{"line":25,"column":38}}],"line":25},"3":{"loc":{"start":{"line":31,"column":4},"end":{"line":31,"column":43}},"type":"if","locations":[{"start":{"line":31,"column":4},"end":{"line":31,"column":43}},{"start":{"line":31,"column":4},"end":{"line":31,"column":43}}],"line":31},"4":{"loc":{"start":{"line":32,"column":4},"end":{"line":32,"column":37}},"type":"if","locations":[{"start":{"line":32,"column":4},"end":{"line":32,"column":37}},{"start":{"line":32,"column":4},"end":{"line":32,"column":37}}],"line":32},"5":{"loc":{"start":{"line":40,"column":8},"end":{"line":40,"column":84}},"type":"binary-expr","locations":[{"start":{"line":40,"column":8},"end":{"line":40,"column":42}},{"start":{"line":40,"column":46},"end":{"line":40,"column":84}}],"line":40}},"s":{"0":4,"1":2,"2":2,"3":6,"4":6,"5":0,"6":6,"7":0,"8":6,"9":12,"10":12,"11":0,"12":12,"13":0,"14":12,"15":12,"16":12,"17":12,"18":2,"19":2,"20":6,"21":1,"22":1,"23":1},"f":{"0":4,"1":2,"2":6,"3":12,"4":12,"5":12,"6":2,"7":2,"8":6,"9":0},"b":{"0":[2,0],"1":[0,6],"2":[0,6],"3":[0,12],"4":[0,12],"5":[12,12]},"_coverageSchema":"332fd63041d2c1bcb487cc26dd0d5f7d97098a6c","hash":"4991c1c69f0c145f03ee3c486f756edbe66be52c"}
,"/Users/chelsea.kochan/source/plasma/src/components/Tag/Tag.jsx": {"path":"/Users/chelsea.kochan/source/plasma/src/components/Tag/Tag.jsx","statementMap":{"0":{"start":{"line":9,"column":12},"end":{"line":19,"column":1}},"1":{"start":{"line":10,"column":21},"end":{"line":10,"column":58}},"2":{"start":{"line":11,"column":2},"end":{"line":18,"column":4}},"3":{"start":{"line":21,"column":0},"end":{"line":37,"column":2}},"4":{"start":{"line":23,"column":4},"end":{"line":26,"column":5}},"5":{"start":{"line":25,"column":6},"end":{"line":25,"column":101}},"6":{"start":{"line":27,"column":4},"end":{"line":27,"column":16}},"7":{"start":{"line":30,"column":4},"end":{"line":33,"column":5}},"8":{"start":{"line":32,"column":6},"end":{"line":32,"column":101}},"9":{"start":{"line":34,"column":4},"end":{"line":34,"column":16}},"10":{"start":{"line":39,"column":0},"end":{"line":39,"column":31}}},"fnMap":{"0":{"name":"(anonymous_0)","decl":{"start":{"line":9,"column":12},"end":{"line":9,"column":13}},"loc":{"start":{"line":9,"column":58},"end":{"line":19,"column":1}},"line":9},"1":{"name":"(anonymous_1)","decl":{"start":{"line":22,"column":8},"end":{"line":22,"column":9}},"loc":{"start":{"line":22,"column":44},"end":{"line":28,"column":3}},"line":22},"2":{"name":"(anonymous_2)","decl":{"start":{"line":29,"column":12},"end":{"line":29,"column":13}},"loc":{"start":{"line":29,"column":48},"end":{"line":35,"column":3}},"line":29}},"branchMap":{"0":{"loc":{"start":{"line":9,"column":37},"end":{"line":9,"column":51}},"type":"default-arg","locations":[{"start":{"line":9,"column":49},"end":{"line":9,"column":51}}],"line":9},"1":{"loc":{"start":{"line":16,"column":13},"end":{"line":16,"column":29}},"type":"binary-expr","locations":[{"start":{"line":16,"column":13},"end":{"line":16,"column":17}},{"start":{"line":16,"column":21},"end":{"line":16,"column":29}}],"line":16},"2":{"loc":{"start":{"line":23,"column":4},"end":{"line":26,"column":5}},"type":"if","locations":[{"start":{"line":23,"column":4},"end":{"line":26,"column":5}},{"start":{"line":23,"column":4},"end":{"line":26,"column":5}}],"line":23},"3":{"loc":{"start":{"line":23,"column":8},"end":{"line":23,"column":38}},"type":"binary-expr","locations":[{"start":{"line":23,"column":8},"end":{"line":23,"column":19}},{"start":{"line":23,"column":23},"end":{"line":23,"column":38}}],"line":23},"4":{"loc":{"start":{"line":30,"column":4},"end":{"line":33,"column":5}},"type":"if","locations":[{"start":{"line":30,"column":4},"end":{"line":33,"column":5}},{"start":{"line":30,"column":4},"end":{"line":33,"column":5}}],"line":30},"5":{"loc":{"start":{"line":30,"column":8},"end":{"line":30,"column":38}},"type":"binary-expr","locations":[{"start":{"line":30,"column":8},"end":{"line":30,"column":19}},{"start":{"line":30,"column":23},"end":{"line":30,"column":38}}],"line":30}},"s":{"0":1,"1":1,"2":1,"3":1,"4":1,"5":0,"6":1,"7":1,"8":0,"9":1,"10":1},"f":{"0":1,"1":1,"2":1},"b":{"0":[1],"1":[1,1],"2":[0,1],"3":[1,1],"4":[0,1],"5":[1,1]},"_coverageSchema":"332fd63041d2c1bcb487cc26dd0d5f7d97098a6c","hash":"e71d2d1765461785eb1c381163102cf4bd76a5fb"}
,"/Users/chelsea.kochan/source/plasma/src/components/Text/Text.jsx": {"path":"/Users/chelsea.kochan/source/plasma/src/components/Text/Text.jsx","statementMap":{"0":{"start":{"line":9,"column":22},"end":{"line":9,"column":32}},"1":{"start":{"line":10,"column":4},"end":{"line":18,"column":6}},"2":{"start":{"line":22,"column":0},"end":{"line":24,"column":2}},"3":{"start":{"line":26,"column":0},"end":{"line":31,"column":2}},"4":{"start":{"line":33,"column":0},"end":{"line":33,"column":33}}},"fnMap":{"0":{"name":"(anonymous_0)","decl":{"start":{"line":8,"column":2},"end":{"line":8,"column":3}},"loc":{"start":{"line":8,"column":11},"end":{"line":19,"column":3}},"line":8}},"branchMap":{},"s":{"0":1,"1":1,"2":1,"3":1,"4":1},"f":{"0":1},"b":{},"_coverageSchema":"332fd63041d2c1bcb487cc26dd0d5f7d97098a6c","hash":"2ef2a298278e72becfa3e76214dc2d20979181d1"}
,"/Users/chelsea.kochan/source/plasma/src/components/TextArea/TextArea.jsx": {"path":"/Users/chelsea.kochan/source/plasma/src/components/TextArea/TextArea.jsx","statementMap":{"0":{"start":{"line":23,"column":8},"end":{"line":23,"column":18}},"1":{"start":{"line":25,"column":25},"end":{"line":29,"column":6}},"2":{"start":{"line":31,"column":26},"end":{"line":34,"column":6}},"3":{"start":{"line":36,"column":4},"end":{"line":59,"column":6}},"4":{"start":{"line":39,"column":21},"end":{"line":39,"column":43}},"5":{"start":{"line":46,"column":12},"end":{"line":46,"column":75}},"6":{"start":{"line":48,"column":12},"end":{"line":48,"column":33}},"7":{"start":{"line":51,"column":12},"end":{"line":51,"column":74}},"8":{"start":{"line":52,"column":12},"end":{"line":52,"column":31}},"9":{"start":{"line":63,"column":0},"end":{"line":75,"column":2}},"10":{"start":{"line":77,"column":0},"end":{"line":80,"column":2}},"11":{"start":{"line":82,"column":0},"end":{"line":82,"column":41}}},"fnMap":{"0":{"name":"(anonymous_0)","decl":{"start":{"line":10,"column":2},"end":{"line":10,"column":3}},"loc":{"start":{"line":10,"column":11},"end":{"line":60,"column":3}},"line":10},"1":{"name":"(anonymous_1)","decl":{"start":{"line":39,"column":15},"end":{"line":39,"column":16}},"loc":{"start":{"line":39,"column":21},"end":{"line":39,"column":43}},"line":39},"2":{"name":"(anonymous_2)","decl":{"start":{"line":44,"column":19},"end":{"line":44,"column":20}},"loc":{"start":{"line":44,"column":24},"end":{"line":49,"column":11}},"line":44},"3":{"name":"(anonymous_3)","decl":{"start":{"line":50,"column":18},"end":{"line":50,"column":19}},"loc":{"start":{"line":50,"column":23},"end":{"line":53,"column":11}},"line":50}},"branchMap":{"0":{"loc":{"start":{"line":39,"column":21},"end":{"line":39,"column":43}},"type":"binary-expr","locations":[{"start":{"line":39,"column":21},"end":{"line":39,"column":23}},{"start":{"line":39,"column":27},"end":{"line":39,"column":43}}],"line":39},"1":{"loc":{"start":{"line":48,"column":12},"end":{"line":48,"column":32}},"type":"binary-expr","locations":[{"start":{"line":48,"column":12},"end":{"line":48,"column":19}},{"start":{"line":48,"column":23},"end":{"line":48,"column":32}}],"line":48},"2":{"loc":{"start":{"line":52,"column":12},"end":{"line":52,"column":30}},"type":"binary-expr","locations":[{"start":{"line":52,"column":12},"end":{"line":52,"column":18}},{"start":{"line":52,"column":22},"end":{"line":52,"column":30}}],"line":52}},"s":{"0":3,"1":3,"2":3,"3":3,"4":3,"5":1,"6":1,"7":1,"8":1,"9":1,"10":1,"11":1},"f":{"0":3,"1":3,"2":1,"3":1},"b":{"0":[3,2],"1":[1,1],"2":[1,1]},"_coverageSchema":"332fd63041d2c1bcb487cc26dd0d5f7d97098a6c","hash":"ea4512c56812761709c105c4ad5eb9ef7d740434"}
,"/Users/chelsea.kochan/source/plasma/src/components/TextArea/autogrow.js": {"path":"/Users/chelsea.kochan/source/plasma/src/components/TextArea/autogrow.js","statementMap":{"0":{"start":{"line":1,"column":0},"end":{"line":61,"column":3}},"1":{"start":{"line":2,"column":2},"end":{"line":8,"column":3}},"2":{"start":{"line":3,"column":4},"end":{"line":3,"column":24}},"3":{"start":{"line":4,"column":9},"end":{"line":8,"column":3}},"4":{"start":{"line":5,"column":4},"end":{"line":5,"column":31}},"5":{"start":{"line":7,"column":4},"end":{"line":7,"column":30}},"6":{"start":{"line":10,"column":2},"end":{"line":60,"column":4}},"7":{"start":{"line":11,"column":15},"end":{"line":11,"column":19}},"8":{"start":{"line":13,"column":4},"end":{"line":15,"column":5}},"9":{"start":{"line":14,"column":6},"end":{"line":14,"column":21}},"10":{"start":{"line":22,"column":4},"end":{"line":31,"column":6}},"11":{"start":{"line":23,"column":18},"end":{"line":23,"column":57}},"12":{"start":{"line":24,"column":16},"end":{"line":24,"column":47}},"13":{"start":{"line":25,"column":17},"end":{"line":25,"column":18}},"14":{"start":{"line":27,"column":6},"end":{"line":29,"column":7}},"15":{"start":{"line":28,"column":8},"end":{"line":28,"column":44}},"16":{"start":{"line":30,"column":6},"end":{"line":30,"column":20}},"17":{"start":{"line":37,"column":4},"end":{"line":51,"column":6}},"18":{"start":{"line":38,"column":22},"end":{"line":38,"column":23}},"19":{"start":{"line":39,"column":19},"end":{"line":39,"column":24}},"20":{"start":{"line":40,"column":6},"end":{"line":48,"column":7}},"21":{"start":{"line":41,"column":8},"end":{"line":41,"column":44}},"22":{"start":{"line":42,"column":8},"end":{"line":42,"column":42}},"23":{"start":{"line":44,"column":8},"end":{"line":44,"column":44}},"24":{"start":{"line":45,"column":8},"end":{"line":45,"column":39}},"25":{"start":{"line":46,"column":8},"end":{"line":46,"column":51}},"26":{"start":{"line":47,"column":8},"end":{"line":47,"column":24}},"27":{"start":{"line":49,"column":6},"end":{"line":49,"column":47}},"28":{"start":{"line":50,"column":6},"end":{"line":50,"column":22}},"29":{"start":{"line":53,"column":17},"end":{"line":53,"column":41}},"30":{"start":{"line":54,"column":4},"end":{"line":54,"column":35}},"31":{"start":{"line":55,"column":4},"end":{"line":55,"column":81}},"32":{"start":{"line":56,"column":4},"end":{"line":56,"column":66}},"33":{"start":{"line":59,"column":4},"end":{"line":59,"column":56}}},"fnMap":{"0":{"name":"(anonymous_0)","decl":{"start":{"line":1,"column":1},"end":{"line":1,"column":2}},"loc":{"start":{"line":1,"column":25},"end":{"line":9,"column":1}},"line":1},"1":{"name":"(anonymous_1)","decl":{"start":{"line":9,"column":9},"end":{"line":9,"column":10}},"loc":{"start":{"line":9,"column":20},"end":{"line":61,"column":1}},"line":9},"2":{"name":"(anonymous_2)","decl":{"start":{"line":10,"column":9},"end":{"line":10,"column":10}},"loc":{"start":{"line":10,"column":38},"end":{"line":60,"column":3}},"line":10},"3":{"name":"(anonymous_3)","decl":{"start":{"line":22,"column":21},"end":{"line":22,"column":22}},"loc":{"start":{"line":22,"column":40},"end":{"line":31,"column":5}},"line":22},"4":{"name":"(anonymous_4)","decl":{"start":{"line":37,"column":22},"end":{"line":37,"column":23}},"loc":{"start":{"line":37,"column":33},"end":{"line":51,"column":5}},"line":37}},"branchMap":{"0":{"loc":{"start":{"line":2,"column":2},"end":{"line":8,"column":3}},"type":"if","locations":[{"start":{"line":2,"column":2},"end":{"line":8,"column":3}},{"start":{"line":2,"column":2},"end":{"line":8,"column":3}}],"line":2},"1":{"loc":{"start":{"line":2,"column":6},"end":{"line":2,"column":48}},"type":"binary-expr","locations":[{"start":{"line":2,"column":6},"end":{"line":2,"column":34}},{"start":{"line":2,"column":38},"end":{"line":2,"column":48}}],"line":2},"2":{"loc":{"start":{"line":4,"column":9},"end":{"line":8,"column":3}},"type":"if","locations":[{"start":{"line":4,"column":9},"end":{"line":8,"column":3}},{"start":{"line":4,"column":9},"end":{"line":8,"column":3}}],"line":4},"3":{"loc":{"start":{"line":4,"column":13},"end":{"line":4,"column":57}},"type":"binary-expr","locations":[{"start":{"line":4,"column":13},"end":{"line":4,"column":39}},{"start":{"line":4,"column":43},"end":{"line":4,"column":57}}],"line":4},"4":{"loc":{"start":{"line":13,"column":4},"end":{"line":15,"column":5}},"type":"if","locations":[{"start":{"line":13,"column":4},"end":{"line":15,"column":5}},{"start":{"line":13,"column":4},"end":{"line":15,"column":5}}],"line":13},"5":{"loc":{"start":{"line":40,"column":6},"end":{"line":48,"column":7}},"type":"if","locations":[{"start":{"line":40,"column":6},"end":{"line":48,"column":7}},{"start":{"line":40,"column":6},"end":{"line":48,"column":7}}],"line":40},"6":{"loc":{"start":{"line":54,"column":16},"end":{"line":54,"column":34}},"type":"binary-expr","locations":[{"start":{"line":54,"column":16},"end":{"line":54,"column":29}},{"start":{"line":54,"column":33},"end":{"line":54,"column":34}}],"line":54}},"s":{"0":1,"1":1,"2":0,"3":1,"4":1,"5":0,"6":1,"7":2,"8":2,"9":2,"10":2,"11":2,"12":2,"13":2,"14":2,"15":4,"16":2,"17":2,"18":0,"19":0,"20":0,"21":0,"22":0,"23":0,"24":0,"25":0,"26":0,"27":0,"28":0,"29":2,"30":2,"31":2,"32":2,"33":2},"f":{"0":1,"1":1,"2":2,"3":2,"4":0},"b":{"0":[0,1],"1":[1,0],"2":[1,0],"3":[1,1],"4":[2,0],"5":[0,0],"6":[2,0]},"_coverageSchema":"332fd63041d2c1bcb487cc26dd0d5f7d97098a6c","hash":"6c931fc36eca53858e06d35165be2dde71534625"}
,"/Users/chelsea.kochan/source/plasma/src/components/TextInput/TextInput.jsx": {"path":"/Users/chelsea.kochan/source/plasma/src/components/TextInput/TextInput.jsx","statementMap":{"0":{"start":{"line":8,"column":18},"end":{"line":63,"column":1}},"1":{"start":{"line":23,"column":19},"end":{"line":26,"column":4}},"2":{"start":{"line":28,"column":23},"end":{"line":32,"column":4}},"3":{"start":{"line":34,"column":21},"end":{"line":37,"column":4}},"4":{"start":{"line":39,"column":2},"end":{"line":62,"column":4}},"5":{"start":{"line":47,"column":10},"end":{"line":47,"column":73}},"6":{"start":{"line":49,"column":10},"end":{"line":49,"column":31}},"7":{"start":{"line":52,"column":10},"end":{"line":52,"column":72}},"8":{"start":{"line":53,"column":10},"end":{"line":53,"column":29}},"9":{"start":{"line":65,"column":0},"end":{"line":80,"column":2}},"10":{"start":{"line":82,"column":0},"end":{"line":85,"column":2}},"11":{"start":{"line":87,"column":0},"end":{"line":87,"column":43}}},"fnMap":{"0":{"name":"(anonymous_0)","decl":{"start":{"line":8,"column":18},"end":{"line":8,"column":19}},"loc":{"start":{"line":22,"column":6},"end":{"line":63,"column":1}},"line":22},"1":{"name":"(anonymous_1)","decl":{"start":{"line":45,"column":17},"end":{"line":45,"column":18}},"loc":{"start":{"line":45,"column":22},"end":{"line":50,"column":9}},"line":45},"2":{"name":"(anonymous_2)","decl":{"start":{"line":51,"column":16},"end":{"line":51,"column":17}},"loc":{"start":{"line":51,"column":21},"end":{"line":54,"column":9}},"line":51}},"branchMap":{"0":{"loc":{"start":{"line":29,"column":29},"end":{"line":29,"column":51}},"type":"binary-expr","locations":[{"start":{"line":29,"column":29},"end":{"line":29,"column":39}},{"start":{"line":29,"column":43},"end":{"line":29,"column":51}}],"line":29},"1":{"loc":{"start":{"line":35,"column":22},"end":{"line":35,"column":44}},"type":"binary-expr","locations":[{"start":{"line":35,"column":22},"end":{"line":35,"column":32}},{"start":{"line":35,"column":36},"end":{"line":35,"column":44}}],"line":35},"2":{"loc":{"start":{"line":43,"column":18},"end":{"line":43,"column":40}},"type":"binary-expr","locations":[{"start":{"line":43,"column":18},"end":{"line":43,"column":28}},{"start":{"line":43,"column":32},"end":{"line":43,"column":40}}],"line":43},"3":{"loc":{"start":{"line":49,"column":10},"end":{"line":49,"column":30}},"type":"binary-expr","locations":[{"start":{"line":49,"column":10},"end":{"line":49,"column":17}},{"start":{"line":49,"column":21},"end":{"line":49,"column":30}}],"line":49},"4":{"loc":{"start":{"line":53,"column":10},"end":{"line":53,"column":28}},"type":"binary-expr","locations":[{"start":{"line":53,"column":10},"end":{"line":53,"column":16}},{"start":{"line":53,"column":20},"end":{"line":53,"column":28}}],"line":53},"5":{"loc":{"start":{"line":60,"column":7},"end":{"line":60,"column":79}},"type":"binary-expr","locations":[{"start":{"line":60,"column":8},"end":{"line":60,"column":14}},{"start":{"line":60,"column":18},"end":{"line":60,"column":24}},{"start":{"line":60,"column":29},"end":{"line":60,"column":79}}],"line":60},"6":{"loc":{"start":{"line":60,"column":56},"end":{"line":60,"column":72}},"type":"binary-expr","locations":[{"start":{"line":60,"column":56},"end":{"line":60,"column":62}},{"start":{"line":60,"column":66},"end":{"line":60,"column":72}}],"line":60}},"s":{"0":1,"1":3,"2":3,"3":3,"4":3,"5":1,"6":1,"7":1,"8":1,"9":1,"10":1,"11":1},"f":{"0":3,"1":1,"2":1},"b":{"0":[3,3],"1":[3,3],"2":[3,3],"3":[1,1],"4":[1,1],"5":[3,3,0],"6":[0,0]},"_coverageSchema":"332fd63041d2c1bcb487cc26dd0d5f7d97098a6c","hash":"372d3b25792792e3e4d61843e1f3c258f3aa8072"}
,"/Users/chelsea.kochan/source/plasma/src/components/Toggle/Toggle.jsx": {"path":"/Users/chelsea.kochan/source/plasma/src/components/Toggle/Toggle.jsx","statementMap":{"0":{"start":{"line":11,"column":13},"end":{"line":15,"column":1}},"1":{"start":{"line":19,"column":4},"end":{"line":19,"column":45}},"2":{"start":{"line":23,"column":4},"end":{"line":25,"column":5}},"3":{"start":{"line":24,"column":6},"end":{"line":24,"column":34}},"4":{"start":{"line":29,"column":4},"end":{"line":60,"column":6}},"5":{"start":{"line":36,"column":32},"end":{"line":43,"column":12}},"6":{"start":{"line":45,"column":10},"end":{"line":57,"column":12}},"7":{"start":{"line":48,"column":29},"end":{"line":48,"column":56}},"8":{"start":{"line":49,"column":36},"end":{"line":49,"column":72}},"9":{"start":{"line":64,"column":0},"end":{"line":68,"column":2}},"10":{"start":{"line":70,"column":0},"end":{"line":81,"column":2}},"11":{"start":{"line":83,"column":0},"end":{"line":83,"column":37}}},"fnMap":{"0":{"name":"(anonymous_0)","decl":{"start":{"line":18,"column":2},"end":{"line":18,"column":3}},"loc":{"start":{"line":18,"column":25},"end":{"line":20,"column":3}},"line":18},"1":{"name":"(anonymous_1)","decl":{"start":{"line":22,"column":2},"end":{"line":22,"column":3}},"loc":{"start":{"line":22,"column":34},"end":{"line":26,"column":3}},"line":22},"2":{"name":"(anonymous_2)","decl":{"start":{"line":28,"column":2},"end":{"line":28,"column":3}},"loc":{"start":{"line":28,"column":11},"end":{"line":61,"column":3}},"line":28},"3":{"name":"(anonymous_3)","decl":{"start":{"line":35,"column":34},"end":{"line":35,"column":35}},"loc":{"start":{"line":35,"column":53},"end":{"line":58,"column":9}},"line":35},"4":{"name":"(anonymous_4)","decl":{"start":{"line":48,"column":23},"end":{"line":48,"column":24}},"loc":{"start":{"line":48,"column":29},"end":{"line":48,"column":56}},"line":48},"5":{"name":"(anonymous_5)","decl":{"start":{"line":49,"column":25},"end":{"line":49,"column":26}},"loc":{"start":{"line":49,"column":36},"end":{"line":49,"column":72}},"line":49},"6":{"name":"(anonymous_6)","decl":{"start":{"line":67,"column":12},"end":{"line":67,"column":13}},"loc":{"start":{"line":67,"column":18},"end":{"line":67,"column":21}},"line":67}},"branchMap":{"0":{"loc":{"start":{"line":23,"column":4},"end":{"line":25,"column":5}},"type":"if","locations":[{"start":{"line":23,"column":4},"end":{"line":25,"column":5}},{"start":{"line":23,"column":4},"end":{"line":25,"column":5}}],"line":23},"1":{"loc":{"start":{"line":37,"column":29},"end":{"line":38,"column":70}},"type":"binary-expr","locations":[{"start":{"line":37,"column":29},"end":{"line":37,"column":63}},{"start":{"line":38,"column":29},"end":{"line":38,"column":70}}],"line":37}},"s":{"0":1,"1":2,"2":1,"3":1,"4":4,"5":7,"6":7,"7":1,"8":1,"9":1,"10":1,"11":1},"f":{"0":2,"1":1,"2":4,"3":7,"4":1,"5":1,"6":0},"b":{"0":[1,0],"1":[7,7]},"_coverageSchema":"332fd63041d2c1bcb487cc26dd0d5f7d97098a6c","hash":"8382239c27124a22bd45f4702ea6899da0eb6ff5"}
,"/Users/chelsea.kochan/source/plasma/src/components/Tooltip/Tooltip.jsx": {"path":"/Users/chelsea.kochan/source/plasma/src/components/Tooltip/Tooltip.jsx","statementMap":{"0":{"start":{"line":11,"column":4},"end":{"line":21,"column":6}},"1":{"start":{"line":25,"column":0},"end":{"line":28,"column":2}},"2":{"start":{"line":30,"column":0},"end":{"line":35,"column":2}},"3":{"start":{"line":37,"column":0},"end":{"line":37,"column":39}}},"fnMap":{"0":{"name":"(anonymous_0)","decl":{"start":{"line":10,"column":2},"end":{"line":10,"column":3}},"loc":{"start":{"line":10,"column":11},"end":{"line":22,"column":3}},"line":10}},"branchMap":{},"s":{"0":1,"1":1,"2":1,"3":1},"f":{"0":1},"b":{},"_coverageSchema":"332fd63041d2c1bcb487cc26dd0d5f7d97098a6c","hash":"edac896795fb83bb962c9f7f74d1d33a2892b62d"}
,"/Users/chelsea.kochan/source/plasma/src/icons/downArrow.js": {"path":"/Users/chelsea.kochan/source/plasma/src/icons/downArrow.js","statementMap":{"0":{"start":{"line":1,"column":13},"end":{"line":1,"column":524}}},"fnMap":{},"branchMap":{},"s":{"0":1},"f":{},"b":{},"_coverageSchema":"332fd63041d2c1bcb487cc26dd0d5f7d97098a6c","hash":"07b580637b18698c7f4eabcd7d0626e29c86012b"}
,"/Users/chelsea.kochan/source/plasma/src/icons/upArrow.js": {"path":"/Users/chelsea.kochan/source/plasma/src/icons/upArrow.js","statementMap":{"0":{"start":{"line":1,"column":13},"end":{"line":1,"column":442}}},"fnMap":{},"branchMap":{},"s":{"0":1},"f":{},"b":{},"_coverageSchema":"332fd63041d2c1bcb487cc26dd0d5f7d97098a6c","hash":"82572a247ecd164c62926f87b388ef021ef0feb5"}
,"/Users/chelsea.kochan/source/plasma/src/tests/setup.js": {"path":"/Users/chelsea.kochan/source/plasma/src/tests/setup.js","statementMap":{"0":{"start":{"line":1,"column":18},"end":{"line":1,"column":34}},"1":{"start":{"line":3,"column":14},"end":{"line":3,"column":68}},"2":{"start":{"line":4,"column":19},"end":{"line":4,"column":24}},"3":{"start":{"line":7,"column":16},"end":{"line":9,"column":60}},"4":{"start":{"line":8,"column":20},"end":{"line":8,"column":55}},"5":{"start":{"line":9,"column":17},"end":{"line":9,"column":59}},"6":{"start":{"line":10,"column":2},"end":{"line":10,"column":41}},"7":{"start":{"line":13,"column":0},"end":{"line":13,"column":23}},"8":{"start":{"line":14,"column":0},"end":{"line":14,"column":34}},"9":{"start":{"line":15,"column":0},"end":{"line":17,"column":2}},"10":{"start":{"line":18,"column":0},"end":{"line":18,"column":26}}},"fnMap":{"0":{"name":"copyProps","decl":{"start":{"line":6,"column":9},"end":{"line":6,"column":18}},"loc":{"start":{"line":6,"column":32},"end":{"line":11,"column":1}},"line":6},"1":{"name":"(anonymous_1)","decl":{"start":{"line":8,"column":12},"end":{"line":8,"column":13}},"loc":{"start":{"line":8,"column":20},"end":{"line":8,"column":55}},"line":8},"2":{"name":"(anonymous_2)","decl":{"start":{"line":9,"column":9},"end":{"line":9,"column":10}},"loc":{"start":{"line":9,"column":17},"end":{"line":9,"column":59}},"line":9}},"branchMap":{},"s":{"0":25,"1":25,"2":25,"3":25,"4":5350,"5":125,"6":25,"7":25,"8":25,"9":25,"10":25},"f":{"0":25,"1":5350,"2":125},"b":{},"_coverageSchema":"332fd63041d2c1bcb487cc26dd0d5f7d97098a6c","hash":"c7e1b156bacd5501a08d81afb49c50e90784d8c9"}
}
