TN:
SF:/Users/chelsea.kochan/source/plasma/src/dataUtils.js
FN:4,(anonymous_0)
FN:6,(anonymous_1)
FN:9,getDataProps
FNF:3
FNH:3
FNDA:71,(anonymous_0)
FNDA:2,(anonymous_1)
FNDA:32,getDataProps
DA:4,25
DA:5,71
DA:6,2
DA:9,25
DA:10,32
LF:5
LH:5
BRDA:5,0,0,69
BRDA:5,0,1,2
BRF:2
BRH:2
end_of_record
TN:
SF:/Users/chelsea.kochan/source/plasma/src/components/Button/Button.jsx
FN:16,(anonymous_0)
FNF:1
FNH:1
FNDA:12,(anonymous_0)
DA:11,1
DA:12,1
DA:17,12
DA:27,12
DA:31,2
DA:35,12
DA:36,1
DA:38,11
DA:41,12
DA:42,12
DA:43,1
DA:46,12
DA:61,1
DA:67,1
DA:83,1
LF:15
LH:15
BRDA:27,0,0,2
BRDA:27,0,1,10
BRDA:28,1,0,12
BRDA:28,1,1,11
BRDA:35,2,0,1
BRDA:35,2,1,11
BRDA:38,3,0,11
BRDA:38,3,1,11
BRDA:42,4,0,1
BRDA:42,4,1,11
BRF:10
BRH:10
end_of_record
TN:
SF:/Users/chelsea.kochan/source/plasma/src/components/Card/Card.jsx
FN:18,(anonymous_0)
FN:25,(anonymous_1)
FN:38,(anonymous_2)
FN:75,(anonymous_3)
FN:87,(anonymous_4)
FN:91,(anonymous_5)
FN:101,(anonymous_6)
FNF:7
FNH:7
FNDA:9,(anonymous_0)
FNDA:2,(anonymous_1)
FNDA:11,(anonymous_2)
FNDA:6,(anonymous_3)
FNDA:2,(anonymous_4)
FNDA:6,(anonymous_5)
FNDA:3,(anonymous_6)
DA:10,2
DA:14,2
DA:15,2
DA:19,9
DA:20,9
DA:27,2
DA:28,1
DA:29,1
DA:30,1
DA:31,1
DA:32,1
DA:34,2
DA:51,11
DA:53,11
DA:60,11
DA:61,11
DA:63,11
DA:64,2
DA:65,0
DA:66,0
DA:68,2
DA:69,2
DA:73,11
DA:76,6
DA:87,2
DA:92,6
DA:102,3
DA:116,2
DA:118,2
DA:132,2
LF:30
LH:28
BRDA:27,0,0,1
BRDA:27,0,1,1
BRDA:63,1,0,2
BRDA:63,1,1,9
BRDA:64,2,0,0
BRDA:64,2,1,2
BRDA:84,3,0,11
BRDA:84,3,1,11
BRDA:84,3,2,1
BRDA:86,4,0,1
BRDA:86,4,1,0
BRDA:87,5,0,1
BRDA:87,5,1,1
BRDA:99,6,0,11
BRDA:99,6,1,3
BRF:15
BRH:13
end_of_record
TN:
SF:/Users/chelsea.kochan/source/plasma/src/components/Checkbox/Checkbox.jsx
FN:9,(anonymous_0)
FNF:1
FNH:1
FNDA:1,(anonymous_0)
DA:21,1
DA:22,1
DA:23,1
DA:24,1
DA:27,1
DA:32,1
DA:58,1
DA:66,1
DA:79,1
LF:9
LH:9
BRDA:23,0,0,0
BRDA:23,0,1,1
BRDA:38,1,0,1
BRDA:38,1,1,1
BRDA:50,2,0,1
BRDA:50,2,1,0
BRF:6
BRH:4
end_of_record
TN:
SF:/Users/chelsea.kochan/source/plasma/src/components/CollapsibleCard/CollapsibleCard.jsx
FN:29,(anonymous_0)
FN:30,(anonymous_1)
FN:33,(anonymous_2)
FNF:3
FNH:3
FNDA:2,(anonymous_0)
FNDA:2,(anonymous_1)
FNDA:20,(anonymous_2)
DA:30,2
DA:40,20
DA:44,20
DA:46,20
DA:50,20
DA:74,1
LF:6
LH:6
BRDA:54,0,0,20
BRDA:54,0,1,16
BRDA:58,1,0,14
BRDA:58,1,1,2
BRDA:63,2,0,20
BRDA:63,2,1,16
BRDA:63,2,2,14
BRF:7
BRH:7
end_of_record
TN:
SF:/Users/chelsea.kochan/source/plasma/src/components/Header/Header.jsx
FN:11,(anonymous_0)
FNF:1
FNH:1
FNDA:1,(anonymous_0)
DA:12,1
DA:23,1
DA:39,4
DA:55,4
DA:57,4
LF:5
LH:5
BRDA:29,0,0,1
BRDA:29,0,1,1
BRDA:31,1,0,1
BRDA:31,1,1,0
BRF:4
BRH:3
end_of_record
TN:
SF:/Users/chelsea.kochan/source/plasma/src/components/Icon/Icon.jsx
FN:9,(anonymous_0)
FNF:1
FNH:1
FNDA:4,(anonymous_0)
DA:9,4
DA:10,4
DA:20,4
DA:26,4
DA:31,4
LF:5
LH:5
BRF:0
BRH:0
end_of_record
TN:
SF:/Users/chelsea.kochan/source/plasma/src/components/Image/Image.jsx
FN:10,(anonymous_0)
FNF:1
FNH:1
FNDA:1,(anonymous_0)
DA:11,1
DA:27,1
DA:33,1
DA:41,1
LF:4
LH:4
BRF:0
BRH:0
end_of_record
TN:
SF:/Users/chelsea.kochan/source/plasma/src/components/Label/Label.jsx
FN:16,(anonymous_0)
FNF:1
FNH:1
FNDA:1,(anonymous_0)
DA:10,1
DA:16,1
DA:24,1
DA:28,1
DA:38,1
DA:45,1
DA:49,1
LF:7
LH:7
BRDA:33,0,0,1
BRDA:33,0,1,1
BRF:2
BRH:2
end_of_record
TN:
SF:/Users/chelsea.kochan/source/plasma/src/components/Loader/Loader.jsx
FN:10,(anonymous_0)
FNF:1
FNH:1
FNDA:1,(anonymous_0)
DA:11,1
DA:38,2
DA:40,2
DA:46,2
LF:4
LH:4
BRF:0
BRH:0
end_of_record
TN:
SF:/Users/chelsea.kochan/source/plasma/src/components/Modal/Modal.jsx
FN:11,(anonymous_0)
FNF:1
FNH:1
FNDA:1,(anonymous_0)
DA:12,1
DA:20,1
DA:21,1
DA:22,0
DA:56,1
DA:60,1
DA:62,1
DA:73,1
LF:8
LH:7
BRDA:19,0,0,1
BRDA:21,1,0,0
BRDA:21,1,1,1
BRDA:33,2,0,0
BRDA:33,2,1,0
BRDA:41,3,0,0
BRDA:41,3,1,0
BRF:7
BRH:2
end_of_record
TN:
SF:/Users/chelsea.kochan/source/plasma/src/components/NumberInput/NumberInput.jsx
FN:12,(anonymous_0)
FN:19,(anonymous_1)
FN:26,(anonymous_2)
FN:30,(anonymous_3)
FN:35,(anonymous_4)
FN:40,(anonymous_5)
FNF:6
FNH:1
FNDA:0,(anonymous_0)
FNDA:0,(anonymous_1)
FNDA:0,(anonymous_2)
FNDA:0,(anonymous_3)
FNDA:0,(anonymous_4)
FNDA:1,(anonymous_5)
DA:13,0
DA:14,0
DA:15,0
DA:16,0
DA:20,0
DA:21,0
DA:22,0
DA:23,0
DA:27,0
DA:31,0
DA:32,0
DA:36,0
DA:37,0
DA:41,1
DA:43,1
DA:48,1
DA:52,1
DA:85,1
DA:99,1
DA:107,1
LF:20
LH:7
BRDA:16,0,0,0
BRDA:16,0,1,0
BRDA:23,1,0,0
BRDA:23,1,1,0
BRDA:32,2,0,0
BRDA:32,2,1,0
BRDA:37,3,0,0
BRDA:37,3,1,0
BRF:8
BRH:0
end_of_record
TN:
SF:/Users/chelsea.kochan/source/plasma/src/components/OverflowMenu/OverflowMenu.jsx
FN:16,(anonymous_0)
FN:22,(anonymous_1)
FN:26,(anonymous_2)
FN:31,(anonymous_3)
FN:40,(anonymous_4)
FN:60,(anonymous_5)
FNF:6
FNH:2
FNDA:0,(anonymous_0)
FNDA:0,(anonymous_1)
FNDA:0,(anonymous_2)
FNDA:4,(anonymous_3)
FNDA:2,(anonymous_4)
FNDA:0,(anonymous_5)
DA:9,1
DA:17,0
DA:18,0
DA:23,0
DA:27,0
DA:28,0
DA:32,4
DA:33,4
DA:34,2
DA:37,2
DA:41,2
DA:44,2
DA:47,2
DA:61,0
DA:77,1
DA:82,1
DA:96,1
LF:17
LH:11
BRDA:17,0,0,0
BRDA:17,0,1,0
BRDA:33,1,0,2
BRDA:33,1,1,2
BRDA:45,2,0,2
BRDA:45,2,1,2
BRF:6
BRH:4
end_of_record
TN:
SF:/Users/chelsea.kochan/source/plasma/src/components/OverflowMenu/OverflowMenuItem.jsx
FN:5,(anonymous_0)
FN:9,(anonymous_1)
FNF:2
FNH:0
FNDA:0,(anonymous_0)
FNDA:0,(anonymous_1)
DA:5,1
DA:6,0
DA:9,0
DA:16,1
DA:22,1
LF:5
LH:3
BRF:0
BRH:0
end_of_record
TN:
SF:/Users/chelsea.kochan/source/plasma/src/components/RadioButton/RadioButton.jsx
FN:10,(anonymous_0)
FN:15,(anonymous_1)
FNF:2
FNH:2
FNDA:2,(anonymous_0)
FNDA:2,(anonymous_1)
DA:11,2
DA:12,2
DA:27,2
DA:28,2
DA:29,2
DA:35,2
DA:36,2
DA:37,2
DA:40,2
DA:73,1
DA:78,1
DA:93,1
LF:12
LH:12
BRDA:12,0,0,2
BRDA:12,0,1,2
BRDA:12,0,2,0
BRDA:32,1,0,2
BRDA:32,1,1,0
BRDA:36,2,0,0
BRDA:36,2,1,2
BRDA:37,3,0,0
BRDA:37,3,1,2
BRDA:37,4,0,2
BRDA:37,4,1,0
BRDA:65,5,0,2
BRDA:65,5,1,1
BRF:13
BRH:8
end_of_record
TN:
SF:/Users/chelsea.kochan/source/plasma/src/components/Rule/Rule.jsx
FN:10,(anonymous_0)
FNF:1
FNH:1
FNDA:1,(anonymous_0)
DA:7,1
DA:11,1
DA:17,1
DA:21,1
DA:25,1
DA:31,1
LF:6
LH:6
BRF:0
BRH:0
end_of_record
TN:
SF:/Users/chelsea.kochan/source/plasma/src/components/Search/Search.jsx
FN:10,(anonymous_0)
FN:19,(anonymous_1)
FN:27,(anonymous_2)
FN:35,(anonymous_3)
FN:45,(anonymous_4)
FNF:5
FNH:4
FNDA:3,(anonymous_0)
FNDA:0,(anonymous_1)
FNDA:1,(anonymous_2)
FNDA:1,(anonymous_3)
FNDA:6,(anonymous_4)
DA:11,3
DA:12,3
DA:13,3
DA:14,3
DA:20,0
DA:22,0
DA:23,0
DA:28,1
DA:30,1
DA:32,1
DA:36,1
DA:38,1
DA:40,1
DA:41,1
DA:53,6
DA:55,6
DA:93,1
DA:97,1
DA:110,1
LF:19
LH:16
BRDA:22,0,0,0
BRDA:22,0,1,0
BRDA:32,1,0,1
BRDA:32,1,1,1
BRDA:40,2,0,1
BRDA:40,2,1,0
BRDA:73,3,0,6
BRDA:73,3,1,3
BRDA:73,3,2,3
BRDA:73,3,3,1
BRDA:83,4,0,6
BRDA:83,4,1,0
BRF:12
BRH:8
end_of_record
TN:
SF:/Users/chelsea.kochan/source/plasma/src/components/SegmentedCard/SegmentedCard.jsx
FN:11,(anonymous_0)
FNF:1
FNH:1
FNDA:1,(anonymous_0)
DA:12,1
DA:16,1
DA:33,1
DA:38,1
DA:45,1
LF:5
LH:5
BRF:0
BRH:0
end_of_record
TN:
SF:/Users/chelsea.kochan/source/plasma/src/components/SideNavBar/SideNavBar.jsx
FN:13,(anonymous_0)
FN:17,(anonymous_1)
FN:18,(anonymous_2)
FN:31,(anonymous_3)
FNF:4
FNH:3
FNDA:0,(anonymous_0)
FNDA:3,(anonymous_1)
FNDA:9,(anonymous_2)
FNDA:3,(anonymous_3)
DA:14,0
DA:18,3
DA:19,9
DA:32,3
DA:50,1
DA:65,1
LF:6
LH:5
BRDA:14,0,0,0
BRDA:14,0,1,0
BRDA:18,1,0,3
BRDA:18,1,1,3
BRF:4
BRH:2
end_of_record
TN:
SF:/Users/chelsea.kochan/source/plasma/src/components/SideNavBar/SideNavBarItem.jsx
FN:8,(anonymous_0)
FN:12,(anonymous_1)
FN:22,(anonymous_2)
FNF:3
FNH:2
FNDA:0,(anonymous_0)
FNDA:6,(anonymous_1)
FNDA:6,(anonymous_2)
DA:9,0
DA:13,6
DA:15,6
DA:23,6
DA:25,6
DA:32,6
DA:33,0
DA:42,6
DA:53,6
DA:57,1
DA:64,1
DA:85,1
LF:12
LH:10
BRDA:32,0,0,0
BRDA:32,0,1,6
BRDA:38,1,0,0
BRDA:38,1,1,0
BRDA:48,2,0,6
BRDA:48,2,1,0
BRF:6
BRH:2
end_of_record
TN:
SF:/Users/chelsea.kochan/source/plasma/src/components/SideNavBar/SideNavBarItemGroup.jsx
FN:9,(anonymous_0)
FN:17,(anonymous_1)
FN:21,(anonymous_2)
FN:23,(anonymous_3)
FN:55,(anonymous_4)
FN:56,(anonymous_5)
FN:72,(anonymous_6)
FNF:7
FNH:5
FNDA:0,(anonymous_0)
FNDA:0,(anonymous_1)
FNDA:9,(anonymous_2)
FNDA:6,(anonymous_3)
FNDA:9,(anonymous_4)
FNDA:9,(anonymous_5)
FNDA:9,(anonymous_6)
DA:10,0
DA:11,0
DA:13,0
DA:18,0
DA:22,9
DA:23,9
DA:24,3
DA:27,6
DA:40,6
DA:56,9
DA:57,9
DA:69,9
DA:73,9
DA:86,1
DA:91,1
DA:110,1
LF:16
LH:12
BRDA:10,0,0,0
BRDA:10,0,1,0
BRDA:10,1,0,0
BRDA:10,1,1,0
BRDA:23,2,0,3
BRDA:23,2,1,6
BRDA:27,3,0,6
BRDA:27,3,1,0
BRDA:27,3,2,0
BRDA:56,4,0,9
BRDA:56,4,1,6
BRDA:57,5,0,9
BRDA:57,5,1,6
BRF:13
BRH:7
end_of_record
TN:
SF:/Users/chelsea.kochan/source/plasma/src/components/SideNavBar/SideNavBarTop.jsx
FN:7,(anonymous_0)
FNF:1
FNH:1
FNDA:3,(anonymous_0)
DA:7,1
DA:8,3
DA:28,1
LF:3
LH:3
BRF:0
BRH:0
end_of_record
TN:
SF:/Users/chelsea.kochan/source/plasma/src/components/Table/Table.jsx
FN:27,(anonymous_0)
FN:47,(anonymous_1)
FN:51,(anonymous_2)
FN:61,(anonymous_3)
FN:67,(anonymous_4)
FN:71,(anonymous_5)
FN:77,(anonymous_6)
FN:81,(anonymous_7)
FN:85,(anonymous_8)
FN:91,(anonymous_9)
FN:109,(anonymous_10)
FN:117,(anonymous_11)
FN:120,(anonymous_12)
FN:137,(anonymous_13)
FN:141,(anonymous_14)
FN:145,(anonymous_15)
FN:147,(anonymous_16)
FN:164,(anonymous_17)
FN:169,(anonymous_18)
FN:198,(anonymous_19)
FN:258,(anonymous_20)
FN:263,(anonymous_21)
FN:313,(anonymous_22)
FN:347,(anonymous_23)
FN:356,(anonymous_24)
FN:373,(anonymous_25)
FNF:26
FNH:15
FNDA:2,(anonymous_0)
FNDA:2,(anonymous_1)
FNDA:0,(anonymous_2)
FNDA:2,(anonymous_3)
FNDA:0,(anonymous_4)
FNDA:0,(anonymous_5)
FNDA:0,(anonymous_6)
FNDA:0,(anonymous_7)
FNDA:0,(anonymous_8)
FNDA:0,(anonymous_9)
FNDA:2,(anonymous_10)
FNDA:2,(anonymous_11)
FNDA:6,(anonymous_12)
FNDA:0,(anonymous_13)
FNDA:0,(anonymous_14)
FNDA:4,(anonymous_15)
FNDA:12,(anonymous_16)
FNDA:18,(anonymous_17)
FNDA:0,(anonymous_18)
FNDA:4,(anonymous_19)
FNDA:4,(anonymous_20)
FNDA:24,(anonymous_21)
FNDA:8,(anonymous_22)
FNDA:4,(anonymous_23)
FNDA:0,(anonymous_24)
FNDA:6,(anonymous_25)
DA:28,2
DA:29,2
DA:37,2
DA:38,2
DA:39,2
DA:40,2
DA:41,2
DA:42,2
DA:43,2
DA:44,2
DA:48,2
DA:49,0
DA:50,0
DA:51,0
DA:52,0
DA:53,0
DA:55,0
DA:57,2
DA:62,2
DA:63,0
DA:68,0
DA:69,0
DA:70,0
DA:71,0
DA:72,0
DA:73,0
DA:86,0
DA:87,0
DA:88,0
DA:92,0
DA:93,0
DA:94,0
DA:96,0
DA:98,0
DA:99,0
DA:100,0
DA:101,0
DA:103,0
DA:104,0
DA:105,0
DA:112,2
DA:113,2
DA:118,2
DA:119,2
DA:120,2
DA:121,6
DA:122,6
DA:123,6
DA:124,6
DA:125,6
DA:126,0
DA:129,2
DA:130,2
DA:138,0
DA:142,0
DA:146,4
DA:147,4
DA:148,12
DA:149,12
DA:151,12
DA:152,0
DA:154,12
DA:159,12
DA:165,18
DA:166,18
DA:169,0
DA:187,4
DA:211,4
DA:213,4
DA:215,4
DA:216,0
DA:232,4
DA:233,0
DA:249,4
DA:250,2
DA:251,2
DA:254,4
DA:256,4
DA:258,4
DA:259,4
DA:260,4
DA:261,4
DA:263,4
DA:264,24
DA:265,24
DA:266,24
DA:270,24
DA:271,16
DA:272,16
DA:274,8
DA:277,24
DA:278,0
DA:281,24
DA:295,4
DA:310,4
DA:311,4
DA:312,4
DA:313,4
DA:314,8
DA:323,4
DA:340,4
DA:348,4
DA:356,0
DA:373,6
DA:384,1
DA:400,1
DA:408,1
LF:107
LH:71
BRDA:48,0,0,0
BRDA:48,0,1,2
BRDA:62,1,0,0
BRDA:62,1,1,2
BRDA:92,2,0,0
BRDA:92,2,1,0
BRDA:100,3,0,0
BRDA:100,3,1,0
BRDA:100,4,0,0
BRDA:100,4,1,0
BRDA:104,5,0,0
BRDA:104,5,1,0
BRDA:105,6,0,0
BRDA:105,6,1,0
BRDA:112,7,0,2
BRDA:112,7,1,0
BRDA:125,8,0,0
BRDA:125,8,1,6
BRDA:142,9,0,0
BRDA:142,9,1,0
BRDA:145,10,0,4
BRDA:151,11,0,0
BRDA:151,11,1,12
BRDA:151,12,0,12
BRDA:151,12,1,0
BRDA:151,12,2,0
BRDA:165,13,0,18
BRDA:165,13,1,0
BRDA:169,14,0,0
BRDA:169,14,1,0
BRDA:169,14,2,0
BRDA:172,15,0,12
BRDA:172,15,1,0
BRDA:172,15,2,0
BRDA:173,16,0,12
BRDA:173,16,1,0
BRDA:215,17,0,0
BRDA:215,17,1,4
BRDA:232,18,0,0
BRDA:232,18,1,4
BRDA:232,19,0,4
BRDA:232,19,1,0
BRDA:249,20,0,2
BRDA:249,20,1,2
BRDA:266,21,0,24
BRDA:266,21,1,24
BRDA:270,22,0,16
BRDA:270,22,1,8
BRDA:277,23,0,0
BRDA:277,23,1,24
BRDA:310,24,0,4
BRDA:310,24,1,0
BRDA:354,25,0,4
BRDA:354,25,1,0
BRF:54
BRH:22
end_of_record
TN:
SF:/Users/chelsea.kochan/source/plasma/src/components/Tabs/Tabs.jsx
FN:12,(anonymous_0)
FN:16,(anonymous_1)
FN:22,(anonymous_2)
FN:29,(anonymous_3)
FN:36,(anonymous_4)
FN:47,(anonymous_5)
FN:51,(anonymous_6)
FN:52,(anonymous_7)
FN:62,(anonymous_8)
FN:77,(anonymous_9)
FNF:10
FNH:9
FNDA:4,(anonymous_0)
FNDA:2,(anonymous_1)
FNDA:6,(anonymous_2)
FNDA:12,(anonymous_3)
FNDA:12,(anonymous_4)
FNDA:12,(anonymous_5)
FNDA:2,(anonymous_6)
FNDA:2,(anonymous_7)
FNDA:6,(anonymous_8)
FNDA:0,(anonymous_9)
DA:13,4
DA:17,2
DA:18,2
DA:23,6
DA:24,6
DA:25,6
DA:26,6
DA:30,12
DA:31,12
DA:32,12
DA:33,12
DA:37,12
DA:38,12
DA:48,12
DA:51,2
DA:52,2
DA:63,6
DA:75,1
DA:80,1
DA:91,1
LF:20
LH:20
BRDA:17,0,0,2
BRDA:17,0,1,0
BRDA:24,1,0,0
BRDA:24,1,1,6
BRDA:25,2,0,0
BRDA:25,2,1,6
BRDA:31,3,0,0
BRDA:31,3,1,12
BRDA:32,4,0,0
BRDA:32,4,1,12
BRDA:40,5,0,12
BRDA:40,5,1,12
BRF:12
BRH:7
end_of_record
TN:
SF:/Users/chelsea.kochan/source/plasma/src/components/Tag/Tag.jsx
FN:9,(anonymous_0)
FN:22,(anonymous_1)
FN:29,(anonymous_2)
FNF:3
FNH:3
FNDA:1,(anonymous_0)
FNDA:1,(anonymous_1)
FNDA:1,(anonymous_2)
DA:9,1
DA:10,1
DA:11,1
DA:21,1
DA:23,1
DA:25,0
DA:27,1
DA:30,1
DA:32,0
DA:34,1
DA:39,1
LF:11
LH:9
BRDA:9,0,0,1
BRDA:16,1,0,1
BRDA:16,1,1,1
BRDA:23,2,0,0
BRDA:23,2,1,1
BRDA:23,3,0,1
BRDA:23,3,1,1
BRDA:30,4,0,0
BRDA:30,4,1,1
BRDA:30,5,0,1
BRDA:30,5,1,1
BRF:11
BRH:9
end_of_record
TN:
SF:/Users/chelsea.kochan/source/plasma/src/components/Text/Text.jsx
FN:8,(anonymous_0)
FNF:1
FNH:1
FNDA:1,(anonymous_0)
DA:9,1
DA:10,1
DA:22,1
DA:26,1
DA:33,1
LF:5
LH:5
BRF:0
BRH:0
end_of_record
TN:
SF:/Users/chelsea.kochan/source/plasma/src/components/TextArea/TextArea.jsx
FN:10,(anonymous_0)
FN:39,(anonymous_1)
FN:44,(anonymous_2)
FN:50,(anonymous_3)
FNF:4
FNH:4
FNDA:3,(anonymous_0)
FNDA:3,(anonymous_1)
FNDA:1,(anonymous_2)
FNDA:1,(anonymous_3)
DA:23,3
DA:25,3
DA:31,3
DA:36,3
DA:39,3
DA:46,1
DA:48,1
DA:51,1
DA:52,1
DA:63,1
DA:77,1
DA:82,1
LF:12
LH:12
BRDA:39,0,0,3
BRDA:39,0,1,2
BRDA:48,1,0,1
BRDA:48,1,1,1
BRDA:52,2,0,1
BRDA:52,2,1,1
BRF:6
BRH:6
end_of_record
TN:
SF:/Users/chelsea.kochan/source/plasma/src/components/TextArea/autogrow.js
FN:1,(anonymous_0)
FN:9,(anonymous_1)
FN:10,(anonymous_2)
FN:22,(anonymous_3)
FN:37,(anonymous_4)
FNF:5
FNH:4
FNDA:1,(anonymous_0)
FNDA:1,(anonymous_1)
FNDA:2,(anonymous_2)
FNDA:2,(anonymous_3)
FNDA:0,(anonymous_4)
DA:1,1
DA:2,1
DA:3,0
DA:4,1
DA:5,1
DA:7,0
DA:10,1
DA:11,2
DA:13,2
DA:14,2
DA:22,2
DA:23,2
DA:24,2
DA:25,2
DA:27,2
DA:28,4
DA:30,2
DA:37,2
DA:38,0
DA:39,0
DA:40,0
DA:41,0
DA:42,0
DA:44,0
DA:45,0
DA:46,0
DA:47,0
DA:49,0
DA:50,0
DA:53,2
DA:54,2
DA:55,2
DA:56,2
DA:59,2
LF:34
LH:21
BRDA:2,0,0,0
BRDA:2,0,1,1
BRDA:2,1,0,1
BRDA:2,1,1,0
BRDA:4,2,0,1
BRDA:4,2,1,0
BRDA:4,3,0,1
BRDA:4,3,1,1
BRDA:13,4,0,2
BRDA:13,4,1,0
BRDA:40,5,0,0
BRDA:40,5,1,0
BRDA:54,6,0,2
BRDA:54,6,1,0
BRF:14
BRH:7
end_of_record
TN:
SF:/Users/chelsea.kochan/source/plasma/src/components/TextInput/TextInput.jsx
FN:8,(anonymous_0)
FN:45,(anonymous_1)
FN:51,(anonymous_2)
FNF:3
FNH:3
FNDA:3,(anonymous_0)
FNDA:1,(anonymous_1)
FNDA:1,(anonymous_2)
DA:8,1
DA:23,3
DA:28,3
DA:34,3
DA:39,3
DA:47,1
DA:49,1
DA:52,1
DA:53,1
DA:65,1
DA:82,1
DA:87,1
LF:12
LH:12
BRDA:29,0,0,3
BRDA:29,0,1,3
BRDA:35,1,0,3
BRDA:35,1,1,3
BRDA:43,2,0,3
BRDA:43,2,1,3
BRDA:49,3,0,1
BRDA:49,3,1,1
BRDA:53,4,0,1
BRDA:53,4,1,1
BRDA:60,5,0,3
BRDA:60,5,1,3
BRDA:60,5,2,0
BRDA:60,6,0,0
BRDA:60,6,1,0
BRF:15
BRH:12
end_of_record
TN:
SF:/Users/chelsea.kochan/source/plasma/src/components/Toggle/Toggle.jsx
FN:18,(anonymous_0)
FN:22,(anonymous_1)
FN:28,(anonymous_2)
FN:35,(anonymous_3)
FN:48,(anonymous_4)
FN:49,(anonymous_5)
FN:67,(anonymous_6)
FNF:7
FNH:6
FNDA:2,(anonymous_0)
FNDA:1,(anonymous_1)
FNDA:4,(anonymous_2)
FNDA:7,(anonymous_3)
FNDA:1,(anonymous_4)
FNDA:1,(anonymous_5)
FNDA:0,(anonymous_6)
DA:11,1
DA:19,2
DA:23,1
DA:24,1
DA:29,4
DA:36,7
DA:45,7
DA:48,1
DA:49,1
DA:64,1
DA:70,1
DA:83,1
LF:12
LH:12
BRDA:23,0,0,1
BRDA:23,0,1,0
BRDA:37,1,0,7
BRDA:37,1,1,7
BRF:4
BRH:3
end_of_record
TN:
SF:/Users/chelsea.kochan/source/plasma/src/components/Tooltip/Tooltip.jsx
FN:10,(anonymous_0)
FNF:1
FNH:1
FNDA:1,(anonymous_0)
DA:11,1
DA:25,1
DA:30,1
DA:37,1
LF:4
LH:4
BRF:0
BRH:0
end_of_record
TN:
SF:/Users/chelsea.kochan/source/plasma/src/icons/downArrow.js
FNF:0
FNH:0
DA:1,1
LF:1
LH:1
BRF:0
BRH:0
end_of_record
TN:
SF:/Users/chelsea.kochan/source/plasma/src/icons/upArrow.js
FNF:0
FNH:0
DA:1,1
LF:1
LH:1
BRF:0
BRH:0
end_of_record
TN:
SF:/Users/chelsea.kochan/source/plasma/src/tests/setup.js
FN:6,copyProps
FN:8,(anonymous_1)
FN:9,(anonymous_2)
FNF:3
FNH:3
FNDA:25,copyProps
FNDA:5350,(anonymous_1)
FNDA:125,(anonymous_2)
DA:1,25
DA:3,25
DA:4,25
DA:7,25
DA:8,5350
DA:9,125
DA:10,25
DA:13,25
DA:14,25
DA:15,25
DA:18,25
LF:11
LH:11
BRF:0
BRH:0
end_of_record
