TN:
SF:/Users/nick/develop/plasma/src/dataUtils.js
FN:4,(anonymous_0)
FN:6,(anonymous_1)
FN:9,getDataProps
FNF:3
FNH:3
FNDA:45,(anonymous_0)
FNDA:1,(anonymous_1)
FNDA:22,getDataProps
DA:4,20
DA:5,45
DA:6,1
DA:9,20
DA:10,22
LF:5
LH:5
BRDA:5,0,0,44
BRDA:5,0,1,1
BRF:2
BRH:2
end_of_record
TN:
SF:/Users/nick/develop/plasma/src/components/Header/Header.jsx
FN:11,(anonymous_0)
FNF:1
FNH:1
FNDA:1,(anonymous_0)
DA:12,1
DA:23,1
DA:39,2
DA:55,2
DA:57,2
LF:5
LH:5
BRDA:29,0,0,1
BRDA:29,0,1,1
BRDA:31,1,0,1
BRDA:31,1,1,0
BRF:4
BRH:3
end_of_record
TN:
SF:/Users/nick/develop/plasma/src/components/Icon/Icon.jsx
FN:9,(anonymous_0)
FNF:1
FNH:1
FNDA:4,(anonymous_0)
DA:9,2
DA:10,4
DA:20,2
DA:26,2
DA:31,2
LF:5
LH:5
BRF:0
BRH:0
end_of_record
TN:
SF:/Users/nick/develop/plasma/src/components/Image/Image.jsx
FN:10,(anonymous_0)
FNF:1
FNH:1
FNDA:1,(anonymous_0)
DA:11,1
DA:27,1
DA:33,1
DA:41,1
LF:4
LH:4
BRF:0
BRH:0
end_of_record
TN:
SF:/Users/nick/develop/plasma/src/components/Label/Label.jsx
FN:16,(anonymous_0)
FNF:1
FNH:1
FNDA:1,(anonymous_0)
DA:10,1
DA:16,1
DA:24,1
DA:28,1
DA:38,1
DA:45,1
DA:49,1
LF:7
LH:7
BRDA:33,0,0,1
BRDA:33,0,1,1
BRF:2
BRH:2
end_of_record
TN:
SF:/Users/nick/develop/plasma/src/components/Modal/Modal.jsx
FN:11,(anonymous_0)
FNF:1
FNH:1
FNDA:1,(anonymous_0)
DA:12,1
DA:20,1
DA:21,1
DA:22,0
DA:56,1
DA:60,1
DA:62,1
DA:73,1
LF:8
LH:7
BRDA:21,0,0,0
BRDA:21,0,1,1
BRDA:33,1,0,0
BRDA:33,1,1,0
BRDA:41,2,0,0
BRDA:41,2,1,0
BRF:6
BRH:1
end_of_record
TN:
SF:/Users/nick/develop/plasma/src/components/NumberInput/NumberInput.jsx
FN:12,(anonymous_0)
FN:19,(anonymous_1)
FN:26,(anonymous_2)
FN:33,(anonymous_3)
FN:43,(anonymous_4)
FNF:5
FNH:2
FNDA:1,(anonymous_0)
FNDA:0,(anonymous_1)
FNDA:0,(anonymous_2)
FNDA:0,(anonymous_3)
FNDA:1,(anonymous_4)
DA:13,1
DA:14,1
DA:15,1
DA:16,1
DA:20,0
DA:22,0
DA:27,0
DA:29,0
DA:34,0
DA:35,0
DA:39,0
DA:44,1
DA:71,1
DA:83,1
DA:88,1
LF:15
LH:8
BRDA:20,0,0,0
BRDA:20,0,1,0
BRDA:20,1,0,0
BRDA:20,1,1,0
BRDA:27,2,0,0
BRDA:27,2,1,0
BRDA:27,3,0,0
BRDA:27,3,1,0
BRDA:35,4,0,0
BRDA:35,4,1,0
BRDA:36,5,0,0
BRDA:36,5,1,0
BRDA:36,5,2,0
BRDA:36,5,3,0
BRF:14
BRH:0
end_of_record
TN:
SF:/Users/nick/develop/plasma/src/components/OverflowMenu/OverflowMenu.jsx
FN:16,(anonymous_0)
FN:23,(anonymous_1)
FN:27,(anonymous_2)
FN:31,(anonymous_3)
FN:36,(anonymous_4)
FN:52,(anonymous_5)
FN:58,(anonymous_6)
FN:69,(anonymous_7)
FNF:8
FNH:4
FNDA:1,(anonymous_0)
FNDA:0,(anonymous_1)
FNDA:0,(anonymous_2)
FNDA:0,(anonymous_3)
FNDA:1,(anonymous_4)
FNDA:1,(anonymous_5)
FNDA:1,(anonymous_6)
FNDA:0,(anonymous_7)
DA:12,1
DA:17,1
DA:18,1
DA:24,0
DA:28,0
DA:32,0
DA:33,0
DA:37,1
DA:40,1
DA:44,1
DA:52,1
DA:58,1
DA:70,0
DA:86,1
DA:91,1
DA:101,1
LF:16
LH:11
BRDA:41,0,0,1
BRDA:41,0,1,1
BRF:2
BRH:2
end_of_record
TN:
SF:/Users/nick/develop/plasma/src/components/OverflowMenu/OverflowMenuItem.jsx
FN:5,(anonymous_0)
FN:9,(anonymous_1)
FNF:2
FNH:0
FNDA:0,(anonymous_0)
FNDA:0,(anonymous_1)
DA:5,1
DA:6,0
DA:9,0
DA:16,1
DA:22,1
LF:5
LH:3
BRF:0
BRH:0
end_of_record
TN:
SF:/Users/nick/develop/plasma/src/components/RadioButton/RadioButton.jsx
FN:12,(anonymous_0)
FNF:1
FNH:1
FNDA:2,(anonymous_0)
DA:13,2
DA:14,2
DA:18,2
DA:46,1
DA:51,1
DA:61,1
LF:6
LH:6
BRDA:36,0,0,2
BRDA:36,0,1,1
BRF:2
BRH:2
end_of_record
TN:
SF:/Users/nick/develop/plasma/src/components/Rule/Rule.jsx
FN:13,(anonymous_0)
FNF:1
FNH:1
FNDA:1,(anonymous_0)
DA:10,1
DA:14,1
DA:19,1
DA:28,1
DA:32,1
DA:37,1
LF:6
LH:6
BRF:0
BRH:0
end_of_record
TN:
SF:/Users/nick/develop/plasma/src/components/Search/Search.jsx
FN:10,(anonymous_0)
FN:19,(anonymous_1)
FN:27,(anonymous_2)
FN:35,(anonymous_3)
FN:45,(anonymous_4)
FNF:5
FNH:4
FNDA:3,(anonymous_0)
FNDA:0,(anonymous_1)
FNDA:1,(anonymous_2)
FNDA:1,(anonymous_3)
FNDA:6,(anonymous_4)
DA:11,3
DA:12,3
DA:13,3
DA:14,3
DA:20,0
DA:22,0
DA:23,0
DA:28,1
DA:30,1
DA:32,1
DA:36,1
DA:38,1
DA:40,1
DA:41,1
DA:53,6
DA:55,6
DA:93,1
DA:97,1
DA:110,1
LF:19
LH:16
BRDA:22,0,0,0
BRDA:22,0,1,0
BRDA:40,1,0,1
BRDA:40,1,1,0
BRDA:73,2,0,6
BRDA:73,2,1,3
BRDA:73,2,2,3
BRDA:73,2,3,1
BRDA:83,3,0,6
BRDA:83,3,1,0
BRF:10
BRH:6
end_of_record
TN:
SF:/Users/nick/develop/plasma/src/components/SegmentedCard/SegmentedCard.jsx
FN:11,(anonymous_0)
FNF:1
FNH:1
FNDA:1,(anonymous_0)
DA:12,1
DA:16,1
DA:33,1
DA:38,1
DA:45,1
LF:5
LH:5
BRF:0
BRH:0
end_of_record
TN:
SF:/Users/nick/develop/plasma/src/components/SideNavBar/SideNavBar.jsx
FN:13,(anonymous_0)
FN:17,(anonymous_1)
FN:18,(anonymous_2)
FN:31,(anonymous_3)
FNF:4
FNH:3
FNDA:0,(anonymous_0)
FNDA:3,(anonymous_1)
FNDA:9,(anonymous_2)
FNDA:3,(anonymous_3)
DA:14,0
DA:18,3
DA:19,9
DA:32,3
DA:50,1
DA:65,1
LF:6
LH:5
BRDA:14,0,0,0
BRDA:14,0,1,0
BRDA:18,1,0,3
BRDA:18,1,1,3
BRF:4
BRH:2
end_of_record
TN:
SF:/Users/nick/develop/plasma/src/components/SideNavBar/SideNavBarItem.jsx
FN:8,(anonymous_0)
FN:12,(anonymous_1)
FN:22,(anonymous_2)
FNF:3
FNH:2
FNDA:0,(anonymous_0)
FNDA:6,(anonymous_1)
FNDA:6,(anonymous_2)
DA:9,0
DA:13,6
DA:15,6
DA:23,6
DA:25,6
DA:32,6
DA:33,0
DA:41,6
DA:51,6
DA:55,1
DA:61,1
DA:81,1
LF:12
LH:10
BRDA:32,0,0,0
BRDA:32,0,1,6
BRF:2
BRH:1
end_of_record
TN:
SF:/Users/nick/develop/plasma/src/components/SideNavBar/SideNavBarItemGroup.jsx
FN:9,(anonymous_0)
FN:17,(anonymous_1)
FN:21,(anonymous_2)
FN:23,(anonymous_3)
FN:55,(anonymous_4)
FN:56,(anonymous_5)
FN:71,(anonymous_6)
FNF:7
FNH:5
FNDA:0,(anonymous_0)
FNDA:0,(anonymous_1)
FNDA:9,(anonymous_2)
FNDA:6,(anonymous_3)
FNDA:9,(anonymous_4)
FNDA:9,(anonymous_5)
FNDA:9,(anonymous_6)
DA:10,0
DA:11,0
DA:13,0
DA:18,0
DA:22,9
DA:23,9
DA:24,3
DA:27,6
DA:40,6
DA:56,9
DA:57,9
DA:68,9
DA:72,9
DA:85,1
DA:90,1
DA:109,1
LF:16
LH:12
BRDA:10,0,0,0
BRDA:10,0,1,0
BRDA:10,1,0,0
BRDA:10,1,1,0
BRDA:23,2,0,3
BRDA:23,2,1,6
BRDA:27,3,0,6
BRDA:27,3,1,0
BRDA:27,3,2,0
BRDA:56,4,0,9
BRDA:56,4,1,6
BRDA:57,5,0,9
BRDA:57,5,1,6
BRF:13
BRH:7
end_of_record
TN:
SF:/Users/nick/develop/plasma/src/components/SideNavBar/SideNavBarTop.jsx
FN:7,(anonymous_0)
FNF:1
FNH:1
FNDA:3,(anonymous_0)
DA:7,1
DA:8,3
DA:28,1
LF:3
LH:3
BRF:0
BRH:0
end_of_record
TN:
SF:/Users/nick/develop/plasma/src/components/Table/Table.jsx
FN:24,(anonymous_0)
FN:44,(anonymous_1)
FN:48,(anonymous_2)
FN:58,(anonymous_3)
FN:64,(anonymous_4)
FN:68,(anonymous_5)
FN:74,(anonymous_6)
FN:78,(anonymous_7)
FN:82,(anonymous_8)
FN:88,(anonymous_9)
FN:106,(anonymous_10)
FN:114,(anonymous_11)
FN:117,(anonymous_12)
FN:134,(anonymous_13)
FN:138,(anonymous_14)
FN:139,(anonymous_15)
FN:155,(anonymous_16)
FN:188,(anonymous_17)
FN:247,(anonymous_18)
FN:252,(anonymous_19)
FN:302,(anonymous_20)
FN:336,(anonymous_21)
FN:345,(anonymous_22)
FN:362,(anonymous_23)
FNF:24
FNH:15
FNDA:2,(anonymous_0)
FNDA:2,(anonymous_1)
FNDA:0,(anonymous_2)
FNDA:2,(anonymous_3)
FNDA:0,(anonymous_4)
FNDA:0,(anonymous_5)
FNDA:0,(anonymous_6)
FNDA:0,(anonymous_7)
FNDA:0,(anonymous_8)
FNDA:0,(anonymous_9)
FNDA:2,(anonymous_10)
FNDA:2,(anonymous_11)
FNDA:6,(anonymous_12)
FNDA:0,(anonymous_13)
FNDA:4,(anonymous_14)
FNDA:12,(anonymous_15)
FNDA:18,(anonymous_16)
FNDA:4,(anonymous_17)
FNDA:4,(anonymous_18)
FNDA:24,(anonymous_19)
FNDA:8,(anonymous_20)
FNDA:4,(anonymous_21)
FNDA:0,(anonymous_22)
FNDA:6,(anonymous_23)
DA:25,2
DA:26,2
DA:34,2
DA:35,2
DA:36,2
DA:37,2
DA:38,2
DA:39,2
DA:40,2
DA:41,2
DA:45,2
DA:46,0
DA:47,0
DA:48,0
DA:49,0
DA:50,0
DA:52,0
DA:54,2
DA:59,2
DA:60,0
DA:65,0
DA:66,0
DA:67,0
DA:68,0
DA:69,0
DA:70,0
DA:83,0
DA:84,0
DA:85,0
DA:89,0
DA:90,0
DA:91,0
DA:93,0
DA:95,0
DA:96,0
DA:97,0
DA:98,0
DA:100,0
DA:101,0
DA:102,0
DA:109,2
DA:110,2
DA:115,2
DA:116,2
DA:117,2
DA:118,6
DA:119,6
DA:120,6
DA:121,6
DA:122,6
DA:123,0
DA:126,2
DA:127,2
DA:135,0
DA:139,4
DA:140,12
DA:141,12
DA:142,12
DA:143,0
DA:145,12
DA:150,12
DA:156,18
DA:157,18
DA:177,4
DA:201,4
DA:203,4
DA:205,4
DA:206,0
DA:222,4
DA:223,0
DA:239,4
DA:240,2
DA:241,2
DA:244,4
DA:245,4
DA:247,4
DA:248,4
DA:249,4
DA:250,4
DA:252,4
DA:253,24
DA:254,24
DA:255,24
DA:259,24
DA:260,16
DA:261,16
DA:263,8
DA:266,24
DA:267,0
DA:270,24
DA:284,4
DA:299,4
DA:300,4
DA:301,4
DA:302,4
DA:303,8
DA:312,4
DA:329,4
DA:337,4
DA:345,0
DA:362,6
DA:373,1
DA:388,1
DA:396,1
LF:104
LH:70
BRDA:45,0,0,0
BRDA:45,0,1,2
BRDA:59,1,0,0
BRDA:59,1,1,2
BRDA:89,2,0,0
BRDA:89,2,1,0
BRDA:97,3,0,0
BRDA:97,3,1,0
BRDA:97,4,0,0
BRDA:97,4,1,0
BRDA:101,5,0,0
BRDA:101,5,1,0
BRDA:102,6,0,0
BRDA:102,6,1,0
BRDA:109,7,0,2
BRDA:109,7,1,0
BRDA:122,8,0,0
BRDA:122,8,1,6
BRDA:138,9,0,4
BRDA:142,10,0,0
BRDA:142,10,1,12
BRDA:142,11,0,12
BRDA:142,11,1,0
BRDA:142,11,2,0
BRDA:156,12,0,18
BRDA:156,12,1,0
BRDA:160,13,0,12
BRDA:160,13,1,0
BRDA:163,14,0,12
BRDA:163,14,1,0
BRDA:205,15,0,0
BRDA:205,15,1,4
BRDA:222,16,0,0
BRDA:222,16,1,4
BRDA:222,17,0,4
BRDA:222,17,1,0
BRDA:239,18,0,2
BRDA:239,18,1,2
BRDA:255,19,0,24
BRDA:255,19,1,24
BRDA:259,20,0,16
BRDA:259,20,1,8
BRDA:266,21,0,0
BRDA:266,21,1,24
BRDA:299,22,0,4
BRDA:299,22,1,0
BRDA:343,23,0,4
BRDA:343,23,1,0
BRF:48
BRH:22
end_of_record
TN:
SF:/Users/nick/develop/plasma/src/components/Tabs/Tabs.jsx
FN:12,(anonymous_0)
FN:15,(anonymous_1)
FN:20,(anonymous_2)
FN:27,(anonymous_3)
FN:39,(anonymous_4)
FN:40,(anonymous_5)
FN:56,(anonymous_6)
FNF:7
FNH:6
FNDA:4,(anonymous_0)
FNDA:2,(anonymous_1)
FNDA:6,(anonymous_2)
FNDA:12,(anonymous_3)
FNDA:2,(anonymous_4)
FNDA:2,(anonymous_5)
FNDA:0,(anonymous_6)
DA:13,4
DA:16,2
DA:17,2
DA:21,6
DA:28,12
DA:36,12
DA:39,2
DA:40,2
DA:54,1
DA:59,1
DA:70,1
LF:11
LH:11
BRDA:16,0,0,2
BRDA:16,0,1,0
BRDA:30,1,0,12
BRDA:30,1,1,12
BRF:4
BRH:3
end_of_record
TN:
SF:/Users/nick/develop/plasma/src/components/Tag/Tag.jsx
FN:10,(anonymous_0)
FN:23,(anonymous_1)
FN:30,(anonymous_2)
FNF:3
FNH:3
FNDA:1,(anonymous_0)
FNDA:1,(anonymous_1)
FNDA:1,(anonymous_2)
DA:10,1
DA:11,1
DA:12,1
DA:22,1
DA:24,1
DA:26,0
DA:28,1
DA:31,1
DA:33,0
DA:35,1
DA:40,1
LF:11
LH:9
BRDA:10,0,0,1
BRDA:17,1,0,1
BRDA:17,1,1,1
BRDA:24,2,0,0
BRDA:24,2,1,1
BRDA:24,3,0,1
BRDA:24,3,1,1
BRDA:31,4,0,0
BRDA:31,4,1,1
BRDA:31,5,0,1
BRDA:31,5,1,1
BRF:11
BRH:9
end_of_record
TN:
SF:/Users/nick/develop/plasma/src/components/Text/Text.jsx
FN:10,(anonymous_0)
FNF:1
FNH:1
FNDA:1,(anonymous_0)
DA:11,1
DA:23,1
DA:27,1
DA:33,1
LF:4
LH:4
BRF:0
BRH:0
end_of_record
TN:
SF:/Users/nick/develop/plasma/src/components/TextArea/TextArea.jsx
FN:14,(anonymous_0)
FN:32,(anonymous_1)
FN:37,(anonymous_2)
FN:43,(anonymous_3)
FNF:4
FNH:4
FNDA:3,(anonymous_0)
FNDA:3,(anonymous_1)
FNDA:1,(anonymous_2)
FNDA:1,(anonymous_3)
DA:15,3
DA:21,3
DA:26,3
DA:32,3
DA:39,1
DA:41,1
DA:44,1
DA:45,1
DA:55,1
DA:68,1
DA:73,1
LF:11
LH:11
BRDA:32,0,0,3
BRDA:32,0,1,2
BRDA:41,1,0,1
BRDA:41,1,1,1
BRDA:45,2,0,1
BRDA:45,2,1,1
BRF:6
BRH:6
end_of_record
TN:
SF:/Users/nick/develop/plasma/src/components/TextArea/autogrow.js
FN:1,(anonymous_0)
FN:9,(anonymous_1)
FN:10,(anonymous_2)
FN:22,(anonymous_3)
FN:37,(anonymous_4)
FNF:5
FNH:4
FNDA:1,(anonymous_0)
FNDA:1,(anonymous_1)
FNDA:2,(anonymous_2)
FNDA:2,(anonymous_3)
FNDA:0,(anonymous_4)
DA:1,1
DA:2,1
DA:3,0
DA:4,1
DA:5,1
DA:7,0
DA:10,1
DA:11,2
DA:13,2
DA:14,2
DA:22,2
DA:23,2
DA:24,2
DA:25,2
DA:27,2
DA:28,4
DA:30,2
DA:37,2
DA:38,0
DA:39,0
DA:40,0
DA:41,0
DA:42,0
DA:44,0
DA:45,0
DA:46,0
DA:47,0
DA:49,0
DA:50,0
DA:53,2
DA:54,2
DA:55,2
DA:56,2
DA:59,2
LF:34
LH:21
BRDA:2,0,0,0
BRDA:2,0,1,1
BRDA:2,1,0,1
BRDA:2,1,1,0
BRDA:4,2,0,1
BRDA:4,2,1,0
BRDA:4,3,0,1
BRDA:4,3,1,1
BRDA:13,4,0,2
BRDA:13,4,1,0
BRDA:40,5,0,0
BRDA:40,5,1,0
BRDA:54,6,0,2
BRDA:54,6,1,0
BRF:14
BRH:7
end_of_record
TN:
SF:/Users/nick/develop/plasma/src/components/TextInput/TextInput.jsx
FN:11,(anonymous_0)
FN:52,(anonymous_1)
FN:58,(anonymous_2)
FNF:3
FNH:3
FNDA:3,(anonymous_0)
FNDA:1,(anonymous_1)
FNDA:1,(anonymous_2)
DA:11,1
DA:27,3
DA:32,3
DA:38,3
DA:43,3
DA:54,1
DA:56,1
DA:59,1
DA:60,1
DA:74,1
DA:90,1
DA:95,1
LF:12
LH:12
BRDA:33,0,0,3
BRDA:33,0,1,3
BRDA:39,1,0,3
BRDA:39,1,1,3
BRDA:50,2,0,3
BRDA:50,2,1,3
BRDA:56,3,0,1
BRDA:56,3,1,1
BRDA:60,4,0,1
BRDA:60,4,1,1
BRDA:66,5,0,3
BRDA:66,5,1,3
BRDA:66,5,2,0
BRDA:68,6,0,0
BRDA:68,6,1,0
BRF:15
BRH:12
end_of_record
TN:
SF:/Users/nick/develop/plasma/src/components/Toggle/Toggle.jsx
FN:17,(anonymous_0)
FN:21,(anonymous_1)
FN:27,(anonymous_2)
FN:34,(anonymous_3)
FN:46,(anonymous_4)
FN:47,(anonymous_5)
FN:64,(anonymous_6)
FNF:7
FNH:6
FNDA:2,(anonymous_0)
FNDA:1,(anonymous_1)
FNDA:4,(anonymous_2)
FNDA:7,(anonymous_3)
FNDA:1,(anonymous_4)
FNDA:1,(anonymous_5)
FNDA:0,(anonymous_6)
DA:11,1
DA:18,2
DA:22,1
DA:23,1
DA:28,4
DA:35,7
DA:43,7
DA:46,1
DA:47,1
DA:61,1
DA:67,1
DA:80,1
LF:12
LH:12
BRDA:22,0,0,1
BRDA:22,0,1,0
BRDA:36,1,0,7
BRDA:36,1,1,7
BRF:4
BRH:3
end_of_record
TN:
SF:/Users/nick/develop/plasma/src/components/Tooltip/Tooltip.jsx
FN:10,(anonymous_0)
FNF:1
FNH:1
FNDA:1,(anonymous_0)
DA:11,1
DA:25,1
DA:30,1
DA:37,1
LF:4
LH:4
BRF:0
BRH:0
end_of_record
TN:
SF:/Users/nick/develop/plasma/src/tests/setup.js
FN:6,copyProps
FN:8,(anonymous_1)
FN:9,(anonymous_2)
FNF:3
FNH:3
FNDA:20,copyProps
FNDA:4280,(anonymous_1)
FNDA:60,(anonymous_2)
DA:1,20
DA:3,20
DA:4,20
DA:7,20
DA:8,4280
DA:9,60
DA:10,20
DA:13,20
DA:14,20
DA:15,20
DA:18,20
LF:11
LH:11
BRF:0
BRH:0
end_of_record
